2026-05-09 12:51:04,166 [WARNING] 下载 510300.SH 失败: Cannot save file into a non-existent directory: '/home/bange/stock/src/data_etf'
2026-05-09 13:10:07,681 [INFO] ============================================================
2026-05-09 13:10:07,681 [INFO] ETF数据下载任务
2026-05-09 13:10:07,681 [INFO] 当前时间: 2026-05-09 13:10
2026-05-09 13:10:07,681 [INFO] 数据区间: 20240101 ~ 20260509
2026-05-09 13:10:07,681 [INFO] 存储目录: /home/bange/stock/data_etf
2026-05-09 13:10:07,682 [INFO] 策略: 同benchmark只保留成交额最大那只
2026-05-09 13:10:07,682 [INFO] ============================================================
2026-05-09 13:10:08,108 [INFO] 最新交易日: 20260506
2026-05-09 13:10:08,110 [INFO] 获取ETF列表...
2026-05-09 13:10:09,064 [INFO] 2024年前成立的ETF: 1302 只
2026-05-09 13:10:09,065 [INFO] 批量获取每只ETF成交额（并发20）...
2026-05-09 13:10:28,665 [INFO] ============================================================
2026-05-09 13:10:28,666 [INFO] ETF数据下载任务
2026-05-09 13:10:28,666 [INFO] 当前时间: 2026-05-09 13:10
2026-05-09 13:10:28,666 [INFO] 数据区间: 20240101 ~ 20260509
2026-05-09 13:10:28,666 [INFO] 存储目录: /home/bange/stock/data_etf
2026-05-09 13:10:28,666 [INFO] 策略: 同benchmark只保留成交额最大那只
2026-05-09 13:10:28,666 [INFO] ============================================================
2026-05-09 13:10:29,162 [INFO] 最新交易日: 20260506
2026-05-09 13:10:29,164 [INFO] 获取ETF列表...
2026-05-09 13:10:30,005 [INFO] 2024年前成立的ETF: 1302 只
2026-05-09 13:10:30,006 [INFO] 批量获取每只ETF成交额（并发20）...
2026-05-09 13:17:38,753 [INFO] ============================================================
2026-05-09 13:17:38,753 [INFO] ETF数据下载任务
2026-05-09 13:17:38,753 [INFO] 当前时间: 2026-05-09 13:17
2026-05-09 13:17:38,754 [INFO] 数据区间: 20240101 ~ 20260509
2026-05-09 13:17:38,754 [INFO] 存储目录: /home/bange/stock/data_etf
2026-05-09 13:17:38,754 [INFO] 策略: 同benchmark只保留成交额最大那只
2026-05-09 13:17:38,754 [INFO] ============================================================
2026-05-09 13:17:39,276 [INFO] 最新交易日: 20260506
2026-05-09 13:17:39,277 [INFO] 获取ETF列表...
2026-05-09 13:17:40,128 [INFO] 2024年前成立的ETF: 1302 只
2026-05-09 13:17:40,128 [INFO] 批量获取每只ETF成交额（并发30）...
2026-05-09 13:23:49,579 [INFO] ============================================================
2026-05-09 13:23:49,579 [INFO] ETF数据下载任务
2026-05-09 13:23:49,580 [INFO] 当前时间: 2026-05-09 13:23
2026-05-09 13:23:49,580 [INFO] 数据区间: 20240101 ~ 20260509
2026-05-09 13:23:49,580 [INFO] 存储目录: /home/bange/stock/data_etf
2026-05-09 13:23:49,580 [INFO] 策略: 同benchmark只保留成交额最大那只
2026-05-09 13:23:49,580 [INFO] ============================================================
2026-05-09 13:23:50,000 [INFO] 最新交易日: 20260506
2026-05-09 13:23:50,001 [INFO] 获取ETF列表...
2026-05-09 13:23:50,961 [INFO] 2024年前成立的ETF: 1302 只
2026-05-09 13:23:50,962 [INFO] 并发获取每只ETF成交额（15并发）...
2026-05-09 13:24:11,083 [INFO] 获取 1302 只ETF成交额耗时: 391.0 秒
2026-05-09 13:24:11,087 [INFO] 有成交的ETF: 1004 只
2026-05-09 13:24:11,186 [INFO] 按benchmark分组取最大成交额后: 625 只ETF
2026-05-09 13:24:11,187 [INFO] 开始下载 625 只ETF日K线...
2026-05-09 13:24:12,520 [INFO] ============================================================
2026-05-09 13:24:12,520 [INFO] ETF数据下载任务
2026-05-09 13:24:12,520 [INFO] 当前时间: 2026-05-09 13:24
2026-05-09 13:24:12,520 [INFO] 数据区间: 20240101 ~ 20260509
2026-05-09 13:24:12,520 [INFO] 存储目录: /home/bange/stock/data_etf
2026-05-09 13:24:12,520 [INFO] 策略: 同benchmark只保留成交额最大那只
2026-05-09 13:24:12,520 [INFO] ============================================================
2026-05-09 13:24:13,048 [INFO] 最新交易日: 20260506
2026-05-09 13:24:13,049 [INFO] 获取ETF列表...
2026-05-09 13:24:13,908 [INFO] 2024年前成立的ETF: 1302 只
2026-05-09 13:24:13,908 [INFO] 并发获取每只ETF成交额（15并发）...
2026-05-09 13:24:13,940 [INFO] 获取 1302 只ETF成交额耗时: 0.0 秒
2026-05-09 13:24:13,942 [INFO] 有成交的ETF: 0 只
2026-05-09 13:24:13,945 [INFO] 按benchmark分组取最大成交额后: 0 只ETF
2026-05-09 13:24:13,946 [INFO] 开始下载 0 只ETF日K线...
2026-05-09 13:24:13,946 [INFO] ============================================================
2026-05-09 13:24:13,946 [INFO] 下载完成！
2026-05-09 13:24:13,946 [INFO]   总候选ETF: 0 只
2026-05-09 13:24:13,946 [INFO]   成功: 0，失败: 0，跳过(已存在): 0
2026-05-09 13:24:13,946 [INFO]   数据目录: /home/bange/stock/data_etf
2026-05-09 13:24:13,947 [INFO]   ETF列表已保存: /home/bange/stock/data_etf/etf_list.csv
2026-05-09 13:24:50,328 [INFO] 进度: 50/625  成功:50  失败:0  跳过:0
2026-05-09 13:25:26,687 [INFO] 进度: 100/625  成功:100  失败:0  跳过:0
2026-05-09 13:26:01,380 [INFO] 进度: 150/625  成功:150  失败:0  跳过:0
2026-05-09 13:26:38,044 [INFO] 进度: 200/625  成功:200  失败:0  跳过:0
2026-05-09 13:27:17,469 [INFO] 进度: 250/625  成功:250  失败:0  跳过:0
2026-05-09 13:27:41,051 [WARNING] 下载 159876.SZ 失败: 抱歉，您访问接口(fund_daily)频率超限(250次/分钟)，具体频次详情：https://tushare.pro/document/1?doc_id=108。
2026-05-09 13:27:41,553 [WARNING] 下载 159690.SZ 失败: 抱歉，您访问接口(fund_daily)频率超限(250次/分钟)，具体频次详情：https://tushare.pro/document/1?doc_id=108。
2026-05-09 13:27:41,981 [WARNING] 下载 562500.SH 失败: 抱歉，您访问接口(fund_daily)频率超限(250次/分钟)，具体频次详情：https://tushare.pro/document/1?doc_id=108。
2026-05-09 13:27:42,433 [WARNING] 下载 512870.SH 失败: 抱歉，您访问接口(fund_daily)频率超限(250次/分钟)，具体频次详情：https://tushare.pro/document/1?doc_id=108。
2026-05-09 13:27:42,847 [WARNING] 下载 517520.SH 失败: 抱歉，您访问接口(fund_daily)频率超限(250次/分钟)，具体频次详情：https://tushare.pro/document/1?doc_id=108。
2026-05-09 13:27:43,284 [WARNING] 下载 517990.SH 失败: 抱歉，您访问接口(fund_daily)频率超限(250次/分钟)，具体频次详情：https://tushare.pro/document/1?doc_id=108。
2026-05-09 13:27:56,088 [INFO] 进度: 300/625  成功:294  失败:6  跳过:0
2026-05-09 13:28:03,850 [INFO] ============================================================
2026-05-09 13:28:03,850 [INFO] ETF数据下载任务
2026-05-09 13:28:03,850 [INFO] 当前时间: 2026-05-09 13:28
2026-05-09 13:28:03,851 [INFO] 数据区间: 20240101 ~ 20260509
2026-05-09 13:28:03,851 [INFO] 存储目录: /home/bange/stock/data_etf
2026-05-09 13:28:03,851 [INFO] 策略: 同benchmark只保留成交额最大那只
2026-05-09 13:28:03,851 [INFO] ============================================================
2026-05-09 13:28:04,372 [INFO] 最新交易日: 20260506
2026-05-09 13:28:04,373 [INFO] 获取ETF列表...
2026-05-09 13:28:05,189 [INFO] 2024年前成立的ETF: 1302 只
2026-05-09 13:28:05,190 [INFO] 并发获取每只ETF成交额（15并发）...
2026-05-09 13:28:05,213 [INFO] 获取 1302 只ETF成交额耗时: 0.0 秒
2026-05-09 13:28:05,216 [INFO] 有成交的ETF: 0 只
2026-05-09 13:28:05,219 [INFO] 按benchmark分组取最大成交额后: 0 只ETF
2026-05-09 13:28:05,219 [INFO] 开始下载 0 只ETF日K线...
2026-05-09 13:28:05,219 [INFO] ============================================================
2026-05-09 13:28:05,219 [INFO] 下载完成！
2026-05-09 13:28:05,219 [INFO]   总候选ETF: 0 只
2026-05-09 13:28:05,219 [INFO]   成功: 0，失败: 0，跳过(已存在): 0
2026-05-09 13:28:05,219 [INFO]   数据目录: /home/bange/stock/data_etf
2026-05-09 13:28:05,221 [INFO]   ETF列表已保存: /home/bange/stock/data_etf/etf_list.csv
2026-05-09 13:28:35,991 [INFO] 进度: 350/625  成功:344  失败:6  跳过:0
2026-05-09 13:29:15,868 [INFO] 进度: 400/625  成功:394  失败:6  跳过:0
2026-05-09 13:29:55,641 [INFO] 进度: 450/625  成功:444  失败:6  跳过:0
2026-05-09 13:30:20,643 [INFO] ============================================================
2026-05-09 13:30:20,643 [INFO] ETF数据下载任务
2026-05-09 13:30:20,643 [INFO] 当前时间: 2026-05-09 13:30
2026-05-09 13:30:20,643 [INFO] 数据区间: 20240101 ~ 20260509
2026-05-09 13:30:20,643 [INFO] 存储目录: /home/bange/stock/data_etf
2026-05-09 13:30:20,643 [INFO] 策略: 同benchmark只保留成交额最大那只
2026-05-09 13:30:20,643 [INFO] ============================================================
2026-05-09 13:30:21,058 [INFO] 最新交易日: 20260506
2026-05-09 13:30:21,059 [INFO] 获取ETF列表...
2026-05-09 13:30:22,020 [INFO] 2024年前成立的ETF: 1302 只
2026-05-09 13:30:22,020 [INFO] 并发获取每只ETF成交额（3并发）...
2026-05-09 13:30:22,083 [INFO] 获取 1302 只ETF成交额耗时: 0.1 秒
2026-05-09 13:30:22,086 [INFO] 有成交的ETF: 0 只
2026-05-09 13:30:22,089 [INFO] 按benchmark分组取最大成交额后: 0 只ETF
2026-05-09 13:30:22,089 [INFO] 开始下载 0 只ETF日K线...
2026-05-09 13:30:22,090 [INFO] ============================================================
2026-05-09 13:30:22,090 [INFO] 下载完成！
2026-05-09 13:30:22,090 [INFO]   总候选ETF: 0 只
2026-05-09 13:30:22,090 [INFO]   成功: 0，失败: 0，跳过(已存在): 0
2026-05-09 13:30:22,090 [INFO]   数据目录: /home/bange/stock/data_etf
2026-05-09 13:30:22,091 [INFO]   ETF列表已保存: /home/bange/stock/data_etf/etf_list.csv
2026-05-09 13:30:32,360 [INFO] 进度: 500/625  成功:494  失败:6  跳过:0
2026-05-09 13:31:14,502 [INFO] ============================================================
2026-05-09 13:31:14,502 [INFO] ETF数据下载任务
2026-05-09 13:31:14,502 [INFO] 当前时间: 2026-05-09 13:31
2026-05-09 13:31:14,502 [INFO] 数据区间: 20240101 ~ 20260509
2026-05-09 13:31:14,502 [INFO] 存储目录: /home/bange/stock/data_etf
2026-05-09 13:31:14,503 [INFO] 策略: 同benchmark只保留成交额最大那只
2026-05-09 13:31:14,503 [INFO] ============================================================
2026-05-09 13:31:14,910 [INFO] 最新交易日: 20260506
2026-05-09 13:31:14,912 [INFO] 获取ETF列表...
2026-05-09 13:31:15,844 [INFO] 2024年前成立的ETF: 1302 只
2026-05-09 13:31:15,845 [INFO] 并发获取每只ETF成交额（3并发）...
2026-05-09 13:31:16,763 [INFO] 进度: 550/625  成功:544  失败:6  跳过:0
2026-05-09 13:31:39,743 [WARNING] 下载 160615.SZ 失败: 抱歉，您访问接口(fund_daily)频率超限(250次/分钟)，具体频次详情：https://tushare.pro/document/1?doc_id=108。
2026-05-09 13:31:40,169 [WARNING] 下载 515300.SH 失败: 抱歉，您访问接口(fund_daily)频率超限(250次/分钟)，具体频次详情：https://tushare.pro/document/1?doc_id=108。
2026-05-09 13:31:40,681 [WARNING] 下载 512530.SH 失败: 抱歉，您访问接口(fund_daily)频率超限(250次/分钟)，具体频次详情：https://tushare.pro/document/1?doc_id=108。
2026-05-09 13:31:42,243 [WARNING] 下载 513080.SH 失败: 抱歉，您访问接口(fund_daily)频率超限(250次/分钟)，具体频次详情：https://tushare.pro/document/1?doc_id=108。
2026-05-09 13:31:42,664 [WARNING] 下载 159005.SZ 失败: 抱歉，您访问接口(fund_daily)频率超限(250次/分钟)，具体频次详情：https://tushare.pro/document/1?doc_id=108。
2026-05-09 13:31:43,124 [WARNING] 下载 159901.SZ 失败: 抱歉，您访问接口(fund_daily)频率超限(250次/分钟)，具体频次详情：https://tushare.pro/document/1?doc_id=108。
2026-05-09 13:31:43,621 [WARNING] 下载 159961.SZ 失败: 抱歉，您访问接口(fund_daily)频率超限(250次/分钟)，具体频次详情：https://tushare.pro/document/1?doc_id=108。
2026-05-09 13:31:59,843 [INFO] 进度: 600/625  成功:587  失败:13  跳过:0
2026-05-09 13:32:16,641 [WARNING] 下载 159518.SZ 失败: 抱歉，您访问接口(fund_daily)频率超限(250次/分钟)，具体频次详情：https://tushare.pro/document/1?doc_id=108。
2026-05-09 13:32:17,145 [WARNING] 下载 159501.SZ 失败: 抱歉，您访问接口(fund_daily)频率超限(250次/分钟)，具体频次详情：https://tushare.pro/document/1?doc_id=108。
2026-05-09 13:32:17,602 [WARNING] 下载 159747.SZ 失败: 抱歉，您访问接口(fund_daily)频率超限(250次/分钟)，具体频次详情：https://tushare.pro/document/1?doc_id=108。
2026-05-09 13:32:18,007 [WARNING] 下载 501302.SH 失败: 抱歉，您访问接口(fund_daily)频率超限(250次/分钟)，具体频次详情：https://tushare.pro/document/1?doc_id=108。
2026-05-09 13:32:18,447 [WARNING] 下载 159691.SZ 失败: 抱歉，您访问接口(fund_daily)频率超限(250次/分钟)，具体频次详情：https://tushare.pro/document/1?doc_id=108。
2026-05-09 13:32:18,919 [WARNING] 下载 501225.SH 失败: 抱歉，您访问接口(fund_daily)频率超限(250次/分钟)，具体频次详情：https://tushare.pro/document/1?doc_id=108。
2026-05-09 13:32:20,725 [WARNING] 下载 160140.SZ 失败: 抱歉，您访问接口(fund_daily)频率超限(250次/分钟)，具体频次详情：https://tushare.pro/document/1?doc_id=108。
2026-05-09 13:32:20,726 [INFO] ============================================================
2026-05-09 13:32:20,726 [INFO] 下载完成！
2026-05-09 13:32:20,726 [INFO]   总候选ETF: 625 只
2026-05-09 13:32:20,727 [INFO]   成功: 605，失败: 20，跳过(已存在): 0
2026-05-09 13:32:20,727 [INFO]   数据目录: /home/bange/stock/data_etf
2026-05-09 13:32:20,745 [INFO]   ETF列表已保存: /home/bange/stock/data_etf/etf_list.csv
2026-05-09 13:34:57,986 [INFO] 获取 1302 只ETF成交额耗时: 222.1 秒
2026-05-09 13:34:57,989 [INFO] 有成交的ETF: 825 只
2026-05-09 13:34:58,078 [INFO] 按benchmark分组取最大成交额后: 541 只ETF
2026-05-09 13:34:58,078 [INFO] 开始下载 541 只ETF日K线...
2026-05-09 13:35:36,189 [INFO] 进度: 250/541  成功:48  失败:0  跳过:202
2026-05-09 13:36:14,034 [INFO] ============================================================
2026-05-09 13:36:14,034 [INFO] 下载完成！
2026-05-09 13:36:14,034 [INFO]   总候选ETF: 541 只
2026-05-09 13:36:14,035 [INFO]   成功: 95，失败: 0，跳过(已存在): 446
2026-05-09 13:36:14,035 [INFO]   数据目录: /home/bange/stock/data_etf
2026-05-09 13:36:14,037 [INFO]   ETF列表已保存: /home/bange/stock/data_etf/etf_list.csv
2026-05-09 13:36:32,872 [INFO] 获取 1302 只ETF成交额耗时: 1562.9 秒
2026-05-09 13:36:33,156 [INFO] 有成交的ETF: 1148 只
2026-05-09 13:36:33,659 [INFO] 按benchmark分组取最大成交额后: 702 只ETF
2026-05-09 13:36:33,682 [INFO] 开始下载 702 只ETF日K线...
2026-05-09 13:38:21,801 [INFO] 进度: 500/702  成功:88  失败:0  跳过:412
2026-05-09 13:38:40,563 [INFO] 进度: 650/702  成功:102  失败:0  跳过:548
2026-05-09 13:38:51,258 [INFO] ============================================================
2026-05-09 13:38:51,258 [INFO] 下载完成！
2026-05-09 13:38:51,258 [INFO]   总候选ETF: 702 只
2026-05-09 13:38:51,258 [INFO]   成功: 111，失败: 0，跳过(已存在): 591
2026-05-09 13:38:51,258 [INFO]   数据目录: /home/bange/stock/data_etf
2026-05-09 13:38:51,262 [INFO]   ETF列表已保存: /home/bange/stock/data_etf/etf_list.csv
2026-05-11 10:58:12,230 [INFO] ============================================================
2026-05-11 10:58:12,230 [INFO] ETF数据下载任务
2026-05-11 10:58:12,230 [INFO] 当前时间: 2026-05-11 10:58
2026-05-11 10:58:12,231 [INFO] 数据区间: 20240101 ~ 20260511
2026-05-11 10:58:12,231 [INFO] 存储目录: /home/bange/stock/data_etf
2026-05-11 10:58:12,231 [INFO] 策略: 同benchmark只保留成交额最大那只
2026-05-11 10:58:12,231 [INFO] ============================================================
2026-05-11 10:58:12,735 [INFO] 最新交易日: 20260507
2026-05-11 10:58:12,736 [INFO] 获取ETF列表...
2026-05-11 10:58:13,607 [INFO] 2024年前成立的ETF: 1302 只
2026-05-11 10:58:13,607 [INFO] 并发获取每只ETF成交额（3并发）...
2026-05-11 11:01:28,209 [INFO] 获取 1302 只ETF成交额耗时: 194.6 秒
2026-05-11 11:01:28,212 [INFO] 有成交的ETF: 862 只
2026-05-11 11:01:28,292 [INFO] 按benchmark分组取最大成交额后: 546 只ETF
2026-05-11 11:01:28,293 [INFO] 开始下载 546 只ETF日K线...
2026-05-11 11:01:28,709 [WARNING] 下载 160515.SZ 失败: 抱歉，您访问接口(fund_daily)频率超限(250次/分钟)，具体频次详情：https://tushare.pro/document/1?doc_id=108。
2026-05-11 11:01:29,144 [WARNING] 下载 511650.SH 失败: 抱歉，您访问接口(fund_daily)频率超限(250次/分钟)，具体频次详情：https://tushare.pro/document/1?doc_id=108。
2026-05-11 11:01:29,585 [WARNING] 下载 518800.SH 失败: 抱歉，您访问接口(fund_daily)频率超限(250次/分钟)，具体频次详情：https://tushare.pro/document/1?doc_id=108。
2026-05-11 11:01:30,020 [WARNING] 下载 510680.SH 失败: 抱歉，您访问接口(fund_daily)频率超限(250次/分钟)，具体频次详情：https://tushare.pro/document/1?doc_id=108。
2026-05-11 11:01:30,424 [WARNING] 下载 511010.SH 失败: 抱歉，您访问接口(fund_daily)频率超限(250次/分钟)，具体频次详情：https://tushare.pro/document/1?doc_id=108。
2026-05-11 11:01:30,851 [WARNING] 下载 510630.SH 失败: 抱歉，您访问接口(fund_daily)频率超限(250次/分钟)，具体频次详情：https://tushare.pro/document/1?doc_id=108。
2026-05-11 11:01:31,324 [WARNING] 下载 510660.SH 失败: 抱歉，您访问接口(fund_daily)频率超限(250次/分钟)，具体频次详情：https://tushare.pro/document/1?doc_id=108。
2026-05-11 11:01:31,743 [WARNING] 下载 510650.SH 失败: 抱歉，您访问接口(fund_daily)频率超限(250次/分钟)，具体频次详情：https://tushare.pro/document/1?doc_id=108。
2026-05-11 11:01:52,146 [INFO] 进度: 500/546  成功:33  失败:8  跳过:459
2026-05-11 11:01:55,390 [INFO] ============================================================
2026-05-11 11:01:55,391 [INFO] 下载完成！
2026-05-11 11:01:55,391 [INFO]   总候选ETF: 546 只
2026-05-11 11:01:55,391 [INFO]   成功: 38，失败: 8，跳过(已存在): 500
2026-05-11 11:01:55,391 [INFO]   数据目录: /home/bange/stock/data_etf
2026-05-11 11:01:55,393 [INFO]   ETF列表已保存: /home/bange/stock/data_etf/etf_list.csv
2026-05-11 11:02:28,971 [INFO] ============================================================
2026-05-11 11:02:28,971 [INFO] ETF数据下载任务
2026-05-11 11:02:28,971 [INFO] 当前时间: 2026-05-11 11:02
2026-05-11 11:02:28,971 [INFO] 数据区间: 20240101 ~ 20260511
2026-05-11 11:02:28,971 [INFO] 存储目录: /home/bange/stock/data_etf
2026-05-11 11:02:28,971 [INFO] 策略: 同benchmark只保留成交额最大那只
2026-05-11 11:02:28,972 [INFO] ============================================================
2026-05-11 11:02:30,415 [INFO] 最新交易日: 20260507
2026-05-11 11:02:30,417 [INFO] 获取ETF列表...
2026-05-11 11:02:31,382 [INFO] 2024年前成立的ETF: 1302 只
2026-05-11 11:02:31,382 [INFO] 并发获取每只ETF成交额（3并发）...
2026-05-11 11:05:45,491 [INFO] 获取 1302 只ETF成交额耗时: 194.1 秒
2026-05-11 11:05:45,495 [INFO] 有成交的ETF: 836 只
2026-05-11 11:05:45,576 [INFO] 按benchmark分组取最大成交额后: 514 只ETF
2026-05-11 11:05:45,576 [INFO] 开始下载 514 只ETF日K线...
2026-05-11 11:05:49,879 [INFO] 进度: 100/514  成功:7  失败:0  跳过:93
2026-05-11 11:06:12,314 [INFO] ============================================================
2026-05-11 11:06:12,314 [INFO] 下载完成！
2026-05-11 11:06:12,314 [INFO]   总候选ETF: 514 只
2026-05-11 11:06:12,314 [INFO]   成功: 44，失败: 0，跳过(已存在): 470
2026-05-11 11:06:12,314 [INFO]   数据目录: /home/bange/stock/data_etf
2026-05-11 11:06:12,316 [INFO]   ETF列表已保存: /home/bange/stock/data_etf/etf_list.csv
2026-05-11 11:33:44,297 [INFO] ============================================================
2026-05-11 11:33:44,298 [INFO] ETF数据下载任务
2026-05-11 11:33:44,299 [INFO] 当前时间: 2026-05-11 11:33
2026-05-11 11:33:44,299 [INFO] 数据区间: 20240101 ~ 20260511
2026-05-11 11:33:44,299 [INFO] 存储目录: /home/bange/stock/data_etf
2026-05-11 11:33:44,299 [INFO] 策略: 同benchmark只保留成交额最大那只
2026-05-11 11:33:44,299 [INFO] ============================================================
2026-05-11 11:33:44,722 [INFO] 最新交易日: 20260507
2026-05-11 11:33:44,724 [INFO] 获取ETF列表...
2026-05-11 11:33:45,661 [INFO] 2024年前成立的ETF: 1302 只
2026-05-11 11:33:45,661 [INFO] 并发获取每只ETF成交额（3并发）...
2026-05-11 11:37:01,785 [INFO] 获取 1302 只ETF成交额耗时: 196.1 秒
2026-05-11 11:37:02,112 [INFO] 有成交的ETF: 850 只
2026-05-11 11:37:02,351 [INFO] 按benchmark分组取最大成交额后: 525 只ETF
2026-05-11 11:37:02,353 [INFO] 开始下载 525 只ETF日K线...
2026-05-11 11:37:37,552 [INFO] 进度: 50/525  成功:50  失败:0  跳过:0
2026-05-11 11:38:11,000 [INFO] 进度: 100/525  成功:100  失败:0  跳过:0
2026-05-11 11:38:43,162 [INFO] 进度: 150/525  成功:150  失败:0  跳过:0
2026-05-11 11:39:15,835 [INFO] 进度: 200/525  成功:200  失败:0  跳过:0
2026-05-11 11:39:48,400 [INFO] 进度: 250/525  成功:250  失败:0  跳过:0
2026-05-11 11:40:21,938 [INFO] 进度: 300/525  成功:300  失败:0  跳过:0
2026-05-11 11:40:53,324 [INFO] 进度: 350/525  成功:350  失败:0  跳过:0
2026-05-11 11:41:27,160 [INFO] 进度: 400/525  成功:400  失败:0  跳过:0
2026-05-11 11:41:59,793 [INFO] 进度: 450/525  成功:450  失败:0  跳过:0
2026-05-11 11:42:29,186 [INFO] 进度: 500/525  成功:500  失败:0  跳过:0
2026-05-11 11:42:45,685 [INFO] ============================================================
2026-05-11 11:42:45,686 [INFO] 下载完成！
2026-05-11 11:42:45,686 [INFO]   总候选ETF: 525 只
2026-05-11 11:42:45,686 [INFO]   成功: 525，失败: 0，跳过(已存在): 0
2026-05-11 11:42:45,686 [INFO]   数据目录: /home/bange/stock/data_etf
2026-05-11 11:42:45,688 [INFO]   ETF列表已保存: /home/bange/stock/data_etf/etf_list.csv
2026-05-11 13:12:09,952 [INFO] ============================================================
2026-05-11 13:12:09,953 [INFO] ETF数据下载任务
2026-05-11 13:12:09,953 [INFO] 当前时间: 2026-05-11 13:12
2026-05-11 13:12:09,954 [INFO] 数据区间: 20240101 ~ 20260511
2026-05-11 13:12:09,954 [INFO] 存储目录: /home/bange/stock/data_etf
2026-05-11 13:12:09,954 [INFO] 策略: 同benchmark只保留成交额最大那只
2026-05-11 13:12:09,954 [INFO] ============================================================
2026-05-11 13:12:10,431 [INFO] 最新交易日: 20260507
2026-05-11 13:12:10,432 [INFO] 获取ETF列表...
2026-05-11 13:12:11,253 [INFO] 2024年前成立的ETF: 1302 只
2026-05-11 13:12:11,253 [INFO] 并发获取每只ETF成交额（3并发）...
2026-05-11 13:15:47,434 [INFO] 获取 1302 只ETF成交额耗时: 216.2 秒
2026-05-11 13:15:47,579 [INFO] 有成交的ETF: 967 只
2026-05-11 13:15:47,882 [INFO] 按benchmark分组取最大成交额后: 603 只ETF
2026-05-11 13:15:47,884 [INFO] 开始下载 603 只ETF日K线...
2026-05-11 13:17:39,644 [INFO] 进度: 250/603  成功:143  失败:0  跳过:107
2026-05-11 13:18:24,727 [INFO] 进度: 350/603  成功:196  失败:0  跳过:154
2026-05-11 13:19:28,409 [INFO] 进度: 500/603  成功:279  失败:0  跳过:221
2026-05-11 13:19:42,993 [INFO] 进度: 550/603  成功:299  失败:0  跳过:251
2026-05-11 13:20:01,152 [INFO] ============================================================
2026-05-11 13:20:01,152 [INFO] 下载完成！
2026-05-11 13:20:01,152 [INFO]   总候选ETF: 603 只
2026-05-11 13:20:01,152 [INFO]   成功: 324，失败: 0，跳过(已存在): 279
2026-05-11 13:20:01,152 [INFO]   数据目录: /home/bange/stock/data_etf
2026-05-11 13:20:01,155 [INFO]   ETF列表已保存: /home/bange/stock/data_etf/etf_list.csv
2026-05-11 13:45:53,848 [INFO] ============================================================
2026-05-11 13:45:53,849 [INFO] ETF数据下载任务
2026-05-11 13:45:53,849 [INFO] 当前时间: 2026-05-11 13:45
2026-05-11 13:45:53,849 [INFO] 数据区间: 20240101 ~ 20260511
2026-05-11 13:45:53,850 [INFO] 存储目录: /home/bange/stock/data_etf
2026-05-11 13:45:53,850 [INFO] 策略: 同benchmark只保留成交额最大那只
2026-05-11 13:45:53,850 [INFO] ============================================================
2026-05-11 13:45:54,289 [INFO] 最新交易日: 20260507
2026-05-11 13:45:54,291 [INFO] 获取ETF列表...
2026-05-11 13:45:55,129 [INFO] 2024年前成立的ETF: 1302 只
2026-05-11 13:45:55,129 [INFO] 并发获取每只ETF成交额（3并发）...
2026-05-11 13:49:25,037 [INFO] 获取 1302 只ETF成交额耗时: 209.9 秒
2026-05-11 13:49:25,041 [INFO] 有成交的ETF: 920 只
2026-05-11 13:49:25,128 [INFO] 按benchmark分组取最大成交额后: 567 只ETF
2026-05-11 13:49:25,129 [INFO] 开始下载 567 只ETF日K线...
2026-05-11 13:50:03,428 [INFO] 进度: 50/567  成功:50  失败:0  跳过:0
2026-05-11 13:50:34,368 [INFO] 进度: 100/567  成功:100  失败:0  跳过:0
2026-05-11 13:51:13,170 [INFO] 进度: 150/567  成功:150  失败:0  跳过:0
2026-05-11 13:51:51,895 [INFO] 进度: 200/567  成功:200  失败:0  跳过:0
2026-05-11 13:52:29,165 [INFO] 进度: 250/567  成功:250  失败:0  跳过:0
2026-05-11 13:52:56,864 [INFO] ============================================================
2026-05-11 13:52:56,865 [INFO] ETF数据下载任务
2026-05-11 13:52:56,865 [INFO] 当前时间: 2026-05-11 13:52
2026-05-11 13:52:56,865 [INFO] 数据区间: 20240101 ~ 20260511
2026-05-11 13:52:56,865 [INFO] 存储目录: /home/bange/stock/data_etf
2026-05-11 13:52:56,865 [INFO] 策略: 同benchmark只保留成交额最大那只
2026-05-11 13:52:56,865 [INFO] ============================================================
2026-05-11 13:52:57,300 [INFO] 最新交易日: 20260507
2026-05-11 13:52:57,302 [INFO] 获取ETF列表...
2026-05-11 13:52:58,275 [INFO] 2024年前成立的ETF: 1302 只
2026-05-11 13:52:58,275 [INFO] 并发获取每只ETF成交额（3并发）...
2026-05-11 13:53:10,119 [INFO] 进度: 300/567  成功:300  失败:0  跳过:0
2026-05-11 13:53:32,364 [WARNING] 下载 516640.SH 失败: 抱歉，您访问接口(fund_daily)频率超限(250次/分钟)，具体频次详情：https://tushare.pro/document/1?doc_id=108。
2026-05-11 13:53:32,798 [WARNING] 下载 159786.SZ 失败: 抱歉，您访问接口(fund_daily)频率超限(250次/分钟)，具体频次详情：https://tushare.pro/document/1?doc_id=108。
2026-05-11 13:53:33,261 [WARNING] 下载 516320.SH 失败: 抱歉，您访问接口(fund_daily)频率超限(250次/分钟)，具体频次详情：https://tushare.pro/document/1?doc_id=108。
2026-05-11 13:53:34,788 [WARNING] 下载 512720.SH 失败: 抱歉，您访问接口(fund_daily)频率超限(250次/分钟)，具体频次详情：https://tushare.pro/document/1?doc_id=108。
2026-05-11 13:53:35,195 [WARNING] 下载 159692.SZ 失败: 抱歉，您访问接口(fund_daily)频率超限(250次/分钟)，具体频次详情：https://tushare.pro/document/1?doc_id=108。
2026-05-11 13:53:35,668 [WARNING] 下载 516980.SH 失败: 抱歉，您访问接口(fund_daily)频率超限(250次/分钟)，具体频次详情：https://tushare.pro/document/1?doc_id=108。
2026-05-11 13:53:36,143 [WARNING] 下载 159872.SZ 失败: 抱歉，您访问接口(fund_daily)频率超限(250次/分钟)，具体频次详情：https://tushare.pro/document/1?doc_id=108。
2026-05-11 13:53:36,568 [WARNING] 下载 159852.SZ 失败: 抱歉，您访问接口(fund_daily)频率超限(250次/分钟)，具体频次详情：https://tushare.pro/document/1?doc_id=108。
2026-05-11 13:53:37,001 [WARNING] 下载 159511.SZ 失败: 抱歉，您访问接口(fund_daily)频率超限(250次/分钟)，具体频次详情：https://tushare.pro/document/1?doc_id=108。
2026-05-11 13:53:37,455 [WARNING] 下载 512690.SH 失败: 抱歉，您访问接口(fund_daily)频率超限(250次/分钟)，具体频次详情：https://tushare.pro/document/1?doc_id=108。
2026-05-11 13:53:37,916 [WARNING] 下载 159931.SZ 失败: 抱歉，您访问接口(fund_daily)频率超限(250次/分钟)，具体频次详情：https://tushare.pro/document/1?doc_id=108。
2026-05-11 13:53:38,369 [WARNING] 下载 159851.SZ 失败: 抱歉，您访问接口(fund_daily)频率超限(250次/分钟)，具体频次详情：https://tushare.pro/document/1?doc_id=108。
2026-05-11 13:53:38,822 [WARNING] 下载 512800.SH 失败: 抱歉，您访问接口(fund_daily)频率超限(250次/分钟)，具体频次详情：https://tushare.pro/document/1?doc_id=108。
2026-05-11 13:53:39,277 [WARNING] 下载 516310.SH 失败: 抱歉，您访问接口(fund_daily)频率超限(250次/分钟)，具体频次详情：https://tushare.pro/document/1?doc_id=108。
2026-05-11 13:53:40,886 [WARNING] 下载 161029.SZ 失败: 抱歉，您访问接口(fund_daily)频率超限(250次/分钟)，具体频次详情：https://tushare.pro/document/1?doc_id=108。
2026-05-11 13:53:41,318 [WARNING] 下载 512750.SH 失败: 抱歉，您访问接口(fund_daily)频率超限(250次/分钟)，具体频次详情：https://tushare.pro/document/1?doc_id=108。
2026-05-11 13:53:41,802 [WARNING] 下载 160716.SZ 失败: 抱歉，您访问接口(fund_daily)频率超限(250次/分钟)，具体频次详情：https://tushare.pro/document/1?doc_id=108。
2026-05-11 13:53:42,289 [WARNING] 下载 512650.SH 失败: 抱歉，您访问接口(fund_daily)频率超限(250次/分钟)，具体频次详情：https://tushare.pro/document/1?doc_id=108。
2026-05-11 13:53:42,699 [WARNING] 下载 513310.SH 失败: 抱歉，您访问接口(fund_daily)频率超限(250次/分钟)，具体频次详情：https://tushare.pro/document/1?doc_id=108。
2026-05-11 13:53:43,103 [WARNING] 下载 159736.SZ 失败: 抱歉，您访问接口(fund_daily)频率超限(250次/分钟)，具体频次详情：https://tushare.pro/document/1?doc_id=108。
2026-05-11 13:53:43,511 [WARNING] 下载 501209.SH 失败: 抱歉，您访问接口(fund_daily)频率超限(250次/分钟)，具体频次详情：https://tushare.pro/document/1?doc_id=108。
2026-05-11 13:53:44,030 [WARNING] 下载 513810.SH 失败: 抱歉，您访问接口(fund_daily)频率超限(250次/分钟)，具体频次详情：https://tushare.pro/document/1?doc_id=108。
2026-05-11 13:53:44,533 [WARNING] 下载 159519.SZ 失败: 抱歉，您访问接口(fund_daily)频率超限(250次/分钟)，具体频次详情：https://tushare.pro/document/1?doc_id=108。
2026-05-11 13:53:44,936 [WARNING] 下载 501025.SH 失败: 抱歉，您访问接口(fund_daily)频率超限(250次/分钟)，具体频次详情：https://tushare.pro/document/1?doc_id=108。
2026-05-11 13:53:44,936 [INFO] 进度: 350/567  成功:326  失败:24  跳过:0
2026-05-11 13:53:45,500 [WARNING] 下载 161037.SZ 失败: 抱歉，您访问接口(fund_daily)频率超限(250次/分钟)，具体频次详情：https://tushare.pro/document/1?doc_id=108。
2026-05-11 13:53:45,915 [WARNING] 下载 159638.SZ 失败: 抱歉，您访问接口(fund_daily)频率超限(250次/分钟)，具体频次详情：https://tushare.pro/document/1?doc_id=108。
2026-05-11 13:53:46,313 [WARNING] 下载 160717.SZ 失败: 抱歉，您访问接口(fund_daily)频率超限(250次/分钟)，具体频次详情：https://tushare.pro/document/1?doc_id=108。
2026-05-11 13:53:47,516 [WARNING] 下载 161831.SZ 失败: 抱歉，您访问接口(fund_daily)频率超限(250次/分钟)，具体频次详情：https://tushare.pro/document/1?doc_id=108。
2026-05-11 13:53:47,963 [WARNING] 下载 511950.SH 失败: 抱歉，您访问接口(fund_daily)频率超限(250次/分钟)，具体频次详情：https://tushare.pro/document/1?doc_id=108。
2026-05-11 13:53:48,601 [WARNING] 下载 511850.SH 失败: 抱歉，您访问接口(fund_daily)频率超限(250次/分钟)，具体频次详情：https://tushare.pro/document/1?doc_id=108。
2026-05-11 13:53:49,362 [WARNING] 下载 159699.SZ 失败: 抱歉，您访问接口(fund_daily)频率超限(250次/分钟)，具体频次详情：https://tushare.pro/document/1?doc_id=108。
2026-05-11 13:53:49,877 [WARNING] 下载 501303.SH 失败: 抱歉，您访问接口(fund_daily)频率超限(250次/分钟)，具体频次详情：https://tushare.pro/document/1?doc_id=108。
2026-05-11 13:53:50,293 [WARNING] 下载 162719.SZ 失败: 抱歉，您访问接口(fund_daily)频率超限(250次/分钟)，具体频次详情：https://tushare.pro/document/1?doc_id=108。
2026-05-11 13:53:50,715 [WARNING] 下载 161116.SZ 失败: 抱歉，您访问接口(fund_daily)频率超限(250次/分钟)，具体频次详情：https://tushare.pro/document/1?doc_id=108。
2026-05-11 13:53:51,130 [WARNING] 下载 160719.SZ 失败: 抱歉，您访问接口(fund_daily)频率超限(250次/分钟)，具体频次详情：https://tushare.pro/document/1?doc_id=108。
2026-05-11 13:53:51,572 [WARNING] 下载 164701.SZ 失败: 抱歉，您访问接口(fund_daily)频率超限(250次/分钟)，具体频次详情：https://tushare.pro/document/1?doc_id=108。
2026-05-11 13:53:51,978 [WARNING] 下载 513300.SH 失败: 抱歉，您访问接口(fund_daily)频率超限(250次/分钟)，具体频次详情：https://tushare.pro/document/1?doc_id=108。
2026-05-11 13:53:52,478 [WARNING] 下载 159836.SZ 失败: 抱歉，您访问接口(fund_daily)频率超限(250次/分钟)，具体频次详情：https://tushare.pro/document/1?doc_id=108。
2026-05-11 13:53:52,900 [WARNING] 下载 159949.SZ 失败: 抱歉，您访问接口(fund_daily)频率超限(250次/分钟)，具体频次详情：https://tushare.pro/document/1?doc_id=108。
2026-05-11 13:53:53,358 [WARNING] 下载 159573.SZ 失败: 抱歉，您访问接口(fund_daily)频率超限(250次/分钟)，具体频次详情：https://tushare.pro/document/1?doc_id=108。
2026-05-11 13:53:53,892 [WARNING] 下载 159966.SZ 失败: 抱歉，您访问接口(fund_daily)频率超限(250次/分钟)，具体频次详情：https://tushare.pro/document/1?doc_id=108。
2026-05-11 13:53:54,330 [WARNING] 下载 159967.SZ 失败: 抱歉，您访问接口(fund_daily)频率超限(250次/分钟)，具体频次详情：https://tushare.pro/document/1?doc_id=108。
2026-05-11 13:53:54,826 [WARNING] 下载 159915.SZ 失败: 抱歉，您访问接口(fund_daily)频率超限(250次/分钟)，具体频次详情：https://tushare.pro/document/1?doc_id=108。
2026-05-11 13:53:55,349 [WARNING] 下载 159952.SZ 失败: 抱歉，您访问接口(fund_daily)频率超限(250次/分钟)，具体频次详情：https://tushare.pro/document/1?doc_id=108。
2026-05-11 13:53:55,791 [WARNING] 下载 162720.SZ 失败: 抱歉，您访问接口(fund_daily)频率超限(250次/分钟)，具体频次详情：https://tushare.pro/document/1?doc_id=108。
2026-05-11 13:53:56,252 [WARNING] 下载 160223.SZ 失败: 抱歉，您访问接口(fund_daily)频率超限(250次/分钟)，具体频次详情：https://tushare.pro/document/1?doc_id=108。
2026-05-11 13:53:56,735 [WARNING] 下载 159773.SZ 失败: 抱歉，您访问接口(fund_daily)频率超限(250次/分钟)，具体频次详情：https://tushare.pro/document/1?doc_id=108。
2026-05-11 13:54:19,183 [INFO] 进度: 400/567  成功:353  失败:47  跳过:0
2026-05-11 13:54:33,122 [WARNING] 下载 513060.SH 失败: 抱歉，您访问接口(fund_daily)频率超限(250次/分钟)，具体频次详情：https://tushare.pro/document/1?doc_id=108。
2026-05-11 13:54:33,617 [WARNING] 下载 160924.SZ 失败: 抱歉，您访问接口(fund_daily)频率超限(250次/分钟)，具体频次详情：https://tushare.pro/document/1?doc_id=108。
2026-05-11 13:54:34,162 [WARNING] 下载 517380.SH 失败: 抱歉，您访问接口(fund_daily)频率超限(250次/分钟)，具体频次详情：https://tushare.pro/document/1?doc_id=108。
2026-05-11 13:54:34,679 [WARNING] 下载 167302.SZ 失败: 抱歉，您访问接口(fund_daily)频率超限(250次/分钟)，具体频次详情：https://tushare.pro/document/1?doc_id=108。
2026-05-11 13:54:35,195 [WARNING] 下载 513970.SH 失败: 抱歉，您访问接口(fund_daily)频率超限(250次/分钟)，具体频次详情：https://tushare.pro/document/1?doc_id=108。
2026-05-11 13:54:35,637 [WARNING] 下载 513920.SH 失败: 抱歉，您访问接口(fund_daily)频率超限(250次/分钟)，具体频次详情：https://tushare.pro/document/1?doc_id=108。
2026-05-11 13:54:36,044 [WARNING] 下载 159506.SZ 失败: 抱歉，您访问接口(fund_daily)频率超限(250次/分钟)，具体频次详情：https://tushare.pro/document/1?doc_id=108。
2026-05-11 13:54:36,478 [WARNING] 下载 501311.SH 失败: 抱歉，您访问接口(fund_daily)频率超限(250次/分钟)，具体频次详情：https://tushare.pro/document/1?doc_id=108。
2026-05-11 13:54:36,937 [WARNING] 下载 513950.SH 失败: 抱歉，您访问接口(fund_daily)频率超限(250次/分钟)，具体频次详情：https://tushare.pro/document/1?doc_id=108。
2026-05-11 13:54:37,351 [WARNING] 下载 513690.SH 失败: 抱歉，您访问接口(fund_daily)频率超限(250次/分钟)，具体频次详情：https://tushare.pro/document/1?doc_id=108。
2026-05-11 13:54:37,885 [WARNING] 下载 159892.SZ 失败: 抱歉，您访问接口(fund_daily)频率超限(250次/分钟)，具体频次详情：https://tushare.pro/document/1?doc_id=108。
2026-05-11 13:54:38,357 [WARNING] 下载 159740.SZ 失败: 抱歉，您访问接口(fund_daily)频率超限(250次/分钟)，具体频次详情：https://tushare.pro/document/1?doc_id=108。
2026-05-11 13:54:38,810 [WARNING] 下载 513180.SH 失败: 抱歉，您访问接口(fund_daily)频率超限(250次/分钟)，具体频次详情：https://tushare.pro/document/1?doc_id=108。
2026-05-11 13:54:39,259 [WARNING] 下载 159742.SZ 失败: 抱歉，您访问接口(fund_daily)频率超限(250次/分钟)，具体频次详情：https://tushare.pro/document/1?doc_id=108。
2026-05-11 13:54:40,055 [WARNING] 下载 161124.SZ 失败: 抱歉，您访问接口(fund_daily)频率超限(250次/分钟)，具体频次详情：https://tushare.pro/document/1?doc_id=108。
2026-05-11 13:54:40,513 [WARNING] 下载 160322.SZ 失败: 抱歉，您访问接口(fund_daily)频率超限(250次/分钟)，具体频次详情：https://tushare.pro/document/1?doc_id=108。
2026-05-11 13:54:40,917 [WARNING] 下载 513730.SH 失败: 抱歉，您访问接口(fund_daily)频率超限(250次/分钟)，具体频次详情：https://tushare.pro/document/1?doc_id=108。
2026-05-11 13:54:41,360 [WARNING] 下载 513000.SH 失败: 抱歉，您访问接口(fund_daily)频率超限(250次/分钟)，具体频次详情：https://tushare.pro/document/1?doc_id=108。
2026-05-11 13:54:41,837 [WARNING] 下载 513520.SH 失败: 抱歉，您访问接口(fund_daily)频率超限(250次/分钟)，具体频次详情：https://tushare.pro/document/1?doc_id=108。
2026-05-11 13:54:43,413 [WARNING] 下载 180401.SZ 失败: 抱歉，您访问接口(fund_daily)频率超限(250次/分钟)，具体频次详情：https://tushare.pro/document/1?doc_id=108。
2026-05-11 13:54:43,835 [WARNING] 下载 161128.SZ 失败: 抱歉，您访问接口(fund_daily)频率超限(250次/分钟)，具体频次详情：https://tushare.pro/document/1?doc_id=108。
2026-05-11 13:54:44,244 [WARNING] 下载 161126.SZ 失败: 抱歉，您访问接口(fund_daily)频率超限(250次/分钟)，具体频次详情：https://tushare.pro/document/1?doc_id=108。
2026-05-11 13:54:44,689 [WARNING] 下载 513500.SH 失败: 抱歉，您访问接口(fund_daily)频率超限(250次/分钟)，具体频次详情：https://tushare.pro/document/1?doc_id=108。
2026-05-11 13:54:45,163 [WARNING] 下载 161125.SZ 失败: 抱歉，您访问接口(fund_daily)频率超限(250次/分钟)，具体频次详情：https://tushare.pro/document/1?doc_id=108。
2026-05-11 13:54:45,737 [WARNING] 下载 513650.SH 失败: 抱歉，您访问接口(fund_daily)频率超限(250次/分钟)，具体频次详情：https://tushare.pro/document/1?doc_id=108。
2026-05-11 13:54:46,228 [WARNING] 下载 562060.SH 失败: 抱歉，您访问接口(fund_daily)频率超限(250次/分钟)，具体频次详情：https://tushare.pro/document/1?doc_id=108。
2026-05-11 13:54:47,819 [WARNING] 下载 501029.SH 失败: 抱歉，您访问接口(fund_daily)频率超限(250次/分钟)，具体频次详情：https://tushare.pro/document/1?doc_id=108。
2026-05-11 13:54:48,224 [WARNING] 下载 161216.SZ 失败: 抱歉，您访问接口(fund_daily)频率超限(250次/分钟)，具体频次详情：https://tushare.pro/document/1?doc_id=108。
2026-05-11 13:54:48,627 [WARNING] 下载 159822.SZ 失败: 抱歉，您访问接口(fund_daily)频率超限(250次/分钟)，具体频次详情：https://tushare.pro/document/1?doc_id=108。
2026-05-11 13:54:49,061 [WARNING] 下载 160416.SZ 失败: 抱歉，您访问接口(fund_daily)频率超限(250次/分钟)，具体频次详情：https://tushare.pro/document/1?doc_id=108。
2026-05-11 13:54:49,496 [WARNING] 下载 501310.SH 失败: 抱歉，您访问接口(fund_daily)频率超限(250次/分钟)，具体频次详情：https://tushare.pro/document/1?doc_id=108。
2026-05-11 13:54:50,016 [WARNING] 下载 513630.SH 失败: 抱歉，您访问接口(fund_daily)频率超限(250次/分钟)，具体频次详情：https://tushare.pro/document/1?doc_id=108。
2026-05-11 13:54:50,016 [INFO] 进度: 450/567  成功:371  失败:79  跳过:0
2026-05-11 13:54:50,433 [WARNING] 下载 161127.SZ 失败: 抱歉，您访问接口(fund_daily)频率超限(250次/分钟)，具体频次详情：https://tushare.pro/document/1?doc_id=108。
2026-05-11 13:54:50,955 [WARNING] 下载 162411.SZ 失败: 抱歉，您访问接口(fund_daily)频率超限(250次/分钟)，具体频次详情：https://tushare.pro/document/1?doc_id=108。
2026-05-11 13:54:51,364 [WARNING] 下载 513350.SH 失败: 抱歉，您访问接口(fund_daily)频率超限(250次/分钟)，具体频次详情：https://tushare.pro/document/1?doc_id=108。
2026-05-11 13:54:51,781 [WARNING] 下载 163208.SZ 失败: 抱歉，您访问接口(fund_daily)频率超限(250次/分钟)，具体频次详情：https://tushare.pro/document/1?doc_id=108。
2026-05-11 13:54:52,272 [WARNING] 下载 161129.SZ 失败: 抱歉，您访问接口(fund_daily)频率超限(250次/分钟)，具体频次详情：https://tushare.pro/document/1?doc_id=108。
2026-05-11 13:54:52,717 [WARNING] 下载 161815.SZ 失败: 抱歉，您访问接口(fund_daily)频率超限(250次/分钟)，具体频次详情：https://tushare.pro/document/1?doc_id=108。
2026-05-11 13:54:53,122 [WARNING] 下载 560180.SH 失败: 抱歉，您访问接口(fund_daily)频率超限(250次/分钟)，具体频次详情：https://tushare.pro/document/1?doc_id=108。
2026-05-11 13:54:53,632 [WARNING] 下载 516830.SH 失败: 抱歉，您访问接口(fund_daily)频率超限(250次/分钟)，具体频次详情：https://tushare.pro/document/1?doc_id=108。
2026-05-11 13:54:54,047 [WARNING] 下载 562320.SH 失败: 抱歉，您访问接口(fund_daily)频率超限(250次/分钟)，具体频次详情：https://tushare.pro/document/1?doc_id=108。
2026-05-11 13:54:54,511 [WARNING] 下载 512010.SH 失败: 抱歉，您访问接口(fund_daily)频率超限(250次/分钟)，具体频次详情：https://tushare.pro/document/1?doc_id=108。
2026-05-11 13:54:55,024 [WARNING] 下载 562310.SH 失败: 抱歉，您访问接口(fund_daily)频率超限(250次/分钟)，具体频次详情：https://tushare.pro/document/1?doc_id=108。
2026-05-11 13:54:55,438 [WARNING] 下载 510300.SH 失败: 抱歉，您访问接口(fund_daily)频率超限(250次/分钟)，具体频次详情：https://tushare.pro/document/1?doc_id=108。
2026-05-11 13:54:55,839 [WARNING] 下载 163402.SZ 失败: 抱歉，您访问接口(fund_daily)频率超限(250次/分钟)，具体频次详情：https://tushare.pro/document/1?doc_id=108。
2026-05-11 13:54:56,255 [WARNING] 下载 163801.SZ 失败: 抱歉，您访问接口(fund_daily)频率超限(250次/分钟)，具体频次详情：https://tushare.pro/document/1?doc_id=108。
2026-05-11 13:54:56,665 [WARNING] 下载 162607.SZ 失败: 抱歉，您访问接口(fund_daily)频率超限(250次/分钟)，具体频次详情：https://tushare.pro/document/1?doc_id=108。
2026-05-11 13:54:57,073 [WARNING] 下载 163415.SZ 失败: 抱歉，您访问接口(fund_daily)频率超限(250次/分钟)，具体频次详情：https://tushare.pro/document/1?doc_id=108。
2026-05-11 13:54:57,474 [WARNING] 下载 162605.SZ 失败: 抱歉，您访问接口(fund_daily)频率超限(250次/分钟)，具体频次详情：https://tushare.pro/document/1?doc_id=108。
2026-05-11 13:54:58,004 [WARNING] 下载 163407.SZ 失败: 抱歉，您访问接口(fund_daily)频率超限(250次/分钟)，具体频次详情：https://tushare.pro/document/1?doc_id=108。
2026-05-11 13:55:20,220 [INFO] 进度: 500/567  成功:403  失败:97  跳过:0
2026-05-11 13:55:31,592 [WARNING] 下载 515300.SH 失败: 抱歉，您访问接口(fund_daily)频率超限(250次/分钟)，具体频次详情：https://tushare.pro/document/1?doc_id=108。
2026-05-11 13:55:32,093 [WARNING] 下载 512530.SH 失败: 抱歉，您访问接口(fund_daily)频率超限(250次/分钟)，具体频次详情：https://tushare.pro/document/1?doc_id=108。
2026-05-11 13:55:33,692 [WARNING] 下载 159933.SZ 失败: 抱歉，您访问接口(fund_daily)频率超限(250次/分钟)，具体频次详情：https://tushare.pro/document/1?doc_id=108。
2026-05-11 13:55:34,107 [WARNING] 下载 511880.SH 失败: 抱歉，您访问接口(fund_daily)频率超限(250次/分钟)，具体频次详情：https://tushare.pro/document/1?doc_id=108。
2026-05-11 13:55:34,515 [WARNING] 下载 159001.SZ 失败: 抱歉，您访问接口(fund_daily)频率超限(250次/分钟)，具体频次详情：https://tushare.pro/document/1?doc_id=108。
2026-05-11 13:55:34,966 [WARNING] 下载 159901.SZ 失败: 抱歉，您访问接口(fund_daily)频率超限(250次/分钟)，具体频次详情：https://tushare.pro/document/1?doc_id=108。
2026-05-11 13:55:35,505 [WARNING] 下载 159961.SZ 失败: 抱歉，您访问接口(fund_daily)频率超限(250次/分钟)，具体频次详情：https://tushare.pro/document/1?doc_id=108。
2026-05-11 13:55:35,919 [WARNING] 下载 161812.SZ 失败: 抱歉，您访问接口(fund_daily)频率超限(250次/分钟)，具体频次详情：https://tushare.pro/document/1?doc_id=108。
2026-05-11 13:55:36,356 [WARNING] 下载 159576.SZ 失败: 抱歉，您访问接口(fund_daily)频率超限(250次/分钟)，具体频次详情：https://tushare.pro/document/1?doc_id=108。
2026-05-11 13:55:36,799 [WARNING] 下载 159913.SZ 失败: 抱歉，您访问接口(fund_daily)频率超限(250次/分钟)，具体频次详情：https://tushare.pro/document/1?doc_id=108。
2026-05-11 13:55:37,204 [WARNING] 下载 159912.SZ 失败: 抱歉，您访问接口(fund_daily)频率超限(250次/分钟)，具体频次详情：https://tushare.pro/document/1?doc_id=108。
2026-05-11 13:55:37,608 [WARNING] 下载 159350.SZ 失败: 抱歉，您访问接口(fund_daily)频率超限(250次/分钟)，具体频次详情：https://tushare.pro/document/1?doc_id=108。
2026-05-11 13:55:38,087 [WARNING] 下载 159909.SZ 失败: 抱歉，您访问接口(fund_daily)频率超限(250次/分钟)，具体频次详情：https://tushare.pro/document/1?doc_id=108。
2026-05-11 13:55:38,492 [WARNING] 下载 159910.SZ 失败: 抱歉，您访问接口(fund_daily)频率超限(250次/分钟)，具体频次详情：https://tushare.pro/document/1?doc_id=108。
2026-05-11 13:55:38,929 [WARNING] 下载 159916.SZ 失败: 抱歉，您访问接口(fund_daily)频率超限(250次/分钟)，具体频次详情：https://tushare.pro/document/1?doc_id=108。
2026-05-11 13:55:39,459 [WARNING] 下载 159903.SZ 失败: 抱歉，您访问接口(fund_daily)频率超限(250次/分钟)，具体频次详情：https://tushare.pro/document/1?doc_id=108。
2026-05-11 13:55:39,878 [WARNING] 下载 163109.SZ 失败: 抱歉，您访问接口(fund_daily)频率超限(250次/分钟)，具体频次详情：https://tushare.pro/document/1?doc_id=108。
2026-05-11 13:55:40,394 [WARNING] 下载 159906.SZ 失败: 抱歉，您访问接口(fund_daily)频率超限(250次/分钟)，具体频次详情：https://tushare.pro/document/1?doc_id=108。
2026-05-11 13:55:40,817 [WARNING] 下载 159709.SZ 失败: 抱歉，您访问接口(fund_daily)频率超限(250次/分钟)，具体频次详情：https://tushare.pro/document/1?doc_id=108。
2026-05-11 13:55:41,243 [WARNING] 下载 159905.SZ 失败: 抱歉，您访问接口(fund_daily)频率超限(250次/分钟)，具体频次详情：https://tushare.pro/document/1?doc_id=108。
2026-05-11 13:55:41,775 [WARNING] 下载 159708.SZ 失败: 抱歉，您访问接口(fund_daily)频率超限(250次/分钟)，具体频次详情：https://tushare.pro/document/1?doc_id=108。
2026-05-11 13:55:42,213 [WARNING] 下载 513100.SH 失败: 抱歉，您访问接口(fund_daily)频率超限(250次/分钟)，具体频次详情：https://tushare.pro/document/1?doc_id=108。
2026-05-11 13:55:42,690 [WARNING] 下载 513110.SH 失败: 抱歉，您访问接口(fund_daily)频率超限(250次/分钟)，具体频次详情：https://tushare.pro/document/1?doc_id=108。
2026-05-11 13:55:43,156 [WARNING] 下载 161130.SZ 失败: 抱歉，您访问接口(fund_daily)频率超限(250次/分钟)，具体频次详情：https://tushare.pro/document/1?doc_id=108。
2026-05-11 13:55:43,703 [WARNING] 下载 513390.SH 失败: 抱歉，您访问接口(fund_daily)频率超限(250次/分钟)，具体频次详情：https://tushare.pro/document/1?doc_id=108。
2026-05-11 13:55:44,134 [WARNING] 下载 159632.SZ 失败: 抱歉，您访问接口(fund_daily)频率超限(250次/分钟)，具体频次详情：https://tushare.pro/document/1?doc_id=108。
2026-05-11 13:55:44,651 [WARNING] 下载 159659.SZ 失败: 抱歉，您访问接口(fund_daily)频率超限(250次/分钟)，具体频次详情：https://tushare.pro/document/1?doc_id=108。
2026-05-11 13:55:45,114 [WARNING] 下载 159509.SZ 失败: 抱歉，您访问接口(fund_daily)频率超限(250次/分钟)，具体频次详情：https://tushare.pro/document/1?doc_id=108。
2026-05-11 13:55:45,551 [WARNING] 下载 501301.SH 失败: 抱歉，您访问接口(fund_daily)频率超限(250次/分钟)，具体频次详情：https://tushare.pro/document/1?doc_id=108。
2026-05-11 13:55:46,012 [WARNING] 下载 160125.SZ 失败: 抱歉，您访问接口(fund_daily)频率超限(250次/分钟)，具体频次详情：https://tushare.pro/document/1?doc_id=108。
2026-05-11 13:55:46,486 [WARNING] 下载 164705.SZ 失败: 抱歉，您访问接口(fund_daily)频率超限(250次/分钟)，具体频次详情：https://tushare.pro/document/1?doc_id=108。
2026-05-11 13:55:46,936 [WARNING] 下载 513280.SH 失败: 抱歉，您访问接口(fund_daily)频率超限(250次/分钟)，具体频次详情：https://tushare.pro/document/1?doc_id=108。
2026-05-11 13:55:46,936 [INFO] 进度: 550/567  成功:421  失败:129  跳过:0
2026-05-11 13:55:47,356 [WARNING] 下载 513260.SH 失败: 抱歉，您访问接口(fund_daily)频率超限(250次/分钟)，具体频次详情：https://tushare.pro/document/1?doc_id=108。
2026-05-11 13:55:47,841 [WARNING] 下载 501021.SH 失败: 抱歉，您访问接口(fund_daily)频率超限(250次/分钟)，具体频次详情：https://tushare.pro/document/1?doc_id=108。
2026-05-11 13:55:51,424 [WARNING] 下载 159660.SZ 失败: 抱歉，您访问接口(fund_daily)频率超限(250次/分钟)，具体频次详情：https://tushare.pro/document/1?doc_id=108。
2026-05-11 13:55:51,858 [WARNING] 下载 501312.SH 失败: 抱歉，您访问接口(fund_daily)频率超限(250次/分钟)，具体频次详情：https://tushare.pro/document/1?doc_id=108。
2026-05-11 13:55:52,321 [WARNING] 下载 513290.SH 失败: 抱歉，您访问接口(fund_daily)频率超限(250次/分钟)，具体频次详情：https://tushare.pro/document/1?doc_id=108。
2026-05-11 13:55:52,816 [WARNING] 下载 513190.SH 失败: 抱歉，您访问接口(fund_daily)频率超限(250次/分钟)，具体频次详情：https://tushare.pro/document/1?doc_id=108。
2026-05-11 13:55:53,254 [WARNING] 下载 159655.SZ 失败: 抱歉，您访问接口(fund_daily)频率超限(250次/分钟)，具体频次详情：https://tushare.pro/document/1?doc_id=108。
2026-05-11 13:55:53,662 [WARNING] 下载 159502.SZ 失败: 抱歉，您访问接口(fund_daily)频率超限(250次/分钟)，具体频次详情：https://tushare.pro/document/1?doc_id=108。
2026-05-11 13:55:54,135 [WARNING] 下载 159518.SZ 失败: 抱歉，您访问接口(fund_daily)频率超限(250次/分钟)，具体频次详情：https://tushare.pro/document/1?doc_id=108。
2026-05-11 13:55:54,537 [WARNING] 下载 159501.SZ 失败: 抱歉，您访问接口(fund_daily)频率超限(250次/分钟)，具体频次详情：https://tushare.pro/document/1?doc_id=108。
2026-05-11 13:55:54,947 [WARNING] 下载 159747.SZ 失败: 抱歉，您访问接口(fund_daily)频率超限(250次/分钟)，具体频次详情：https://tushare.pro/document/1?doc_id=108。
2026-05-11 13:55:55,416 [WARNING] 下载 159687.SZ 失败: 抱歉，您访问接口(fund_daily)频率超限(250次/分钟)，具体频次详情：https://tushare.pro/document/1?doc_id=108。
2026-05-11 13:55:55,820 [WARNING] 下载 501302.SH 失败: 抱歉，您访问接口(fund_daily)频率超限(250次/分钟)，具体频次详情：https://tushare.pro/document/1?doc_id=108。
2026-05-11 13:55:56,273 [WARNING] 下载 159691.SZ 失败: 抱歉，您访问接口(fund_daily)频率超限(250次/分钟)，具体频次详情：https://tushare.pro/document/1?doc_id=108。
2026-05-11 13:55:56,736 [WARNING] 下载 501225.SH 失败: 抱歉，您访问接口(fund_daily)频率超限(250次/分钟)，具体频次详情：https://tushare.pro/document/1?doc_id=108。
2026-05-11 13:55:57,229 [WARNING] 下载 160140.SZ 失败: 抱歉，您访问接口(fund_daily)频率超限(250次/分钟)，具体频次详情：https://tushare.pro/document/1?doc_id=108。
2026-05-11 13:55:57,692 [WARNING] 下载 511910.SH 失败: 抱歉，您访问接口(fund_daily)频率超限(250次/分钟)，具体频次详情：https://tushare.pro/document/1?doc_id=108。
2026-05-11 13:55:57,692 [INFO] ============================================================
2026-05-11 13:55:57,692 [INFO] 下载完成！
2026-05-11 13:55:57,692 [INFO]   总候选ETF: 567 只
2026-05-11 13:55:57,692 [INFO]   成功: 421，失败: 146，跳过(已存在): 0
2026-05-11 13:55:57,692 [INFO]   数据目录: /home/bange/stock/data_etf
2026-05-11 13:55:57,697 [INFO]   ETF列表已保存: /home/bange/stock/data_etf/etf_list.csv
2026-05-11 13:56:29,922 [INFO] 获取 1302 只ETF成交额耗时: 211.6 秒
2026-05-11 13:56:29,926 [INFO] 有成交的ETF: 793 只
2026-05-11 13:56:30,001 [INFO] 按benchmark分组取最大成交额后: 505 只ETF
2026-05-11 13:56:30,001 [INFO] 开始下载 505 只ETF日K线...
2026-05-11 13:56:37,603 [INFO] 进度: 150/505  成功:9  失败:0  跳过:141
2026-05-11 13:56:57,878 [INFO] 进度: 300/505  成功:32  失败:0  跳过:268
2026-05-11 13:57:48,687 [INFO] 进度: 400/505  成功:96  失败:0  跳过:304
2026-05-11 13:58:35,923 [INFO] 进度: 500/505  成功:153  失败:0  跳过:347
2026-05-11 13:58:40,681 [INFO] ============================================================
2026-05-11 13:58:40,681 [INFO] 下载完成！
2026-05-11 13:58:40,682 [INFO]   总候选ETF: 505 只
2026-05-11 13:58:40,682 [INFO]   成功: 158，失败: 0，跳过(已存在): 347
2026-05-11 13:58:40,682 [INFO]   数据目录: /home/bange/stock/data_etf
2026-05-11 13:58:40,684 [INFO]   ETF列表已保存: /home/bange/stock/data_etf/etf_list.csv
2026-05-11 14:36:57,555 [INFO] ============================================================
2026-05-11 14:36:57,556 [INFO] ETF数据下载任务
2026-05-11 14:36:57,556 [INFO] 当前时间: 2026-05-11 14:36
2026-05-11 14:36:57,556 [INFO] 数据区间: 20240101 ~ 20260511
2026-05-11 14:36:57,556 [INFO] 存储目录: /home/bange/stock/data_etf
2026-05-11 14:36:57,556 [INFO] 策略: 同benchmark只保留成交额最大那只
2026-05-11 14:36:57,556 [INFO] ============================================================
2026-05-11 14:36:57,965 [INFO] 最新交易日: 20260507
2026-05-11 14:36:57,966 [INFO] 获取ETF列表...
2026-05-11 14:36:58,789 [INFO] 2024年前成立的ETF: 1302 只
2026-05-11 14:36:58,789 [INFO] 并发获取每只ETF成交额（3并发）...
2026-05-11 14:40:39,430 [INFO] 获取 1302 只ETF成交额耗时: 220.6 秒
2026-05-11 14:40:39,433 [INFO] 有成交的ETF: 940 只
2026-05-11 14:40:39,525 [INFO] 按benchmark分组取最大成交额后: 594 只ETF
2026-05-11 14:40:39,525 [INFO] 开始下载 594 只ETF日K线...
2026-05-11 14:41:36,068 [INFO] 进度: 150/594  成功:76  失败:0  跳过:74
2026-05-11 14:41:55,470 [INFO] 进度: 200/594  成功:102  失败:0  跳过:98
2026-05-11 14:42:12,541 [INFO] 进度: 250/594  成功:122  失败:0  跳过:128
2026-05-11 14:42:58,284 [INFO] 进度: 350/594  成功:174  失败:0  跳过:176
2026-05-11 14:43:20,351 [INFO] 进度: 400/594  成功:201  失败:0  跳过:199
2026-05-11 14:44:02,516 [INFO] 进度: 500/594  成功:254  失败:0  跳过:246
2026-05-11 14:44:16,685 [INFO] 进度: 550/594  成功:273  失败:0  跳过:277
2026-05-11 14:44:31,649 [INFO] ============================================================
2026-05-11 14:44:31,650 [INFO] 下载完成！
2026-05-11 14:44:31,650 [INFO]   总候选ETF: 594 只
2026-05-11 14:44:31,650 [INFO]   成功: 291，失败: 0，跳过(已存在): 303
2026-05-11 14:44:31,650 [INFO]   数据目录: /home/bange/stock/data_etf
2026-05-11 14:44:31,652 [INFO]   ETF列表已保存: /home/bange/stock/data_etf/etf_list.csv
2026-05-11 15:01:03,369 [INFO] ============================================================
2026-05-11 15:01:03,371 [INFO] ETF数据下载任务
2026-05-11 15:01:03,371 [INFO] 当前时间: 2026-05-11 15:01
2026-05-11 15:01:03,371 [INFO] 数据区间: 20240101 ~ 20260511
2026-05-11 15:01:03,371 [INFO] 存储目录: /home/bange/stock/data_etf
2026-05-11 15:01:03,371 [INFO] 策略: 同benchmark只保留成交额最大那只
2026-05-11 15:01:03,371 [INFO] ============================================================
2026-05-11 15:01:03,796 [INFO] 最新交易日: 20260507
2026-05-11 15:01:03,797 [INFO] 获取ETF列表...
2026-05-11 15:01:05,170 [INFO] 2024年前成立的ETF: 1302 只
2026-05-11 15:01:05,170 [INFO] 并发获取每只ETF成交额（3并发）...
2026-05-11 15:04:48,511 [INFO] 获取 1302 只ETF成交额耗时: 223.3 秒
2026-05-11 15:04:48,514 [INFO] 有成交的ETF: 991 只
2026-05-11 15:04:48,614 [INFO] 按benchmark分组取最大成交额后: 612 只ETF
2026-05-11 15:04:48,614 [INFO] 开始下载 612 只ETF日K线...
2026-05-11 15:04:49,113 [WARNING] 下载 159920.SZ 失败: 抱歉，您访问接口(fund_daily)频率超限(250次/分钟)，具体频次详情：https://tushare.pro/document/1?doc_id=108。
2026-05-11 15:04:49,602 [WARNING] 下载 160515.SZ 失败: 抱歉，您访问接口(fund_daily)频率超限(250次/分钟)，具体频次详情：https://tushare.pro/document/1?doc_id=108。
2026-05-11 15:04:50,035 [WARNING] 下载 560050.SH 失败: 抱歉，您访问接口(fund_daily)频率超限(250次/分钟)，具体频次详情：https://tushare.pro/document/1?doc_id=108。
2026-05-11 15:04:50,463 [WARNING] 下载 159602.SZ 失败: 抱歉，您访问接口(fund_daily)频率超限(250次/分钟)，具体频次详情：https://tushare.pro/document/1?doc_id=108。
2026-05-11 15:04:50,895 [WARNING] 下载 159621.SZ 失败: 抱歉，您访问接口(fund_daily)频率超限(250次/分钟)，具体频次详情：https://tushare.pro/document/1?doc_id=108。
2026-05-11 15:04:51,373 [WARNING] 下载 512380.SH 失败: 抱歉，您访问接口(fund_daily)频率超限(250次/分钟)，具体频次详情：https://tushare.pro/document/1?doc_id=108。
2026-05-11 15:04:52,879 [WARNING] 下载 512390.SH 失败: 抱歉，您访问接口(fund_daily)频率超限(250次/分钟)，具体频次详情：https://tushare.pro/document/1?doc_id=108。
2026-05-11 15:04:53,300 [WARNING] 下载 512360.SH 失败: 抱歉，您访问接口(fund_daily)频率超限(250次/分钟)，具体频次详情：https://tushare.pro/document/1?doc_id=108。
2026-05-11 15:04:53,781 [WARNING] 下载 515910.SH 失败: 抱歉，您访问接口(fund_daily)频率超限(250次/分钟)，具体频次详情：https://tushare.pro/document/1?doc_id=108。
2026-05-11 15:04:54,258 [WARNING] 下载 512090.SH 失败: 抱歉，您访问接口(fund_daily)频率超限(250次/分钟)，具体频次详情：https://tushare.pro/document/1?doc_id=108。
2026-05-11 15:04:54,712 [WARNING] 下载 512160.SH 失败: 抱歉，您访问接口(fund_daily)频率超限(250次/分钟)，具体频次详情：https://tushare.pro/document/1?doc_id=108。
2026-05-11 15:04:55,121 [WARNING] 下载 513850.SH 失败: 抱歉，您访问接口(fund_daily)频率超限(250次/分钟)，具体频次详情：https://tushare.pro/document/1?doc_id=108。
2026-05-11 15:04:55,521 [WARNING] 下载 160723.SZ 失败: 抱歉，您访问接口(fund_daily)频率超限(250次/分钟)，具体频次详情：https://tushare.pro/document/1?doc_id=108。
2026-05-11 15:04:55,984 [WARNING] 下载 511650.SH 失败: 抱歉，您访问接口(fund_daily)频率超限(250次/分钟)，具体频次详情：https://tushare.pro/document/1?doc_id=108。
2026-05-11 15:04:56,454 [WARNING] 下载 160128.SZ 失败: 抱歉，您访问接口(fund_daily)频率超限(250次/分钟)，具体频次详情：https://tushare.pro/document/1?doc_id=108。
2026-05-11 15:04:56,868 [WARNING] 下载 164810.SZ 失败: 抱歉，您访问接口(fund_daily)频率超限(250次/分钟)，具体频次详情：https://tushare.pro/document/1?doc_id=108。
2026-05-11 15:04:57,297 [WARNING] 下载 159980.SZ 失败: 抱歉，您访问接口(fund_daily)频率超限(250次/分钟)，具体频次详情：https://tushare.pro/document/1?doc_id=108。
2026-05-11 15:04:57,752 [WARNING] 下载 159934.SZ 失败: 抱歉，您访问接口(fund_daily)频率超限(250次/分钟)，具体频次详情：https://tushare.pro/document/1?doc_id=108。
2026-05-11 15:04:58,164 [WARNING] 下载 159830.SZ 失败: 抱歉，您访问接口(fund_daily)频率超限(250次/分钟)，具体频次详情：https://tushare.pro/document/1?doc_id=108。
2026-05-11 15:04:58,670 [WARNING] 下载 518800.SH 失败: 抱歉，您访问接口(fund_daily)频率超限(250次/分钟)，具体频次详情：https://tushare.pro/document/1?doc_id=108。
2026-05-11 15:04:59,132 [WARNING] 下载 511260.SH 失败: 抱歉，您访问接口(fund_daily)频率超限(250次/分钟)，具体频次详情：https://tushare.pro/document/1?doc_id=108。
2026-05-11 15:04:59,598 [WARNING] 下载 511270.SH 失败: 抱歉，您访问接口(fund_daily)频率超限(250次/分钟)，具体频次详情：https://tushare.pro/document/1?doc_id=108。
2026-05-11 15:05:00,086 [WARNING] 下载 510030.SH 失败: 抱歉，您访问接口(fund_daily)频率超限(250次/分钟)，具体频次详情：https://tushare.pro/document/1?doc_id=108。
2026-05-11 15:05:00,557 [WARNING] 下载 510010.SH 失败: 抱歉，您访问接口(fund_daily)频率超限(250次/分钟)，具体频次详情：https://tushare.pro/document/1?doc_id=108。
2026-05-11 15:05:00,966 [WARNING] 下载 510180.SH 失败: 抱歉，您访问接口(fund_daily)频率超限(250次/分钟)，具体频次详情：https://tushare.pro/document/1?doc_id=108。
2026-05-11 15:05:01,383 [WARNING] 下载 165508.SZ 失败: 抱歉，您访问接口(fund_daily)频率超限(250次/分钟)，具体频次详情：https://tushare.pro/document/1?doc_id=108。
2026-05-11 15:05:01,794 [WARNING] 下载 510230.SH 失败: 抱歉，您访问接口(fund_daily)频率超限(250次/分钟)，具体频次详情：https://tushare.pro/document/1?doc_id=108。
2026-05-11 15:05:02,240 [WARNING] 下载 510290.SH 失败: 抱歉，您访问接口(fund_daily)频率超限(250次/分钟)，具体频次详情：https://tushare.pro/document/1?doc_id=108。
2026-05-11 15:05:02,687 [WARNING] 下载 510680.SH 失败: 抱歉，您访问接口(fund_daily)频率超限(250次/分钟)，具体频次详情：https://tushare.pro/document/1?doc_id=108。
2026-05-11 15:05:04,210 [WARNING] 下载 510100.SH 失败: 抱歉，您访问接口(fund_daily)频率超限(250次/分钟)，具体频次详情：https://tushare.pro/document/1?doc_id=108。
2026-05-11 15:05:05,369 [WARNING] 下载 502048.SH 失败: 抱歉，您访问接口(fund_daily)频率超限(250次/分钟)，具体频次详情：https://tushare.pro/document/1?doc_id=108。
2026-05-11 15:05:21,476 [INFO] 进度: 50/612  成功:19  失败:31  跳过:0
2026-05-11 15:05:55,891 [INFO] 进度: 100/612  成功:69  失败:31  跳过:0
2026-05-11 15:06:32,981 [INFO] 进度: 150/612  成功:119  失败:31  跳过:0
2026-05-11 15:07:08,136 [INFO] 进度: 200/612  成功:169  失败:31  跳过:0
2026-05-11 15:07:45,576 [INFO] 进度: 250/612  成功:219  失败:31  跳过:0
2026-05-11 15:08:25,434 [INFO] 进度: 300/612  成功:269  失败:31  跳过:0
2026-05-11 15:09:04,431 [INFO] 进度: 350/612  成功:319  失败:31  跳过:0
2026-05-11 15:09:43,610 [INFO] 进度: 400/612  成功:369  失败:31  跳过:0
2026-05-11 15:10:22,671 [INFO] 进度: 450/612  成功:419  失败:31  跳过:0
2026-05-11 15:11:00,274 [INFO] 进度: 500/612  成功:469  失败:31  跳过:0
2026-05-11 15:11:39,458 [INFO] 进度: 550/612  成功:519  失败:31  跳过:0
2026-05-11 15:12:18,073 [INFO] 进度: 600/612  成功:569  失败:31  跳过:0
2026-05-11 15:12:27,418 [INFO] ============================================================
2026-05-11 15:12:27,419 [INFO] 下载完成！
2026-05-11 15:12:27,419 [INFO]   总候选ETF: 612 只
2026-05-11 15:12:27,419 [INFO]   成功: 581，失败: 31，跳过(已存在): 0
2026-05-11 15:12:27,419 [INFO]   数据目录: /home/bange/stock/data_etf
2026-05-11 15:12:27,421 [INFO]   ETF列表已保存: /home/bange/stock/data_etf/etf_list.csv
2026-05-11 17:13:17,158 [INFO] 下载 159516.SZ 成功: 80 条
2026-05-11 17:13:18,508 [INFO] 下载 510300.SH 成功: 80 条
2026-05-11 17:13:19,024 [INFO] 下载 588000.SH 成功: 80 条
2026-05-11 17:29:14,274 [INFO] ============================================================
2026-05-11 17:29:14,276 [INFO] ETF数据下载任务
2026-05-11 17:29:14,276 [INFO] 当前时间: 2026-05-11 17:29
2026-05-11 17:29:14,277 [INFO] 数据区间: 20240101 ~ 20260511
2026-05-11 17:29:14,277 [INFO] 存储目录: /home/bange/stock/data_etf
2026-05-11 17:29:14,277 [INFO] 策略: 同benchmark只保留成交额最大那只
2026-05-11 17:29:14,277 [INFO] ============================================================
2026-05-11 18:37:16,074 [INFO] ============================================================
2026-05-11 18:37:16,076 [INFO] ETF数据下载任务
2026-05-11 18:37:16,076 [INFO] 当前时间: 2026-05-11 18:37
2026-05-11 18:37:16,076 [INFO] 数据区间: 20240101 ~ 20260511
2026-05-11 18:37:16,076 [INFO] 存储目录: /home/bange/stock/data_etf
2026-05-11 18:37:16,076 [INFO] 策略: 同benchmark只保留成交额最大那只
2026-05-11 18:37:16,076 [INFO] ============================================================
2026-05-11 18:37:17,018 [INFO] 最新交易日: 20260507
2026-05-11 18:37:17,020 [INFO] 获取ETF列表...
2026-05-11 18:37:18,298 [INFO] 2024年前成立的ETF: 1302 只
2026-05-11 18:37:18,299 [INFO] 并发获取每只ETF成交额（3并发）...
2026-05-11 18:41:37,079 [INFO] 获取 1302 只ETF成交额耗时: 258.8 秒
2026-05-11 18:41:37,084 [INFO] 有成交的ETF: 1151 只
2026-05-11 18:41:37,246 [INFO] 按benchmark分组取最大成交额后: 705 只ETF
2026-05-11 18:41:37,246 [INFO] 开始下载 705 只ETF日K线...
2026-05-11 18:42:24,320 [INFO] 进度: 50/705  成功:50  失败:0  跳过:0
2026-05-11 18:43:10,133 [INFO] 进度: 100/705  成功:99  失败:0  跳过:1
2026-05-11 18:44:06,266 [INFO] 进度: 150/705  成功:149  失败:0  跳过:1
2026-05-11 18:44:48,065 [INFO] 进度: 200/705  成功:199  失败:0  跳过:1
2026-05-11 18:45:42,839 [INFO] 进度: 250/705  成功:249  失败:0  跳过:1
2026-05-11 18:46:38,087 [INFO] 进度: 300/705  成功:298  失败:0  跳过:2
2026-05-11 18:47:27,734 [INFO] 进度: 350/705  成功:348  失败:0  跳过:2
2026-05-11 18:48:14,411 [INFO] 进度: 400/705  成功:398  失败:0  跳过:2
2026-05-11 18:49:02,222 [INFO] 进度: 450/705  成功:448  失败:0  跳过:2
2026-05-11 18:49:52,481 [INFO] 进度: 500/705  成功:498  失败:0  跳过:2
2026-05-11 18:50:39,654 [INFO] 进度: 550/705  成功:548  失败:0  跳过:2
2026-05-11 18:51:29,361 [INFO] 进度: 600/705  成功:597  失败:0  跳过:3
2026-05-11 18:52:19,323 [INFO] 进度: 650/705  成功:647  失败:0  跳过:3
2026-05-11 18:53:07,884 [INFO] 进度: 700/705  成功:697  失败:0  跳过:3
2026-05-11 18:53:11,458 [INFO] ============================================================
2026-05-11 18:53:11,458 [INFO] 下载完成！
2026-05-11 18:53:11,458 [INFO]   总候选ETF: 705 只
2026-05-11 18:53:11,458 [INFO]   成功: 702，失败: 0，跳过(已存在): 3
2026-05-11 18:53:11,458 [INFO]   数据目录: /home/bange/stock/data_etf
2026-05-11 18:53:11,463 [INFO]   ETF列表已保存: /home/bange/stock/data_etf/etf_list.csv
2026-05-11 21:54:50,646 [INFO] ============================================================
2026-05-11 21:54:50,647 [INFO] ETF数据下载任务（baostock前复权）
2026-05-11 21:54:50,647 [INFO] 当前时间: 2026-05-11 21:54
2026-05-11 21:54:50,647 [INFO] 数据区间: 2024-01-01 ~ 2026-05-11
2026-05-11 21:54:50,647 [INFO] 存储目录: /home/bange/stock/data_etf
2026-05-11 21:54:50,654 [INFO] ETF列表: 705 只
2026-05-11 21:54:50,654 [INFO] 开始下载...
2026-05-11 21:54:51,034 [ERROR] 下载 159001.SZ 异常: list index out of range
2026-05-11 21:54:51,151 [WARNING] 下载 159350.SZ 失败: 网络接收错误。
2026-05-11 21:54:52,067 [WARNING] 下载 159518.SZ 失败: 网络接收错误。
2026-05-11 21:54:52,476 [INFO] 下载 159546.SZ 成功: 81 条
2026-05-11 21:54:53,072 [INFO] 下载 159570.SZ 成功: 81 条
2026-05-11 21:54:54,095 [INFO] 下载 159573.SZ 成功: 81 条
2026-05-11 21:54:55,134 [INFO] 下载 159576.SZ 成功: 81 条
2026-05-11 21:54:56,296 [INFO] 下载 159518.SZ 成功: 81 条
2026-05-11 21:54:57,042 [INFO] 下载 159605.SZ 成功: 81 条
2026-05-11 21:54:58,539 [INFO] 下载 159606.SZ 成功: 81 条
2026-05-11 21:54:58,866 [INFO] 下载 159607.SZ 成功: 81 条
2026-05-11 21:54:59,750 [INFO] 下载 159611.SZ 成功: 81 条
2026-05-11 21:55:00,319 [INFO] 下载 159612.SZ 成功: 81 条
2026-05-11 21:55:01,050 [INFO] 下载 159615.SZ 成功: 81 条
2026-05-11 21:55:02,067 [INFO] 下载 159616.SZ 成功: 81 条
2026-05-11 21:55:03,491 [INFO] 下载 159617.SZ 成功: 81 条
2026-05-11 21:55:04,157 [INFO] 下载 159620.SZ 成功: 81 条
2026-05-11 21:55:04,754 [INFO] 下载 159621.SZ 成功: 81 条
2026-05-11 21:55:05,068 [INFO] 下载 159622.SZ 成功: 81 条
2026-05-11 21:55:05,643 [INFO] 下载 159623.SZ 成功: 81 条
2026-05-11 21:55:07,254 [INFO] 下载 159625.SZ 成功: 81 条
2026-05-11 21:55:07,561 [INFO] 下载 159628.SZ 成功: 81 条
2026-05-11 21:55:07,897 [INFO] 下载 159632.SZ 成功: 81 条
2026-05-11 21:55:08,451 [INFO] 下载 159635.SZ 成功: 81 条
2026-05-11 21:55:09,104 [INFO] 下载 159636.SZ 成功: 81 条
2026-05-11 21:55:11,232 [INFO] 下载 159638.SZ 成功: 81 条
2026-05-11 21:55:12,807 [INFO] 下载 159643.SZ 成功: 81 条
2026-05-11 21:55:14,010 [INFO] 下载 159645.SZ 成功: 81 条
2026-05-11 21:55:15,823 [INFO] 下载 159649.SZ 成功: 81 条
2026-05-11 21:55:16,504 [INFO] 下载 159651.SZ 成功: 81 条
2026-05-11 21:55:17,378 [INFO] 下载 159652.SZ 成功: 81 条
2026-05-11 21:55:17,965 [INFO] 下载 159655.SZ 成功: 81 条
2026-05-11 21:55:18,317 [INFO] 下载 159659.SZ 成功: 81 条
2026-05-11 21:55:18,838 [INFO] 下载 159660.SZ 成功: 81 条
2026-05-11 21:55:19,220 [INFO] 下载 159662.SZ 成功: 81 条
2026-05-11 21:55:19,782 [INFO] 下载 159666.SZ 成功: 81 条
2026-05-11 21:55:22,734 [INFO] 下载 159667.SZ 成功: 81 条
2026-05-11 21:55:25,399 [INFO] 下载 159687.SZ 成功: 81 条
2026-05-11 21:55:27,030 [INFO] 下载 159688.SZ 成功: 81 条
2026-05-11 21:55:27,945 [INFO] 下载 159691.SZ 成功: 81 条
2026-05-11 21:55:29,431 [INFO] 下载 159692.SZ 成功: 81 条
2026-05-11 21:55:29,751 [INFO] 下载 159695.SZ 成功: 81 条
2026-05-11 21:55:30,354 [INFO] 下载 159697.SZ 成功: 81 条
2026-05-11 21:55:31,932 [INFO] 下载 159698.SZ 成功: 81 条
2026-05-11 21:55:33,495 [INFO] 下载 159699.SZ 成功: 81 条
2026-05-11 21:55:34,183 [INFO] 下载 159707.SZ 成功: 81 条
2026-05-11 21:55:34,618 [INFO] 下载 159711.SZ 成功: 81 条
2026-05-11 21:55:35,025 [INFO] 下载 159712.SZ 成功: 81 条
2026-05-11 21:55:35,843 [INFO] 下载 159717.SZ 成功: 81 条
2026-05-11 21:55:36,206 [INFO] 下载 159718.SZ 成功: 81 条
2026-05-11 21:55:37,609 [INFO] 下载 159723.SZ 成功: 81 条
2026-05-11 21:55:38,000 [INFO] 下载 159726.SZ 成功: 81 条
2026-05-11 21:55:39,955 [INFO] 下载 159728.SZ 成功: 81 条
2026-05-11 21:55:39,956 [INFO] 进度: 50/705  成功:50  失败:0
2026-05-11 21:55:40,914 [INFO] 下载 159730.SZ 成功: 81 条
2026-05-11 21:55:41,472 [INFO] 下载 159731.SZ 成功: 81 条
2026-05-11 21:55:42,811 [INFO] 下载 159732.SZ 成功: 81 条
2026-05-11 21:55:43,777 [INFO] 下载 159735.SZ 成功: 81 条
2026-05-11 21:55:44,731 [INFO] 下载 159736.SZ 成功: 81 条
2026-05-11 21:55:45,489 [INFO] 下载 159738.SZ 成功: 81 条
2026-05-11 21:55:45,816 [INFO] 下载 159740.SZ 成功: 81 条
2026-05-11 21:55:47,130 [INFO] 下载 159742.SZ 成功: 81 条
2026-05-11 21:55:47,416 [INFO] 下载 159743.SZ 成功: 81 条
2026-05-11 21:55:49,402 [INFO] 下载 159750.SZ 成功: 81 条
2026-05-11 21:55:50,162 [INFO] 下载 159758.SZ 成功: 81 条
2026-05-11 21:55:52,912 [INFO] 下载 159760.SZ 成功: 81 条
2026-05-11 21:55:53,235 [INFO] 下载 159761.SZ 成功: 81 条
2026-05-11 21:55:53,621 [INFO] 下载 159766.SZ 成功: 81 条
2026-05-11 21:55:54,318 [INFO] 下载 159768.SZ 成功: 81 条
2026-05-11 21:55:54,608 [INFO] 下载 159773.SZ 成功: 81 条
2026-05-11 21:55:56,264 [INFO] 下载 159776.SZ 成功: 81 条
2026-05-11 21:55:57,259 [INFO] 下载 159778.SZ 成功: 81 条
2026-05-11 21:55:57,617 [INFO] 下载 159786.SZ 成功: 81 条
2026-05-11 21:55:58,207 [INFO] 下载 159788.SZ 成功: 81 条
2026-05-11 21:55:59,456 [INFO] 下载 159790.SZ 成功: 81 条
2026-05-11 21:55:59,774 [INFO] 下载 159791.SZ 成功: 81 条
2026-05-11 21:56:01,015 [INFO] 下载 159792.SZ 成功: 81 条
2026-05-11 21:56:02,187 [INFO] 下载 159793.SZ 成功: 81 条
2026-05-11 21:56:02,792 [INFO] 下载 159796.SZ 成功: 81 条
2026-05-11 21:56:03,932 [INFO] 下载 159804.SZ 成功: 81 条
2026-05-11 21:56:04,282 [INFO] 下载 159807.SZ 成功: 81 条
2026-05-11 21:56:04,687 [INFO] 下载 159811.SZ 成功: 81 条
2026-05-11 21:56:04,978 [INFO] 下载 159812.SZ 成功: 81 条
2026-05-11 21:56:05,495 [INFO] 下载 159814.SZ 成功: 81 条
2026-05-11 21:56:06,662 [INFO] 下载 159816.SZ 成功: 81 条
2026-05-11 21:56:08,571 [INFO] 下载 159819.SZ 成功: 81 条
2026-05-11 21:56:08,851 [INFO] 下载 159822.SZ 成功: 81 条
2026-05-11 21:56:10,427 [INFO] 下载 159825.SZ 成功: 81 条
2026-05-11 21:56:11,797 [INFO] 下载 159827.SZ 成功: 81 条
2026-05-11 21:56:12,525 [INFO] 下载 159831.SZ 成功: 81 条
2026-05-11 21:56:14,041 [INFO] 下载 159836.SZ 成功: 81 条
2026-05-11 21:56:15,633 [INFO] 下载 159837.SZ 成功: 81 条
2026-05-11 21:56:16,987 [INFO] 下载 159839.SZ 成功: 81 条
2026-05-11 21:56:18,521 [INFO] 下载 159840.SZ 成功: 81 条
2026-05-11 21:56:19,118 [INFO] 下载 159843.SZ 成功: 81 条
2026-05-11 21:56:20,281 [INFO] 下载 159845.SZ 成功: 81 条
2026-05-11 21:56:21,943 [INFO] 下载 159850.SZ 成功: 81 条
2026-05-11 21:56:22,330 [INFO] 下载 159851.SZ 成功: 81 条
2026-05-11 21:56:23,548 [INFO] 下载 159852.SZ 成功: 81 条
2026-05-11 21:56:23,989 [INFO] 下载 159861.SZ 成功: 81 条
2026-05-11 21:56:24,281 [INFO] 下载 159865.SZ 成功: 81 条
2026-05-11 21:56:24,934 [INFO] 下载 159866.SZ 成功: 81 条
2026-05-11 21:56:25,291 [INFO] 下载 159869.SZ 成功: 81 条
2026-05-11 21:56:25,840 [INFO] 下载 159870.SZ 成功: 81 条
2026-05-11 21:56:25,840 [INFO] 进度: 100/705  成功:100  失败:0
2026-05-11 21:56:26,266 [INFO] 下载 159871.SZ 成功: 81 条
2026-05-11 21:56:26,906 [INFO] 下载 159873.SZ 成功: 81 条
2026-05-11 21:56:27,600 [INFO] 下载 159880.SZ 成功: 81 条
2026-05-11 21:56:29,027 [INFO] 下载 159883.SZ 成功: 81 条
2026-05-11 21:56:29,758 [INFO] 下载 159886.SZ 成功: 81 条
2026-05-11 21:56:30,581 [INFO] 下载 159887.SZ 成功: 81 条
2026-05-11 21:56:31,318 [INFO] 下载 159892.SZ 成功: 81 条
2026-05-11 21:56:32,659 [INFO] 下载 159896.SZ 成功: 81 条
2026-05-11 21:56:32,953 [INFO] 下载 159901.SZ 成功: 81 条
2026-05-11 21:56:33,521 [INFO] 下载 159902.SZ 成功: 81 条
2026-05-11 21:56:34,846 [INFO] 下载 159903.SZ 成功: 81 条
2026-05-11 21:56:35,211 [INFO] 下载 159905.SZ 成功: 81 条
2026-05-11 21:56:35,554 [INFO] 下载 159906.SZ 成功: 81 条
2026-05-11 21:56:36,040 [INFO] 下载 159909.SZ 成功: 81 条
2026-05-11 21:56:36,768 [INFO] 下载 159910.SZ 成功: 81 条
2026-05-11 21:56:38,228 [INFO] 下载 159912.SZ 成功: 81 条
2026-05-11 21:56:40,459 [INFO] 下载 159913.SZ 成功: 81 条
2026-05-11 21:56:41,138 [INFO] 下载 159915.SZ 成功: 81 条
2026-05-11 21:56:43,274 [INFO] 下载 159916.SZ 成功: 81 条
2026-05-11 21:56:43,962 [INFO] 下载 159918.SZ 成功: 81 条
2026-05-11 21:56:45,119 [INFO] 下载 159920.SZ 成功: 81 条
2026-05-11 21:56:45,715 [INFO] 下载 159923.SZ 成功: 81 条
2026-05-11 21:56:46,599 [INFO] 下载 159928.SZ 成功: 81 条
2026-05-11 21:56:47,159 [INFO] 下载 159929.SZ 成功: 81 条
2026-05-11 21:56:47,963 [INFO] 下载 159930.SZ 成功: 81 条
2026-05-11 21:56:49,994 [INFO] 下载 159931.SZ 成功: 81 条
2026-05-11 21:56:54,772 [INFO] 下载 159933.SZ 成功: 81 条
2026-05-11 21:56:55,594 [INFO] 下载 159934.SZ 成功: 81 条
2026-05-11 22:16:54,171 [INFO] ============================================================
2026-05-11 22:16:54,172 [INFO] ETF数据下载任务 (Tushare fund_daily + fund_adj 前复权)
2026-05-11 22:16:54,172 [INFO] 当前时间: 2026-05-11 22:16
2026-05-11 22:16:54,172 [INFO] 数据区间: 20240101 ~ 20260511
2026-05-11 22:16:54,172 [INFO] 存储目录: /home/bange/stock/data_etf
2026-05-11 22:16:54,172 [INFO] 复权公式: 前复权价格 = 原始价格 × 当日因子 ÷ 最新因子
2026-05-11 22:16:54,172 [INFO] ============================================================
2026-05-11 22:16:54,691 [INFO] 最新交易日: 20260507
2026-05-11 22:16:54,692 [INFO] 获取ETF列表...
2026-05-11 22:16:56,777 [INFO] 2024年前成立的ETF: 1302 只
2026-05-11 22:18:32,778 [INFO] 获取成交额进度: 100/1302
2026-05-11 22:19:55,922 [INFO] 获取成交额进度: 200/1302
2026-05-11 22:21:19,524 [INFO] ============================================================
2026-05-11 22:21:19,524 [INFO] ETF数据下载任务 (Tushare fund_daily + fund_adj 前复权)
2026-05-11 22:21:19,524 [INFO] 当前时间: 2026-05-11 22:21
2026-05-11 22:21:19,524 [INFO] 数据区间: 20240101 ~ 20260511
2026-05-11 22:21:19,524 [INFO] 存储目录: /home/bange/stock/data_etf
2026-05-11 22:21:19,525 [INFO] 策略: 下载全部ETF → 本地按benchmark+成交额筛选
2026-05-11 22:21:19,525 [INFO] ============================================================
2026-05-11 22:21:20,047 [INFO] 最新交易日: 20260507
2026-05-11 22:21:20,049 [INFO] 获取ETF列表...
2026-05-11 22:21:22,501 [INFO] 2024年前成立的ETF: 1302 只
2026-05-11 22:21:22,501 [INFO] 候选ETF: 1302 只
2026-05-11 22:21:22,501 [INFO] 开始下载全部ETF原始数据（8并发）...
2026-05-11 22:21:53,004 [INFO] 下载进度: 成功100 失败0
2026-05-11 22:22:22,057 [INFO] 下载进度: 成功200 失败0
2026-05-11 22:22:50,221 [INFO] 下载进度: 成功300 失败0
2026-05-11 22:23:21,242 [INFO] 下载进度: 成功400 失败0
2026-05-11 22:23:51,130 [INFO] 下载进度: 成功500 失败0
2026-05-11 22:24:21,394 [INFO] 下载进度: 成功600 失败0
2026-05-11 22:24:49,934 [INFO] 下载进度: 成功700 失败0
2026-05-11 22:25:39,136 [INFO] ============================================================
2026-05-11 22:25:39,136 [INFO] ETF数据下载任务 (Tushare fund_daily + fund_adj 前复权)
2026-05-11 22:25:39,136 [INFO] 当前时间: 2026-05-11 22:25
2026-05-11 22:25:39,136 [INFO] 数据区间: 20240101 ~ 20260511
2026-05-11 22:25:39,136 [INFO] 存储目录: /home/bange/stock/data_etf
2026-05-11 22:25:39,136 [INFO] 策略: 下载全部ETF → 本地按benchmark+成交额筛选
2026-05-11 22:25:39,136 [INFO] ============================================================
2026-05-11 22:25:39,831 [INFO] 最新交易日: 20260511
2026-05-11 22:25:39,832 [INFO] 获取ETF列表...
2026-05-11 22:25:40,970 [INFO] 2024年前成立的ETF: 1302 只
2026-05-11 22:25:40,970 [INFO] 候选ETF: 1302 只
2026-05-11 22:25:40,970 [INFO] 开始下载全部ETF原始数据（8并发）...
2026-05-11 22:26:13,716 [INFO] 下载进度: 成功100 失败0
2026-05-11 22:26:47,954 [INFO] 下载进度: 成功200 失败0
2026-05-11 22:27:16,312 [INFO] 下载进度: 成功300 失败0
2026-05-11 22:27:54,599 [INFO] 下载进度: 成功400 失败0
2026-05-11 22:34:51,022 [INFO] ============================================================
2026-05-11 22:34:51,022 [INFO] ETF数据下载任务 (Tushare fund_daily + fund_adj 前复权)
2026-05-11 22:34:51,023 [INFO] 当前时间: 2026-05-11 22:34
2026-05-11 22:34:51,023 [INFO] 数据区间: 20240101 ~ 20260511
2026-05-11 22:34:51,023 [INFO] 存储目录: /home/bange/stock/data_etf
2026-05-11 22:34:51,023 [INFO] 策略: 下载全部ETF → 本地按benchmark+成交额筛选
2026-05-11 22:34:51,023 [INFO] ============================================================
2026-05-11 22:34:52,593 [INFO] 最新交易日: 20260511
2026-05-11 22:34:52,595 [INFO] 获取ETF列表...
2026-05-11 22:34:53,526 [INFO] 2024年前成立的ETF: 1302 只
2026-05-11 22:34:53,526 [INFO] 候选ETF: 1302 只
2026-05-11 22:34:53,526 [INFO] 开始下载全部ETF原始数据（8并发）...
2026-05-11 22:35:26,170 [INFO] 下载进度: 成功100 失败0
2026-05-11 22:35:58,428 [INFO] 下载进度: 成功200 失败0
2026-05-11 22:36:34,610 [INFO] 下载进度: 成功300 失败0
2026-05-11 22:38:11,008 [INFO] ============================================================
2026-05-11 22:38:11,009 [INFO] ETF数据下载任务 (Tushare fund_daily + fund_adj 前复权)
2026-05-11 22:38:11,009 [INFO] 当前时间: 2026-05-11 22:38
2026-05-11 22:38:11,009 [INFO] 数据区间: 20240101 ~ 20260511
2026-05-11 22:38:11,009 [INFO] 存储目录: /home/bange/stock/data_etf
2026-05-11 22:38:11,009 [INFO] 策略: 下载全部ETF → 本地按benchmark+成交额筛选
2026-05-11 22:38:11,009 [INFO] ============================================================
2026-05-11 22:38:11,547 [INFO] 最新交易日: 20260511
2026-05-11 22:38:11,549 [INFO] 获取ETF列表...
2026-05-11 22:38:12,935 [INFO] 2024年前成立的ETF: 1302 只
2026-05-11 22:38:12,935 [INFO] 候选ETF: 1302 只
2026-05-11 22:38:12,935 [INFO] 开始下载全部ETF原始数据（8并发）...
2026-05-11 22:41:28,235 [INFO] ============================================================
2026-05-11 22:41:28,236 [INFO] ETF数据下载任务 (Tushare fund_daily + fund_adj 前复权)
2026-05-11 22:41:28,236 [INFO] 当前时间: 2026-05-11 22:41
2026-05-11 22:41:28,237 [INFO] 数据区间: 20240101 ~ 20260511
2026-05-11 22:41:28,237 [INFO] 存储目录: /home/bange/stock/data_etf
2026-05-11 22:41:28,237 [INFO] 策略: 下载全部ETF → 本地按benchmark+成交额筛选
2026-05-11 22:41:28,237 [INFO] ============================================================
2026-05-11 22:41:29,731 [INFO] 最新交易日: 20260511
2026-05-11 22:41:29,732 [INFO] 获取ETF列表...
2026-05-11 22:41:31,167 [INFO] 2024年前成立的ETF: 1302 只
2026-05-11 22:41:31,881 [INFO] 候选ETF: 1302 只，已存在524只，待下载778只
2026-05-11 22:41:31,881 [INFO] 开始下载全部ETF原始数据（8并发）...
2026-05-11 22:46:20,702 [INFO] ============================================================
2026-05-11 22:46:20,703 [INFO] ETF数据下载任务 (Tushare fund_daily + fund_adj 前复权)
2026-05-11 22:46:20,703 [INFO] 当前时间: 2026-05-11 22:46
2026-05-11 22:46:20,703 [INFO] 数据区间: 20240101 ~ 20260511
2026-05-11 22:46:20,703 [INFO] 存储目录: /home/bange/stock/data_etf
2026-05-11 22:46:20,703 [INFO] 策略: 下载全部ETF → 本地按benchmark+成交额筛选
2026-05-11 22:46:20,703 [INFO] ============================================================
2026-05-11 22:46:21,453 [INFO] 最新交易日: 20260511
2026-05-11 22:46:21,455 [INFO] 获取ETF列表...
2026-05-11 22:46:23,177 [INFO] 2024年前成立的ETF: 1302 只
2026-05-11 22:46:23,258 [INFO] 候选ETF: 1302 只，已存在524只，待下载778只
2026-05-11 22:46:23,259 [INFO] 开始下载全部ETF原始数据（8并发）...
2026-05-11 22:46:56,701 [INFO] 下载进度: 成功100 失败0
2026-05-11 22:47:29,609 [INFO] 下载进度: 成功200 失败0
2026-05-11 22:48:00,365 [INFO] 下载进度: 成功300 失败0
2026-05-11 22:48:30,405 [INFO] 下载进度: 成功400 失败0
2026-05-11 22:49:04,484 [INFO] 下载进度: 成功500 失败0
2026-05-11 22:49:34,157 [INFO] 下载进度: 成功599 失败1
2026-05-11 22:50:04,170 [INFO] 下载进度: 成功699 失败1
2026-05-11 22:50:27,193 [INFO] 原始数据下载完成: 成功777 失败1
2026-05-11 22:50:27,193 [INFO] 开始本地筛选...
2026-05-11 22:50:27,626 [INFO] 按benchmark分组取最大成交额后: 382 只ETF
2026-05-11 22:50:27,627 [INFO] 保存RAW价格（前端实时前复权）...
2026-05-11 22:50:28,150 [INFO] 保存进度: 50/382
2026-05-11 22:50:28,640 [INFO] 保存进度: 100/382
2026-05-11 22:50:29,151 [INFO] 保存进度: 150/382
2026-05-11 22:50:29,677 [INFO] 保存进度: 200/382
2026-05-11 22:50:30,216 [INFO] 保存进度: 250/382
2026-05-11 22:50:30,732 [INFO] 保存进度: 300/382
2026-05-11 22:50:31,218 [INFO] 保存进度: 350/382
2026-05-11 22:50:31,548 [INFO] ============================================================
2026-05-11 22:50:31,548 [INFO] 下载完成！
2026-05-11 22:50:31,548 [INFO]   原始下载: 1302 只（成功777 失败1）
2026-05-11 22:50:31,549 [INFO]   筛选后: 382 只ETF（前复权K线已保存）
2026-05-11 22:50:31,549 [INFO]   数据目录: /home/bange/stock/data_etf
2026-05-11 22:50:31,551 [INFO]   ETF列表已保存: /home/bange/stock/data_etf/etf_list.csv
