2026-05-05 15:53:00,849 [INFO] 共找到 5512 支股票数据
2026-05-05 15:53:20,964 [INFO] ==================================================
2026-05-05 15:53:20,965 [INFO] 筛选结果：共 0 支股票符合条件
2026-05-05 15:53:20,965 [INFO] 没有找到符合条件的股票
2026-05-05 16:04:44,200 [INFO] 共找到 5512 支股票数据
2026-05-05 16:04:45,706 [INFO] ✓ nan 通过筛选 (T-2=10.01%涨停, T-1放量2.02x, T日未涨停)
2026-05-05 16:04:50,554 [INFO] ✓ nan 通过筛选 (T-2=10.01%涨停, T-1放量3.80x, T日未涨停)
2026-05-05 16:05:00,066 [INFO] ==================================================
2026-05-05 16:05:00,066 [INFO] 筛选结果：共 2 支股票符合条件
2026-05-05 16:05:00,069 [INFO] 结果已保存到: /tmp/stock_notifications/limitup_filter_result.txt
2026-05-05 16:05:39,447 [INFO] 共找到 5512 支股票数据
2026-05-05 16:05:40,956 [INFO] ✓ 603317.SH 通过筛选 (T-2=10.01%涨停, T-1放量2.02x, T日未涨停)
2026-05-05 16:05:45,875 [INFO] ✓ 001266.SZ 通过筛选 (T-2=10.01%涨停, T-1放量3.80x, T日未涨停)
2026-05-05 16:05:55,439 [INFO] ==================================================
2026-05-05 16:05:55,439 [INFO] 筛选结果：共 2 支股票符合条件
2026-05-05 16:05:55,440 [INFO] 结果已保存到: /tmp/stock_notifications/limitup_filter_result.txt
2026-05-05 16:36:02,518 [INFO] 共找到 5512 支股票数据
2026-05-05 16:36:03,990 [INFO] ✓ 603317.SH 通过筛选 (T-2=10.01%涨停, T-1放量2.02x, T日未涨停)
2026-05-05 16:36:05,204 [INFO] ✓ 688328.SH 通过筛选 (T-2=14.58%涨停, T-1放量1.04x, T日未涨停)
2026-05-05 16:36:08,803 [INFO] ✓ 001266.SZ 通过筛选 (T-2=10.01%涨停, T-1放量3.80x, T日未涨停)
2026-05-05 16:36:10,550 [INFO] ✓ 605168.SH 通过筛选 (T-2=10.00%涨停, T-1放量1.45x, T日未涨停)
2026-05-05 16:36:19,078 [INFO] ==================================================
2026-05-05 16:36:19,079 [INFO] 筛选结果：共 4 支股票符合条件
2026-05-05 16:36:19,079 [INFO] 结果已保存到: /tmp/stock_notifications/limitup_filter_result.txt
2026-05-05 20:19:57,762 [INFO] 共找到 5512 支股票数据
2026-05-05 20:19:59,598 [INFO] ✓ 603317.SH 通过筛选 (T-2=10.01%涨停, T-1放量2.02x, T日未涨停)
2026-05-05 20:20:01,118 [INFO] ✓ 688328.SH 通过筛选 (T-2=14.58%涨停, T-1放量1.04x, T日未涨停)
2026-05-05 20:20:05,641 [INFO] ✓ 001266.SZ 通过筛选 (T-2=10.01%涨停, T-1放量3.80x, T日未涨停)
2026-05-05 20:20:07,870 [INFO] ✓ 605168.SH 通过筛选 (T-2=10.00%涨停, T-1放量1.45x, T日未涨停)
2026-05-05 20:20:18,387 [INFO] ==================================================
2026-05-05 20:20:18,387 [INFO] 筛选结果：共 4 支股票符合条件
2026-05-05 20:20:18,388 [INFO] 结果已保存到: /tmp/stock_notifications/limitup_filter_result.txt
2026-05-05 20:21:53,609 [INFO] 共找到 5512 支股票数据
2026-05-05 20:21:55,133 [INFO] ✓ 603317.SH 通过筛选 (T-2=10.01%涨停, T-1放量2.02x, T日未涨停)
2026-05-05 20:21:56,382 [INFO] ✓ 688328.SH 通过筛选 (T-2=14.58%涨停, T-1放量1.04x, T日未涨停)
2026-05-05 20:22:00,018 [INFO] ✓ 001266.SZ 通过筛选 (T-2=10.01%涨停, T-1放量3.80x, T日未涨停)
2026-05-05 20:22:00,859 [INFO] ✓ 300571.SZ 通过筛选 (T-2=12.92%涨停, T-1放量0.85x, T日未涨停)
2026-05-05 20:22:01,456 [INFO] ✓ 002652.SZ 通过筛选 (T-2=9.98%涨停, T-1放量0.83x, T日未涨停)
2026-05-05 20:22:01,871 [INFO] ✓ 605168.SH 通过筛选 (T-2=10.00%涨停, T-1放量1.45x, T日未涨停)
2026-05-05 20:22:02,069 [INFO] ✓ 300550.SZ 通过筛选 (T-2=14.16%涨停, T-1放量0.76x, T日未涨停)
2026-05-05 20:22:05,225 [INFO] ✓ 603272.SH 通过筛选 (T-2=10.00%涨停, T-1放量0.90x, T日未涨停)
2026-05-05 20:22:09,230 [INFO] ✓ 002175.SZ 通过筛选 (T-2=10.04%涨停, T-1放量0.91x, T日未涨停)
2026-05-05 20:22:09,886 [INFO] ==================================================
2026-05-05 20:22:09,887 [INFO] 筛选结果：共 9 支股票符合条件
2026-05-05 20:22:09,887 [INFO] 结果已保存到: /tmp/stock_notifications/limitup_filter_result.txt
2026-05-05 20:29:29,279 [INFO] 共找到 5512 支股票数据
2026-05-05 20:30:00,646 [INFO] 共找到 5512 支股票数据
2026-05-05 20:30:02,274 [INFO] ✓ 603317.SH 通过筛选 (T-2=10.01%涨停, T-1放量2.02x, T日未涨停)
2026-05-05 20:30:05,733 [INFO] ✓ 920471.BJ 通过筛选 (T-2=29.96%涨停, T-1放量0.80x, T日未涨停)
2026-05-05 20:30:07,995 [INFO] ✓ 001266.SZ 通过筛选 (T-2=10.01%涨停, T-1放量3.80x, T日未涨停)
2026-05-05 20:30:10,159 [INFO] ✓ 605168.SH 通过筛选 (T-2=10.00%涨停, T-1放量1.45x, T日未涨停)
2026-05-05 20:30:11,731 [INFO] ✓ 603629.SH 通过筛选 (T-2=10.00%涨停, T-1放量2.30x, T日未涨停)
2026-05-05 20:30:13,955 [INFO] ✓ 603272.SH 通过筛选 (T-2=10.00%涨停, T-1放量0.90x, T日未涨停)
2026-05-05 20:30:18,781 [INFO] ✓ 002175.SZ 通过筛选 (T-2=10.04%涨停, T-1放量0.91x, T日未涨停)
2026-05-05 20:30:19,634 [INFO] ==================================================
2026-05-05 20:30:19,634 [INFO] 筛选结果：共 7 支股票符合条件
2026-05-05 20:30:19,635 [INFO] 结果已保存到: /tmp/stock_notifications/limitup_filter_result.txt
2026-05-05 20:32:13,701 [INFO] 共找到 5512 支股票数据
2026-05-05 20:32:15,210 [INFO] ✓ 603317.SH 通过筛选 (T-2=10.01%涨停, T-1放量2.02x, T日未涨停)
2026-05-05 20:32:18,036 [INFO] ✓ 920471.BJ 通过筛选 (T-2=29.96%涨停, T-1放量0.80x, T日未涨停)
2026-05-05 20:32:20,111 [INFO] ✓ 001266.SZ 通过筛选 (T-2=10.01%涨停, T-1放量3.80x, T日未涨停)
2026-05-05 20:32:21,539 [INFO] ✓ 002652.SZ 通过筛选 (T-2=9.98%涨停, T-1放量0.83x, T日未涨停)
2026-05-05 20:32:21,936 [INFO] ✓ 605168.SH 通过筛选 (T-2=10.00%涨停, T-1放量1.45x, T日未涨停)
2026-05-05 20:32:25,329 [INFO] ✓ 603272.SH 通过筛选 (T-2=10.00%涨停, T-1放量0.90x, T日未涨停)
2026-05-05 20:32:29,339 [INFO] ✓ 002175.SZ 通过筛选 (T-2=10.04%涨停, T-1放量0.91x, T日未涨停)
2026-05-05 20:32:30,006 [INFO] ==================================================
2026-05-05 20:32:30,006 [INFO] 筛选结果：共 7 支股票符合条件
2026-05-05 20:32:30,007 [INFO] 结果已保存到: /tmp/stock_notifications/limitup_filter_result.txt
2026-05-05 20:33:20,385 [INFO] 共找到 5512 支股票数据
2026-05-05 20:33:21,910 [INFO] ✓ 603317.SH 通过筛选 (T-2=10.01%涨停, T-1放量2.02x, T日未涨停)
2026-05-05 20:33:26,890 [INFO] ✓ 001266.SZ 通过筛选 (T-2=10.01%涨停, T-1放量3.80x, T日未涨停)
2026-05-05 20:33:28,378 [INFO] ✓ 002652.SZ 通过筛选 (T-2=9.98%涨停, T-1放量0.83x, T日未涨停)
2026-05-05 20:33:28,782 [INFO] ✓ 605168.SH 通过筛选 (T-2=10.00%涨停, T-1放量1.45x, T日未涨停)
2026-05-05 20:33:32,139 [INFO] ✓ 603272.SH 通过筛选 (T-2=10.00%涨停, T-1放量0.90x, T日未涨停)
2026-05-05 20:33:36,047 [INFO] ✓ 002175.SZ 通过筛选 (T-2=10.04%涨停, T-1放量0.91x, T日未涨停)
2026-05-05 20:33:36,704 [INFO] ==================================================
2026-05-05 20:33:36,704 [INFO] 筛选结果：共 6 支股票符合条件
2026-05-05 20:33:36,706 [INFO] 结果已保存到: /tmp/stock_notifications/limitup_filter_result.txt
2026-05-05 20:38:58,228 [INFO] 共找到 5512 支股票数据
2026-05-05 20:38:59,737 [INFO] ✓ 603317.SH 通过筛选 (T-2=10.01%涨停, T-1放量2.02x, T日未涨停)
2026-05-05 20:39:04,690 [INFO] ✓ 001266.SZ 通过筛选 (T-2=10.01%涨停, T-1放量3.80x, T日未涨停)
2026-05-05 20:39:06,135 [INFO] ✓ 002652.SZ 通过筛选 (T-2=9.98%涨停, T-1放量0.83x, T日未涨停)
2026-05-05 20:39:06,998 [INFO] ✓ 605168.SH 通过筛选 (T-2=10.00%涨停, T-1放量1.45x, T日未涨停)
2026-05-05 20:39:10,499 [INFO] ✓ 603272.SH 通过筛选 (T-2=10.00%涨停, T-1放量0.90x, T日未涨停)
2026-05-05 20:39:14,425 [INFO] ✓ 002175.SZ 通过筛选 (T-2=10.04%涨停, T-1放量0.91x, T日未涨停)
2026-05-05 20:39:15,099 [INFO] ==================================================
2026-05-05 20:39:15,099 [INFO] 筛选结果：共 6 支股票符合条件
2026-05-05 20:39:15,099 [INFO] 结果已保存到: /tmp/stock_notifications/limitup_filter_result.txt
2026-05-05 20:56:52,186 [INFO] 共找到 5512 支股票数据
2026-05-05 20:57:13,355 [INFO] ==================================================
2026-05-05 20:57:13,356 [INFO] 筛选结果：共 6 支股票符合条件
2026-05-05 20:57:13,356 [INFO] 结果已保存到: /tmp/stock_notifications/redhover_result.txt
2026-05-05 20:57:46,049 [INFO] 共找到 5512 支股票数据
2026-05-05 20:58:02,161 [INFO] ==================================================
2026-05-05 20:58:02,161 [INFO] 筛选结果：共 6 支股票符合条件
2026-05-05 20:58:02,162 [INFO] 结果已保存到: /tmp/stock_notifications/stock_redhover_filter.txt
2026-05-05 20:58:40,419 [INFO] 共找到 5512 支股票数据
2026-05-05 20:59:02,183 [INFO] ==================================================
2026-05-05 20:59:02,183 [INFO] 筛选结果：共 6 支股票符合条件
2026-05-05 20:59:02,183 [INFO] 结果已保存到: /tmp/stock_notifications/stock_redhover_filter.txt
2026-05-05 21:03:39,404 [INFO] 共找到 5512 支股票数据
2026-05-05 21:03:59,336 [INFO] ==================================================
2026-05-05 21:03:59,336 [INFO] 筛选结果：共 4 支股票符合条件
2026-05-05 21:03:59,336 [INFO] 结果已保存到: /tmp/stock_notifications/stock_redhover_filter.txt
2026-05-05 21:15:16,873 [INFO] 共找到 5512 支股票数据
2026-05-05 21:15:39,659 [INFO] ==================================================
2026-05-05 21:15:39,660 [INFO] 筛选结果：共 4 支股票符合条件
2026-05-05 21:15:39,660 [INFO] 结果已保存到: /tmp/stock_notifications/stock_redhover_filter.txt
2026-05-05 21:18:14,664 [INFO] 共找到 5512 支股票数据
2026-05-05 21:18:36,293 [INFO] ==================================================
2026-05-05 21:18:36,294 [INFO] 筛选结果：共 4 支股票符合条件
2026-05-05 21:18:36,294 [INFO] 结果已保存到: /tmp/stock_notifications/stock_redhover_filter.txt
2026-05-05 21:18:44,898 [INFO] 共找到 5512 支股票数据
2026-05-05 21:19:12,318 [INFO] ==================================================
2026-05-05 21:19:12,319 [INFO] 筛选结果：共 4 支股票符合条件
2026-05-05 21:19:12,320 [INFO] 结果已保存到: /tmp/stock_notifications/stock_redhover_filter.txt
2026-05-05 21:36:56,401 [INFO] 共找到 5512 支股票数据
2026-05-05 21:37:15,922 [INFO] ==================================================
2026-05-05 21:37:15,922 [INFO] 筛选结果：共 4 支股票符合条件
2026-05-05 21:37:15,924 [INFO] 结果已保存到: /tmp/stock_notifications/stock_redhover_filter.txt
2026-05-05 21:41:24,747 [INFO] 共找到 5512 支股票数据
2026-05-05 21:41:26,950 [INFO] ✓ 603317.SH 通过筛选 T-2=10.01%涨停 T-1低价守住涨停价 T日未涨停 T-1放量2.02x
2026-05-05 21:41:34,057 [INFO] ✓ 001266.SZ 通过筛选 T-2=10.01%涨停 T-1低价守住涨停价 T日未涨停 T-1放量3.80x
2026-05-05 21:41:36,114 [INFO] ✓ 002652.SZ 通过筛选 T-2=9.98%涨停 T-1低价守住涨停价 T日未涨停 T-1放量0.83x
2026-05-05 21:41:36,666 [INFO] ✓ 605168.SH 通过筛选 T-2=10.00%涨停 T-1低价守住涨停价 T日未涨停 T-1放量1.45x
2026-05-05 21:41:46,894 [INFO] ==================================================
2026-05-05 21:41:46,894 [INFO] 筛选结果：共 4 支股票符合条件
2026-05-05 21:41:46,895 [INFO] 结果已保存到: /tmp/stock_notifications/stock_redhover_filter.txt
2026-05-05 21:49:32,924 [INFO] 共找到 5512 支股票数据
2026-05-05 21:49:34,896 [INFO] ✓ 603317.SH 通过筛选 T-2=10.01%涨停 T-1低价守住涨停价 T日未涨停 T-1放量2.02x
2026-05-05 21:49:41,206 [INFO] ✓ 001266.SZ 通过筛选 T-2=10.01%涨停 T-1低价守住涨停价 T日未涨停 T-1放量3.80x
2026-05-05 21:49:43,043 [INFO] ✓ 002652.SZ 通过筛选 T-2=9.98%涨停 T-1低价守住涨停价 T日未涨停 T-1放量0.83x
2026-05-05 21:49:43,546 [INFO] ✓ 605168.SH 通过筛选 T-2=10.00%涨停 T-1低价守住涨停价 T日未涨停 T-1放量1.45x
2026-05-05 21:49:53,265 [INFO] ==================================================
2026-05-05 21:49:53,266 [INFO] 筛选结果：共 4 支股票符合条件
2026-05-05 21:49:53,267 [INFO] 结果已保存到: /tmp/stock_notifications/stock_redhover_filter.txt
2026-05-05 21:57:54,454 [INFO] 共找到 5512 支股票数据
2026-05-05 21:57:56,370 [INFO] ✓ 603317.SH 通过筛选 T-2=10.01%涨停 T-1低价守住涨停价 T日未涨停 T-1放量2.02x
2026-05-05 21:58:02,716 [INFO] ✓ 001266.SZ 通过筛选 T-2=10.01%涨停 T-1低价守住涨停价 T日未涨停 T-1放量3.80x
2026-05-05 21:58:04,520 [INFO] ✓ 002652.SZ 通过筛选 T-2=9.98%涨停 T-1低价守住涨停价 T日未涨停 T-1放量0.83x
2026-05-05 21:58:05,006 [INFO] ✓ 605168.SH 通过筛选 T-2=10.00%涨停 T-1低价守住涨停价 T日未涨停 T-1放量1.45x
2026-05-05 21:58:15,175 [INFO] ==================================================
2026-05-05 21:58:15,176 [INFO] 筛选结果：共 4 支股票符合条件
2026-05-05 21:58:15,177 [INFO] 结果已保存到: /tmp/stock_notifications/redhover_result.txt
2026-05-05 22:01:02,515 [INFO] 共找到 5512 支股票数据
2026-05-05 22:01:04,483 [INFO] ✓ 603317.SH 通过筛选 T-2=10.01%涨停 T-1低价守住涨停价 T日未涨停 T-1放量2.02x
2026-05-05 22:01:10,875 [INFO] ✓ 001266.SZ 通过筛选 T-2=10.01%涨停 T-1低价守住涨停价 T日未涨停 T-1放量3.80x
2026-05-05 22:01:12,714 [INFO] ✓ 002652.SZ 通过筛选 T-2=9.98%涨停 T-1低价守住涨停价 T日未涨停 T-1放量0.83x
2026-05-05 22:01:13,206 [INFO] ✓ 605168.SH 通过筛选 T-2=10.00%涨停 T-1低价守住涨停价 T日未涨停 T-1放量1.45x
2026-05-05 22:01:21,574 [INFO] ==================================================
2026-05-05 22:01:21,574 [INFO] 筛选结果：共 4 支股票符合条件
2026-05-05 22:01:21,574 [INFO] 结果已保存到: /tmp/stock_notifications/redhover_result.txt
2026-05-05 22:08:14,127 [INFO] 共找到 5512 支股票数据
2026-05-05 22:08:16,034 [INFO] ✓ 603317.SH 通过筛选 T-2=10.01%涨停 T-1低价守住涨停价 T日未涨停 T-1放量2.02x
2026-05-05 22:08:22,212 [INFO] ✓ 001266.SZ 通过筛选 T-2=10.01%涨停 T-1低价守住涨停价 T日未涨停 T-1放量3.80x
2026-05-05 22:08:24,007 [INFO] ✓ 002652.SZ 通过筛选 T-2=9.98%涨停 T-1低价守住涨停价 T日未涨停 T-1放量0.83x
2026-05-05 22:08:24,499 [INFO] ✓ 605168.SH 通过筛选 T-2=10.00%涨停 T-1低价守住涨停价 T日未涨停 T-1放量1.45x
2026-05-05 22:08:34,303 [INFO] ==================================================
2026-05-05 22:08:34,303 [INFO] 筛选结果：共 4 支股票符合条件
2026-05-05 22:08:34,303 [INFO] 结果已保存到: /tmp/stock_notifications/redhover_result.txt
2026-05-06 21:17:59,823 [INFO] 共找到 5512 支股票数据
2026-05-06 21:18:00,810 [INFO] ✓ 300769.SZ 通过筛选 T-2=20.00%涨停 T-1低价守住涨停价 T日未涨停 T-1放量1.47x
2026-05-06 21:18:01,840 [INFO] ✓ 605299.SH 通过筛选 T-2=10.01%涨停 T-1低价守住涨停价 T日未涨停 T-1放量0.70x
2026-05-06 21:18:03,418 [INFO] ✓ 603095.SH 通过筛选 T-2=10.02%涨停 T-1低价守住涨停价 T日未涨停 T-1放量0.16x
2026-05-06 21:18:03,646 [INFO] ✓ 002851.SZ 通过筛选 T-2=10.00%涨停 T-1低价守住涨停价 T日未涨停 T-1放量1.69x
2026-05-06 21:18:04,441 [INFO] ✓ 300632.SZ 通过筛选 T-2=20.01%涨停 T-1低价守住涨停价 T日未涨停 T-1放量4.16x
2026-05-06 21:18:06,667 [INFO] ✓ 600111.SH 通过筛选 T-2=10.00%涨停 T-1低价守住涨停价 T日未涨停 T-1放量1.45x
2026-05-06 21:18:06,779 [INFO] ✓ 002354.SZ 通过筛选 T-2=9.98%涨停 T-1低价守住涨停价 T日未涨停 T-1放量4.37x
2026-05-06 21:18:08,290 [INFO] ✓ 001266.SZ 通过筛选 T-2=9.99%涨停 T-1低价守住涨停价 T日未涨停 T-1放量5.60x
2026-05-06 21:18:08,837 [INFO] ✓ 002645.SZ 通过筛选 T-2=10.00%涨停 T-1低价守住涨停价 T日未涨停 T-1放量1.85x
2026-05-06 21:18:09,157 [INFO] ✓ 002756.SZ 通过筛选 T-2=10.00%涨停 T-1低价守住涨停价 T日未涨停 T-1放量1.51x
2026-05-06 21:18:09,326 [INFO] ✓ 000980.SZ 通过筛选 T-2=10.10%涨停 T-1低价守住涨停价 T日未涨停 T-1放量2.00x
2026-05-06 21:18:10,194 [INFO] ✓ 920125.BJ 通过筛选 T-2=30.00%涨停 T-1低价守住涨停价 T日未涨停 T-1放量0.64x
2026-05-06 21:18:10,570 [INFO] ✓ 000567.SZ 通过筛选 T-2=9.98%涨停 T-1低价守住涨停价 T日未涨停 T-1放量3.07x
2026-05-06 21:18:10,684 [INFO] ✓ 002348.SZ 通过筛选 T-2=9.97%涨停 T-1低价守住涨停价 T日未涨停 T-1放量0.88x
2026-05-06 21:18:11,136 [INFO] ✓ 000551.SZ 通过筛选 T-2=9.98%涨停 T-1低价守住涨停价 T日未涨停 T-1放量2.79x
2026-05-06 21:18:11,944 [INFO] ✓ 300438.SZ 通过筛选 T-2=20.00%涨停 T-1低价守住涨停价 T日未涨停 T-1放量0.99x
2026-05-06 21:18:12,302 [INFO] ✓ 002842.SZ 通过筛选 T-2=10.00%涨停 T-1低价守住涨停价 T日未涨停 T-1放量1.55x
2026-05-06 21:18:12,789 [INFO] ✓ 688531.SH 通过筛选 T-2=20.00%涨停 T-1低价守住涨停价 T日未涨停 T-1放量10.03x
2026-05-06 21:18:14,045 [INFO] ✓ 605099.SH 通过筛选 T-2=10.00%涨停 T-1低价守住涨停价 T日未涨停 T-1放量1.18x
2026-05-06 21:18:14,274 [INFO] ✓ 603933.SH 通过筛选 T-2=10.02%涨停 T-1低价守住涨停价 T日未涨停 T-1放量2.89x
2026-05-06 21:18:15,856 [INFO] ✓ 002111.SZ 通过筛选 T-2=10.02%涨停 T-1低价守住涨停价 T日未涨停 T-1放量2.74x
2026-05-06 21:18:16,166 [INFO] ✓ 600714.SH 通过筛选 T-2=10.02%涨停 T-1低价守住涨停价 T日未涨停 T-1放量2.49x
2026-05-06 21:18:18,731 [INFO] ✓ 002568.SZ 通过筛选 T-2=10.00%涨停 T-1低价守住涨停价 T日未涨停 T-1放量2.45x
2026-05-06 21:18:18,758 [INFO] ✓ 603083.SH 通过筛选 T-2=10.00%涨停 T-1低价守住涨停价 T日未涨停 T-1放量1.30x
2026-05-06 21:18:19,004 [INFO] ✓ 002192.SZ 通过筛选 T-2=10.00%涨停 T-1低价守住涨停价 T日未涨停 T-1放量0.85x
2026-05-06 21:18:19,037 [INFO] ✓ 920186.BJ 通过筛选 T-2=344.05%涨停 T-1低价守住涨停价 T日未涨停 T-1放量0.62x
2026-05-06 21:18:20,766 [INFO] ==================================================
2026-05-06 21:18:20,766 [INFO] 筛选结果：共 26 支股票符合条件
2026-05-06 21:18:20,770 [INFO] 结果已保存到: /tmp/stock_notifications/redhover_result.txt
2026-05-06 23:33:25,959 [INFO] 共找到 5512 支股票数据
2026-05-06 23:33:26,902 [INFO] ✓ 300769.SZ 通过筛选 T-2=20.00%涨停 T-1低价守住涨停价 T日未涨停 T-1放量1.47x
2026-05-06 23:33:27,893 [INFO] ✓ 605299.SH 通过筛选 T-2=10.01%涨停 T-1低价守住涨停价 T日未涨停 T-1放量0.70x
2026-05-06 23:33:29,615 [INFO] ✓ 603095.SH 通过筛选 T-2=10.02%涨停 T-1低价守住涨停价 T日未涨停 T-1放量0.16x
2026-05-06 23:33:29,845 [INFO] ✓ 002851.SZ 通过筛选 T-2=10.00%涨停 T-1低价守住涨停价 T日未涨停 T-1放量1.69x
2026-05-06 23:33:30,619 [INFO] ✓ 300632.SZ 通过筛选 T-2=20.01%涨停 T-1低价守住涨停价 T日未涨停 T-1放量4.16x
2026-05-06 23:33:32,790 [INFO] ✓ 600111.SH 通过筛选 T-2=10.00%涨停 T-1低价守住涨停价 T日未涨停 T-1放量1.45x
2026-05-06 23:33:32,893 [INFO] ✓ 002354.SZ 通过筛选 T-2=9.98%涨停 T-1低价守住涨停价 T日未涨停 T-1放量4.37x
2026-05-06 23:33:34,325 [INFO] ✓ 001266.SZ 通过筛选 T-2=9.99%涨停 T-1低价守住涨停价 T日未涨停 T-1放量5.60x
2026-05-06 23:33:34,860 [INFO] ✓ 002645.SZ 通过筛选 T-2=10.00%涨停 T-1低价守住涨停价 T日未涨停 T-1放量1.85x
2026-05-06 23:33:35,184 [INFO] ✓ 002756.SZ 通过筛选 T-2=10.00%涨停 T-1低价守住涨停价 T日未涨停 T-1放量1.51x
2026-05-06 23:33:35,339 [INFO] ✓ 000980.SZ 通过筛选 T-2=10.10%涨停 T-1低价守住涨停价 T日未涨停 T-1放量2.00x
2026-05-06 23:33:36,164 [INFO] ✓ 920125.BJ 通过筛选 T-2=30.00%涨停 T-1低价守住涨停价 T日未涨停 T-1放量0.64x
2026-05-06 23:33:36,538 [INFO] ✓ 000567.SZ 通过筛选 T-2=9.98%涨停 T-1低价守住涨停价 T日未涨停 T-1放量3.07x
2026-05-06 23:33:36,632 [INFO] ✓ 002348.SZ 通过筛选 T-2=9.97%涨停 T-1低价守住涨停价 T日未涨停 T-1放量0.88x
2026-05-06 23:33:37,071 [INFO] ✓ 000551.SZ 通过筛选 T-2=9.98%涨停 T-1低价守住涨停价 T日未涨停 T-1放量2.79x
2026-05-06 23:33:37,829 [INFO] ✓ 300438.SZ 通过筛选 T-2=20.00%涨停 T-1低价守住涨停价 T日未涨停 T-1放量0.99x
2026-05-06 23:33:38,171 [INFO] ✓ 002842.SZ 通过筛选 T-2=10.00%涨停 T-1低价守住涨停价 T日未涨停 T-1放量1.55x
2026-05-06 23:33:38,639 [INFO] ✓ 688531.SH 通过筛选 T-2=20.00%涨停 T-1低价守住涨停价 T日未涨停 T-1放量10.03x
2026-05-06 23:33:39,852 [INFO] ✓ 605099.SH 通过筛选 T-2=10.00%涨停 T-1低价守住涨停价 T日未涨停 T-1放量1.18x
2026-05-06 23:33:40,074 [INFO] ✓ 603933.SH 通过筛选 T-2=10.02%涨停 T-1低价守住涨停价 T日未涨停 T-1放量2.89x
2026-05-06 23:33:41,582 [INFO] ✓ 002111.SZ 通过筛选 T-2=10.02%涨停 T-1低价守住涨停价 T日未涨停 T-1放量2.74x
2026-05-06 23:33:41,883 [INFO] ✓ 600714.SH 通过筛选 T-2=10.02%涨停 T-1低价守住涨停价 T日未涨停 T-1放量2.49x
2026-05-06 23:33:44,353 [INFO] ✓ 002568.SZ 通过筛选 T-2=10.00%涨停 T-1低价守住涨停价 T日未涨停 T-1放量2.45x
2026-05-06 23:33:44,379 [INFO] ✓ 603083.SH 通过筛选 T-2=10.00%涨停 T-1低价守住涨停价 T日未涨停 T-1放量1.30x
2026-05-06 23:33:44,629 [INFO] ✓ 002192.SZ 通过筛选 T-2=10.00%涨停 T-1低价守住涨停价 T日未涨停 T-1放量0.85x
2026-05-06 23:33:44,661 [INFO] ✓ 920186.BJ 通过筛选 T-2=344.05%涨停 T-1低价守住涨停价 T日未涨停 T-1放量0.62x
2026-05-06 23:33:46,386 [INFO] ==================================================
2026-05-06 23:33:46,386 [INFO] 筛选结果：共 26 支股票符合条件
2026-05-06 23:33:46,389 [INFO] 结果已保存到: /tmp/stock_notifications/redhover_result.txt
2026-05-07 18:59:14,515 [INFO] 共找到 5513 支股票数据
2026-05-07 18:59:15,007 [INFO] ✓ 000783.SZ 通过筛选 T-2=10.06%涨停 T-1低价守住涨停价 T日未涨停 T-1放量0.93x
2026-05-07 18:59:15,642 [INFO] ✓ 688256.SH 通过筛选 T-2=20.00%涨停 T-1低价守住涨停价 T日未涨停 T-1放量1.11x
2026-05-07 18:59:15,993 [INFO] ✓ 603937.SH 通过筛选 T-2=10.03%涨停 T-1低价守住涨停价 T日未涨停 T-1放量0.43x
2026-05-07 18:59:16,793 [INFO] ✓ 000553.SZ 通过筛选 T-2=10.00%涨停 T-1低价守住涨停价 T日未涨停 T-1放量4.49x
2026-05-07 18:59:18,436 [INFO] ✓ 002785.SZ 通过筛选 T-2=10.00%涨停 T-1低价守住涨停价 T日未涨停 T-1放量0.88x
2026-05-07 18:59:19,169 [INFO] ✓ 600379.SH 通过筛选 T-2=10.03%涨停 T-1低价守住涨停价 T日未涨停 T-1放量0.61x
2026-05-07 18:59:19,212 [INFO] ✓ 001316.SZ 通过筛选 T-2=10.00%涨停 T-1低价守住涨停价 T日未涨停 T-1放量1.71x
2026-05-07 18:59:19,708 [INFO] ✓ 688400.SH 通过筛选 T-2=20.01%涨停 T-1低价守住涨停价 T日未涨停 T-1放量1.02x
2026-05-07 18:59:20,039 [INFO] ✓ 002640.SZ 通过筛选 T-2=9.94%涨停 T-1低价守住涨停价 T日未涨停 T-1放量2.52x
2026-05-07 18:59:20,144 [INFO] ✓ 603030.SH 通过筛选 T-2=9.96%涨停 T-1低价守住涨停价 T日未涨停 T-1放量3.11x
2026-05-07 18:59:20,676 [INFO] ✓ 603131.SH 通过筛选 T-2=10.01%涨停 T-1低价守住涨停价 T日未涨停 T-1放量2.69x
2026-05-07 18:59:22,934 [INFO] ✓ 603399.SH 通过筛选 T-2=9.98%涨停 T-1低价守住涨停价 T日未涨停 T-1放量0.88x
2026-05-07 18:59:24,304 [INFO] ✓ 920125.BJ 通过筛选 T-2=29.99%涨停 T-1低价守住涨停价 T日未涨停 T-1放量1.01x
2026-05-07 18:59:27,664 [INFO] ✓ 301599.SZ 通过筛选 T-2=348.60%涨停 T-1低价守住涨停价 T日未涨停 T-1放量0.86x
2026-05-07 18:59:28,984 [INFO] ✓ 002453.SZ 通过筛选 T-2=10.00%涨停 T-1低价守住涨停价 T日未涨停 T-1放量3.66x
2026-05-07 18:59:29,196 [INFO] ✓ 605123.SH 通过筛选 T-2=10.00%涨停 T-1低价守住涨停价 T日未涨停 T-1放量1.56x
2026-05-07 18:59:30,455 [INFO] ✓ 002149.SZ 通过筛选 T-2=9.99%涨停 T-1低价守住涨停价 T日未涨停 T-1放量0.89x
2026-05-07 18:59:32,521 [INFO] ✓ 600246.SH 通过筛选 T-2=10.05%涨停 T-1低价守住涨停价 T日未涨停 T-1放量1.25x
2026-05-07 18:59:33,183 [INFO] ✓ 688699.SH 通过筛选 T-2=20.00%涨停 T-1低价守住涨停价 T日未涨停 T-1放量2.81x
2026-05-07 18:59:33,410 [INFO] ✓ 002989.SZ 通过筛选 T-2=10.02%涨停 T-1低价守住涨停价 T日未涨停 T-1放量1.17x
2026-05-07 18:59:33,767 [INFO] ✓ 603726.SH 通过筛选 T-2=10.00%涨停 T-1低价守住涨停价 T日未涨停 T-1放量1.79x
2026-05-07 18:59:35,128 [INFO] ✓ 002158.SZ 通过筛选 T-2=10.00%涨停 T-1低价守住涨停价 T日未涨停 T-1放量1.87x
2026-05-07 18:59:35,163 [INFO] ==================================================
2026-05-07 18:59:35,163 [INFO] 筛选结果：共 22 支股票符合条件
2026-05-07 18:59:35,165 [INFO] 结果已保存到: /tmp/stock_notifications/redhover_result.txt
2026-05-07 21:19:04,268 [INFO] 共找到 5513 支股票数据
2026-05-07 21:19:04,777 [INFO] ✓ 000783.SZ 通过筛选 T-2=10.06%涨停 T-1低价守住涨停价 T日未涨停 T-1放量0.93x
2026-05-07 21:19:05,443 [INFO] ✓ 688256.SH 通过筛选 T-2=20.00%涨停 T-1低价守住涨停价 T日未涨停 T-1放量1.11x
2026-05-07 21:19:05,807 [INFO] ✓ 603937.SH 通过筛选 T-2=10.03%涨停 T-1低价守住涨停价 T日未涨停 T-1放量0.43x
2026-05-07 21:19:06,642 [INFO] ✓ 000553.SZ 通过筛选 T-2=10.00%涨停 T-1低价守住涨停价 T日未涨停 T-1放量4.49x
2026-05-07 21:19:08,359 [INFO] ✓ 002785.SZ 通过筛选 T-2=10.00%涨停 T-1低价守住涨停价 T日未涨停 T-1放量0.88x
2026-05-07 21:19:09,135 [INFO] ✓ 600379.SH 通过筛选 T-2=10.03%涨停 T-1低价守住涨停价 T日未涨停 T-1放量0.61x
2026-05-07 21:19:09,181 [INFO] ✓ 001316.SZ 通过筛选 T-2=10.00%涨停 T-1低价守住涨停价 T日未涨停 T-1放量1.71x
2026-05-07 21:19:09,693 [INFO] ✓ 688400.SH 通过筛选 T-2=20.01%涨停 T-1低价守住涨停价 T日未涨停 T-1放量1.02x
2026-05-07 21:19:10,028 [INFO] ✓ 002640.SZ 通过筛选 T-2=9.94%涨停 T-1低价守住涨停价 T日未涨停 T-1放量2.52x
2026-05-07 21:19:10,139 [INFO] ✓ 603030.SH 通过筛选 T-2=9.96%涨停 T-1低价守住涨停价 T日未涨停 T-1放量3.11x
2026-05-07 21:19:10,696 [INFO] ✓ 603131.SH 通过筛选 T-2=10.01%涨停 T-1低价守住涨停价 T日未涨停 T-1放量2.69x
2026-05-07 21:19:13,214 [INFO] ✓ 603399.SH 通过筛选 T-2=9.98%涨停 T-1低价守住涨停价 T日未涨停 T-1放量0.88x
2026-05-07 21:19:14,655 [INFO] ✓ 920125.BJ 通过筛选 T-2=29.99%涨停 T-1低价守住涨停价 T日未涨停 T-1放量1.01x
2026-05-07 21:19:18,190 [INFO] ✓ 301599.SZ 通过筛选 T-2=348.60%涨停 T-1低价守住涨停价 T日未涨停 T-1放量0.86x
2026-05-07 21:19:19,558 [INFO] ✓ 002453.SZ 通过筛选 T-2=10.00%涨停 T-1低价守住涨停价 T日未涨停 T-1放量3.66x
2026-05-07 21:19:19,771 [INFO] ✓ 605123.SH 通过筛选 T-2=10.00%涨停 T-1低价守住涨停价 T日未涨停 T-1放量1.56x
2026-05-07 21:19:20,980 [INFO] ✓ 002149.SZ 通过筛选 T-2=9.99%涨停 T-1低价守住涨停价 T日未涨停 T-1放量0.89x
2026-05-07 21:19:22,618 [INFO] ✓ 600246.SH 通过筛选 T-2=10.05%涨停 T-1低价守住涨停价 T日未涨停 T-1放量1.25x
2026-05-07 21:19:23,121 [INFO] ✓ 688699.SH 通过筛选 T-2=20.00%涨停 T-1低价守住涨停价 T日未涨停 T-1放量2.81x
2026-05-07 21:19:23,349 [INFO] ✓ 002989.SZ 通过筛选 T-2=10.02%涨停 T-1低价守住涨停价 T日未涨停 T-1放量1.17x
2026-05-07 21:19:23,724 [INFO] ✓ 603726.SH 通过筛选 T-2=10.00%涨停 T-1低价守住涨停价 T日未涨停 T-1放量1.79x
2026-05-07 21:19:25,111 [INFO] ✓ 002158.SZ 通过筛选 T-2=10.00%涨停 T-1低价守住涨停价 T日未涨停 T-1放量1.87x
2026-05-07 21:19:25,147 [INFO] ==================================================
2026-05-07 21:19:25,147 [INFO] 筛选结果：共 22 支股票符合条件
2026-05-07 21:19:25,150 [INFO] 结果已保存到: /tmp/stock_notifications/redhover_result.txt
2026-05-07 21:42:15,368 [INFO] 共找到 5513 支股票数据
2026-05-07 21:42:15,876 [INFO] ✓ 000783.SZ 通过筛选 T-2=10.06%涨停 T-1低价守住涨停价 T日未涨停 T-1放量0.93x
2026-05-07 21:42:16,553 [INFO] ✓ 688256.SH 通过筛选 T-2=20.00%涨停 T-1低价守住涨停价 T日未涨停 T-1放量1.11x
2026-05-07 21:42:16,922 [INFO] ✓ 603937.SH 通过筛选 T-2=10.03%涨停 T-1低价守住涨停价 T日未涨停 T-1放量0.43x
2026-05-07 21:42:17,748 [INFO] ✓ 000553.SZ 通过筛选 T-2=10.00%涨停 T-1低价守住涨停价 T日未涨停 T-1放量4.49x
2026-05-07 21:42:19,400 [INFO] ✓ 002785.SZ 通过筛选 T-2=10.00%涨停 T-1低价守住涨停价 T日未涨停 T-1放量0.88x
2026-05-07 21:42:20,136 [INFO] ✓ 600379.SH 通过筛选 T-2=10.03%涨停 T-1低价守住涨停价 T日未涨停 T-1放量0.61x
2026-05-07 21:42:20,183 [INFO] ✓ 001316.SZ 通过筛选 T-2=10.00%涨停 T-1低价守住涨停价 T日未涨停 T-1放量1.71x
2026-05-07 21:42:20,677 [INFO] ✓ 688400.SH 通过筛选 T-2=20.01%涨停 T-1低价守住涨停价 T日未涨停 T-1放量1.02x
2026-05-07 21:42:20,997 [INFO] ✓ 002640.SZ 通过筛选 T-2=9.94%涨停 T-1低价守住涨停价 T日未涨停 T-1放量2.52x
2026-05-07 21:42:21,103 [INFO] ✓ 603030.SH 通过筛选 T-2=9.96%涨停 T-1低价守住涨停价 T日未涨停 T-1放量3.11x
2026-05-07 21:42:21,646 [INFO] ✓ 603131.SH 通过筛选 T-2=10.01%涨停 T-1低价守住涨停价 T日未涨停 T-1放量2.69x
2026-05-07 21:42:23,961 [INFO] ✓ 603399.SH 通过筛选 T-2=9.98%涨停 T-1低价守住涨停价 T日未涨停 T-1放量0.88x
2026-05-07 21:42:25,363 [INFO] ✓ 920125.BJ 通过筛选 T-2=29.99%涨停 T-1低价守住涨停价 T日未涨停 T-1放量1.01x
2026-05-07 21:42:28,852 [INFO] ✓ 301599.SZ 通过筛选 T-2=348.60%涨停 T-1低价守住涨停价 T日未涨停 T-1放量0.86x
2026-05-07 21:42:30,267 [INFO] ✓ 002453.SZ 通过筛选 T-2=10.00%涨停 T-1低价守住涨停价 T日未涨停 T-1放量3.66x
2026-05-07 21:42:30,471 [INFO] ✓ 605123.SH 通过筛选 T-2=10.00%涨停 T-1低价守住涨停价 T日未涨停 T-1放量1.56x
2026-05-07 21:42:31,697 [INFO] ✓ 002149.SZ 通过筛选 T-2=9.99%涨停 T-1低价守住涨停价 T日未涨停 T-1放量0.89x
2026-05-07 21:42:33,250 [INFO] ✓ 600246.SH 通过筛选 T-2=10.05%涨停 T-1低价守住涨停价 T日未涨停 T-1放量1.25x
2026-05-07 21:42:33,778 [INFO] ✓ 688699.SH 通过筛选 T-2=20.00%涨停 T-1低价守住涨停价 T日未涨停 T-1放量2.81x
2026-05-07 21:42:34,007 [INFO] ✓ 002989.SZ 通过筛选 T-2=10.02%涨停 T-1低价守住涨停价 T日未涨停 T-1放量1.17x
2026-05-07 21:42:34,373 [INFO] ✓ 603726.SH 通过筛选 T-2=10.00%涨停 T-1低价守住涨停价 T日未涨停 T-1放量1.79x
2026-05-07 21:42:35,735 [INFO] ✓ 002158.SZ 通过筛选 T-2=10.00%涨停 T-1低价守住涨停价 T日未涨停 T-1放量1.87x
2026-05-07 21:42:35,766 [INFO] ==================================================
2026-05-07 21:42:35,766 [INFO] 筛选结果：共 22 支股票符合条件
2026-05-07 21:42:35,769 [INFO] 结果已保存到: /tmp/stock_notifications/redhover_result.txt
2026-05-07 22:02:16,321 [INFO] 共找到 5513 支股票数据
2026-05-07 22:02:17,053 [INFO] ✓ 000783.SZ 通过筛选 T-2=10.06%涨停 T-1低价守住涨停价 T日未涨停 T-1放量0.93x
2026-05-07 22:02:18,069 [INFO] ✓ 688256.SH 通过筛选 T-2=20.00%涨停 T-1低价守住涨停价 T日未涨停 T-1放量1.11x
2026-05-07 22:02:18,609 [INFO] ✓ 603937.SH 通过筛选 T-2=10.03%涨停 T-1低价守住涨停价 T日未涨停 T-1放量0.43x
2026-05-07 22:02:19,860 [INFO] ✓ 000553.SZ 通过筛选 T-2=10.00%涨停 T-1低价守住涨停价 T日未涨停 T-1放量4.49x
2026-05-07 22:02:22,678 [INFO] ✓ 002785.SZ 通过筛选 T-2=10.00%涨停 T-1低价守住涨停价 T日未涨停 T-1放量0.88x
2026-05-07 22:02:23,801 [INFO] ✓ 600379.SH 通过筛选 T-2=10.03%涨停 T-1低价守住涨停价 T日未涨停 T-1放量0.61x
2026-05-07 22:02:23,867 [INFO] ✓ 001316.SZ 通过筛选 T-2=10.00%涨停 T-1低价守住涨停价 T日未涨停 T-1放量1.71x
2026-05-07 22:02:24,626 [INFO] ✓ 688400.SH 通过筛选 T-2=20.01%涨停 T-1低价守住涨停价 T日未涨停 T-1放量1.02x
2026-05-07 22:02:25,110 [INFO] ✓ 002640.SZ 通过筛选 T-2=9.94%涨停 T-1低价守住涨停价 T日未涨停 T-1放量2.52x
2026-05-07 22:02:25,259 [INFO] ✓ 603030.SH 通过筛选 T-2=9.96%涨停 T-1低价守住涨停价 T日未涨停 T-1放量3.11x
2026-05-07 22:02:26,072 [INFO] ✓ 603131.SH 通过筛选 T-2=10.01%涨停 T-1低价守住涨停价 T日未涨停 T-1放量2.69x
2026-05-07 22:02:29,553 [INFO] ✓ 603399.SH 通过筛选 T-2=9.98%涨停 T-1低价守住涨停价 T日未涨停 T-1放量0.88x
2026-05-07 22:02:31,984 [INFO] ✓ 920125.BJ 通过筛选 T-2=29.99%涨停 T-1低价守住涨停价 T日未涨停 T-1放量1.01x
2026-05-07 22:02:36,968 [INFO] ✓ 301599.SZ 通过筛选 T-2=348.60%涨停 T-1低价守住涨停价 T日未涨停 T-1放量0.86x
2026-05-07 22:02:38,966 [INFO] ✓ 002453.SZ 通过筛选 T-2=10.00%涨停 T-1低价守住涨停价 T日未涨停 T-1放量3.66x
2026-05-07 22:02:39,302 [INFO] ✓ 605123.SH 通过筛选 T-2=10.00%涨停 T-1低价守住涨停价 T日未涨停 T-1放量1.56x
2026-05-07 22:02:41,566 [INFO] ✓ 002149.SZ 通过筛选 T-2=9.99%涨停 T-1低价守住涨停价 T日未涨停 T-1放量0.89x
2026-05-07 22:02:43,971 [INFO] ✓ 600246.SH 通过筛选 T-2=10.05%涨停 T-1低价守住涨停价 T日未涨停 T-1放量1.25x
2026-05-07 22:02:44,744 [INFO] ✓ 688699.SH 通过筛选 T-2=20.00%涨停 T-1低价守住涨停价 T日未涨停 T-1放量2.81x
2026-05-07 22:02:45,089 [INFO] ✓ 002989.SZ 通过筛选 T-2=10.02%涨停 T-1低价守住涨停价 T日未涨停 T-1放量1.17x
2026-05-07 22:02:45,696 [INFO] ✓ 603726.SH 通过筛选 T-2=10.00%涨停 T-1低价守住涨停价 T日未涨停 T-1放量1.79x
2026-05-07 22:02:47,736 [INFO] ✓ 002158.SZ 通过筛选 T-2=10.00%涨停 T-1低价守住涨停价 T日未涨停 T-1放量1.87x
2026-05-07 22:02:47,784 [INFO] ==================================================
2026-05-07 22:02:47,784 [INFO] 筛选结果：共 22 支股票符合条件
2026-05-07 22:02:47,790 [INFO] 结果已保存到: /tmp/stock_notifications/redhover_result.txt
2026-05-07 22:03:03,010 [INFO] 共找到 5513 支股票数据
2026-05-07 22:03:04,534 [INFO] ✓ 000783.SZ 通过筛选 T-2=10.06%涨停 T-1低价守住涨停价 T日未涨停 T-1放量0.93x
2026-05-07 22:03:05,576 [INFO] ✓ 688256.SH 通过筛选 T-2=20.00%涨停 T-1低价守住涨停价 T日未涨停 T-1放量1.11x
2026-05-07 22:03:06,166 [INFO] ✓ 603937.SH 通过筛选 T-2=10.03%涨停 T-1低价守住涨停价 T日未涨停 T-1放量0.43x
2026-05-07 22:03:07,303 [INFO] ✓ 000553.SZ 通过筛选 T-2=10.00%涨停 T-1低价守住涨停价 T日未涨停 T-1放量4.49x
2026-05-07 22:03:09,826 [INFO] ✓ 002785.SZ 通过筛选 T-2=10.00%涨停 T-1低价守住涨停价 T日未涨停 T-1放量0.88x
2026-05-07 22:03:10,948 [INFO] ✓ 600379.SH 通过筛选 T-2=10.03%涨停 T-1低价守住涨停价 T日未涨停 T-1放量0.61x
2026-05-07 22:03:11,009 [INFO] ✓ 001316.SZ 通过筛选 T-2=10.00%涨停 T-1低价守住涨停价 T日未涨停 T-1放量1.71x
2026-05-07 22:03:11,715 [INFO] ✓ 688400.SH 通过筛选 T-2=20.01%涨停 T-1低价守住涨停价 T日未涨停 T-1放量1.02x
2026-05-07 22:03:12,197 [INFO] ✓ 002640.SZ 通过筛选 T-2=9.94%涨停 T-1低价守住涨停价 T日未涨停 T-1放量2.52x
2026-05-07 22:03:12,340 [INFO] ✓ 603030.SH 通过筛选 T-2=9.96%涨停 T-1低价守住涨停价 T日未涨停 T-1放量3.11x
2026-05-07 22:03:13,110 [INFO] ✓ 603131.SH 通过筛选 T-2=10.01%涨停 T-1低价守住涨停价 T日未涨停 T-1放量2.69x
2026-05-07 22:03:16,309 [INFO] ✓ 603399.SH 通过筛选 T-2=9.98%涨停 T-1低价守住涨停价 T日未涨停 T-1放量0.88x
2026-05-07 22:03:18,479 [INFO] ✓ 920125.BJ 通过筛选 T-2=29.99%涨停 T-1低价守住涨停价 T日未涨停 T-1放量1.01x
2026-05-07 22:03:23,316 [INFO] ✓ 301599.SZ 通过筛选 T-2=348.60%涨停 T-1低价守住涨停价 T日未涨停 T-1放量0.86x
2026-05-07 22:03:25,442 [INFO] ✓ 002453.SZ 通过筛选 T-2=10.00%涨停 T-1低价守住涨停价 T日未涨停 T-1放量3.66x
2026-05-07 22:03:25,754 [INFO] ✓ 605123.SH 通过筛选 T-2=10.00%涨停 T-1低价守住涨停价 T日未涨停 T-1放量1.56x
2026-05-07 22:03:27,568 [INFO] ✓ 002149.SZ 通过筛选 T-2=9.99%涨停 T-1低价守住涨停价 T日未涨停 T-1放量0.89x
2026-05-07 22:03:29,954 [INFO] ✓ 600246.SH 通过筛选 T-2=10.05%涨停 T-1低价守住涨停价 T日未涨停 T-1放量1.25x
2026-05-07 22:03:30,737 [INFO] ✓ 688699.SH 通过筛选 T-2=20.00%涨停 T-1低价守住涨停价 T日未涨停 T-1放量2.81x
2026-05-07 22:03:31,093 [INFO] ✓ 002989.SZ 通过筛选 T-2=10.02%涨停 T-1低价守住涨停价 T日未涨停 T-1放量1.17x
2026-05-07 22:03:31,671 [INFO] ✓ 603726.SH 通过筛选 T-2=10.00%涨停 T-1低价守住涨停价 T日未涨停 T-1放量1.79x
2026-05-07 22:03:33,828 [INFO] ✓ 002158.SZ 通过筛选 T-2=10.00%涨停 T-1低价守住涨停价 T日未涨停 T-1放量1.87x
2026-05-07 22:03:33,876 [INFO] ==================================================
2026-05-07 22:03:33,876 [INFO] 筛选结果：共 22 支股票符合条件
2026-05-07 22:03:33,883 [INFO] 结果已保存到: /tmp/stock_notifications/redhover_result.txt
2026-05-07 22:04:06,550 [INFO] 共找到 5513 支股票数据
2026-05-07 22:04:07,271 [INFO] ✓ 000783.SZ 通过筛选 T-2=10.06%涨停 T-1低价守住涨停价 T日未涨停 T-1放量0.93x
2026-05-07 22:04:08,238 [INFO] ✓ 688256.SH 通过筛选 T-2=20.00%涨停 T-1低价守住涨停价 T日未涨停 T-1放量1.11x
2026-05-07 22:04:08,767 [INFO] ✓ 603937.SH 通过筛选 T-2=10.03%涨停 T-1低价守住涨停价 T日未涨停 T-1放量0.43x
2026-05-07 22:04:09,962 [INFO] ✓ 000553.SZ 通过筛选 T-2=10.00%涨停 T-1低价守住涨停价 T日未涨停 T-1放量4.49x
2026-05-07 22:04:12,516 [INFO] ✓ 002785.SZ 通过筛选 T-2=10.00%涨停 T-1低价守住涨停价 T日未涨停 T-1放量0.88x
2026-05-07 22:04:13,922 [INFO] ✓ 600379.SH 通过筛选 T-2=10.03%涨停 T-1低价守住涨停价 T日未涨停 T-1放量0.61x
2026-05-07 22:04:13,987 [INFO] ✓ 001316.SZ 通过筛选 T-2=10.00%涨停 T-1低价守住涨停价 T日未涨停 T-1放量1.71x
2026-05-07 22:04:14,774 [INFO] ✓ 688400.SH 通过筛选 T-2=20.01%涨停 T-1低价守住涨停价 T日未涨停 T-1放量1.02x
2026-05-07 22:04:15,268 [INFO] ✓ 002640.SZ 通过筛选 T-2=9.94%涨停 T-1低价守住涨停价 T日未涨停 T-1放量2.52x
2026-05-07 22:04:15,428 [INFO] ✓ 603030.SH 通过筛选 T-2=9.96%涨停 T-1低价守住涨停价 T日未涨停 T-1放量3.11x
2026-05-07 22:04:16,269 [INFO] ✓ 603131.SH 通过筛选 T-2=10.01%涨停 T-1低价守住涨停价 T日未涨停 T-1放量2.69x
2026-05-07 22:04:19,810 [INFO] ✓ 603399.SH 通过筛选 T-2=9.98%涨停 T-1低价守住涨停价 T日未涨停 T-1放量0.88x
2026-05-07 22:04:22,337 [INFO] ✓ 920125.BJ 通过筛选 T-2=29.99%涨停 T-1低价守住涨停价 T日未涨停 T-1放量1.01x
2026-05-07 22:04:27,604 [INFO] ✓ 301599.SZ 通过筛选 T-2=348.60%涨停 T-1低价守住涨停价 T日未涨停 T-1放量0.86x
2026-05-07 22:04:29,643 [INFO] ✓ 002453.SZ 通过筛选 T-2=10.00%涨停 T-1低价守住涨停价 T日未涨停 T-1放量3.66x
2026-05-07 22:04:29,947 [INFO] ✓ 605123.SH 通过筛选 T-2=10.00%涨停 T-1低价守住涨停价 T日未涨停 T-1放量1.56x
2026-05-07 22:04:31,811 [INFO] ✓ 002149.SZ 通过筛选 T-2=9.99%涨停 T-1低价守住涨停价 T日未涨停 T-1放量0.89x
2026-05-07 22:04:34,151 [INFO] ✓ 600246.SH 通过筛选 T-2=10.05%涨停 T-1低价守住涨停价 T日未涨停 T-1放量1.25x
2026-05-07 22:04:34,929 [INFO] ✓ 688699.SH 通过筛选 T-2=20.00%涨停 T-1低价守住涨停价 T日未涨停 T-1放量2.81x
2026-05-07 22:04:35,272 [INFO] ✓ 002989.SZ 通过筛选 T-2=10.02%涨停 T-1低价守住涨停价 T日未涨停 T-1放量1.17x
2026-05-07 22:04:35,805 [INFO] ✓ 603726.SH 通过筛选 T-2=10.00%涨停 T-1低价守住涨停价 T日未涨停 T-1放量1.79x
2026-05-07 22:04:37,941 [INFO] ✓ 002158.SZ 通过筛选 T-2=10.00%涨停 T-1低价守住涨停价 T日未涨停 T-1放量1.87x
2026-05-07 22:04:37,988 [INFO] ==================================================
2026-05-07 22:04:37,988 [INFO] 筛选结果：共 22 支股票符合条件
2026-05-07 22:04:37,991 [INFO] 结果已保存到: /tmp/stock_notifications/redhover_result.txt
2026-05-07 22:05:25,499 [INFO] 共找到 5513 支股票数据
2026-05-07 22:05:26,251 [INFO] ✓ 000783.SZ 通过筛选 T-2=10.06%涨停 T-1低价守住涨停价 T日未涨停 T-1放量0.93x
2026-05-07 22:05:27,240 [INFO] ✓ 688256.SH 通过筛选 T-2=20.00%涨停 T-1低价守住涨停价 T日未涨停 T-1放量1.11x
2026-05-07 22:05:27,806 [INFO] ✓ 603937.SH 通过筛选 T-2=10.03%涨停 T-1低价守住涨停价 T日未涨停 T-1放量0.43x
2026-05-07 22:05:29,062 [INFO] ✓ 000553.SZ 通过筛选 T-2=10.00%涨停 T-1低价守住涨停价 T日未涨停 T-1放量4.49x
2026-05-07 22:05:31,912 [INFO] ✓ 002785.SZ 通过筛选 T-2=10.00%涨停 T-1低价守住涨停价 T日未涨停 T-1放量0.88x
2026-05-07 22:05:32,955 [INFO] ✓ 600379.SH 通过筛选 T-2=10.03%涨停 T-1低价守住涨停价 T日未涨停 T-1放量0.61x
2026-05-07 22:05:33,006 [INFO] ✓ 001316.SZ 通过筛选 T-2=10.00%涨停 T-1低价守住涨停价 T日未涨停 T-1放量1.71x
2026-05-07 22:05:33,615 [INFO] ✓ 688400.SH 通过筛选 T-2=20.01%涨停 T-1低价守住涨停价 T日未涨停 T-1放量1.02x
2026-05-07 22:05:34,063 [INFO] ✓ 002640.SZ 通过筛选 T-2=9.94%涨停 T-1低价守住涨停价 T日未涨停 T-1放量2.52x
2026-05-07 22:05:34,200 [INFO] ✓ 603030.SH 通过筛选 T-2=9.96%涨停 T-1低价守住涨停价 T日未涨停 T-1放量3.11x
2026-05-07 22:05:34,927 [INFO] ✓ 603131.SH 通过筛选 T-2=10.01%涨停 T-1低价守住涨停价 T日未涨停 T-1放量2.69x
2026-05-07 22:05:36,861 [INFO] 共找到 5513 支股票数据
2026-05-07 22:05:37,420 [INFO] ✓ 603399.SH 通过筛选 T-2=9.98%涨停 T-1低价守住涨停价 T日未涨停 T-1放量0.88x
2026-05-07 22:05:37,420 [INFO] ✓ 000783.SZ 通过筛选 T-2=10.06%涨停 T-1低价守住涨停价 T日未涨停 T-1放量0.93x
2026-05-07 22:05:38,176 [INFO] ✓ 688256.SH 通过筛选 T-2=20.00%涨停 T-1低价守住涨停价 T日未涨停 T-1放量1.11x
2026-05-07 22:05:38,577 [INFO] ✓ 603937.SH 通过筛选 T-2=10.03%涨停 T-1低价守住涨停价 T日未涨停 T-1放量0.43x
2026-05-07 22:05:39,540 [INFO] ✓ 000553.SZ 通过筛选 T-2=10.00%涨停 T-1低价守住涨停价 T日未涨停 T-1放量4.49x
2026-05-07 22:05:39,555 [INFO] ✓ 920125.BJ 通过筛选 T-2=29.99%涨停 T-1低价守住涨停价 T日未涨停 T-1放量1.01x
2026-05-07 22:05:41,643 [INFO] ✓ 002785.SZ 通过筛选 T-2=10.00%涨停 T-1低价守住涨停价 T日未涨停 T-1放量0.88x
2026-05-07 22:05:42,486 [INFO] ✓ 600379.SH 通过筛选 T-2=10.03%涨停 T-1低价守住涨停价 T日未涨停 T-1放量0.61x
2026-05-07 22:05:42,536 [INFO] ✓ 001316.SZ 通过筛选 T-2=10.00%涨停 T-1低价守住涨停价 T日未涨停 T-1放量1.71x
2026-05-07 22:05:43,101 [INFO] ✓ 688400.SH 通过筛选 T-2=20.01%涨停 T-1低价守住涨停价 T日未涨停 T-1放量1.02x
2026-05-07 22:05:43,477 [INFO] ✓ 002640.SZ 通过筛选 T-2=9.94%涨停 T-1低价守住涨停价 T日未涨停 T-1放量2.52x
2026-05-07 22:05:43,600 [INFO] ✓ 603030.SH 通过筛选 T-2=9.96%涨停 T-1低价守住涨停价 T日未涨停 T-1放量3.11x
2026-05-07 22:05:44,204 [INFO] ✓ 603131.SH 通过筛选 T-2=10.01%涨停 T-1低价守住涨停价 T日未涨停 T-1放量2.69x
2026-05-07 22:05:44,955 [INFO] ✓ 301599.SZ 通过筛选 T-2=348.60%涨停 T-1低价守住涨停价 T日未涨停 T-1放量0.86x
2026-05-07 22:05:46,787 [INFO] ✓ 603399.SH 通过筛选 T-2=9.98%涨停 T-1低价守住涨停价 T日未涨停 T-1放量0.88x
2026-05-07 22:05:46,930 [INFO] ✓ 002453.SZ 通过筛选 T-2=10.00%涨停 T-1低价守住涨停价 T日未涨停 T-1放量3.66x
2026-05-07 22:05:47,230 [INFO] ✓ 605123.SH 通过筛选 T-2=10.00%涨停 T-1低价守住涨停价 T日未涨停 T-1放量1.56x
2026-05-07 22:05:48,370 [INFO] ✓ 920125.BJ 通过筛选 T-2=29.99%涨停 T-1低价守住涨停价 T日未涨停 T-1放量1.01x
2026-05-07 22:05:49,044 [INFO] ✓ 002149.SZ 通过筛选 T-2=9.99%涨停 T-1低价守住涨停价 T日未涨停 T-1放量0.89x
2026-05-07 22:05:51,373 [INFO] ✓ 600246.SH 通过筛选 T-2=10.05%涨停 T-1低价守住涨停价 T日未涨停 T-1放量1.25x
2026-05-07 22:05:52,127 [INFO] ✓ 688699.SH 通过筛选 T-2=20.00%涨停 T-1低价守住涨停价 T日未涨停 T-1放量2.81x
2026-05-07 22:05:52,245 [INFO] ✓ 301599.SZ 通过筛选 T-2=348.60%涨停 T-1低价守住涨停价 T日未涨停 T-1放量0.86x
2026-05-07 22:05:52,464 [INFO] ✓ 002989.SZ 通过筛选 T-2=10.02%涨停 T-1低价守住涨停价 T日未涨停 T-1放量1.17x
2026-05-07 22:05:53,003 [INFO] ✓ 603726.SH 通过筛选 T-2=10.00%涨停 T-1低价守住涨停价 T日未涨停 T-1放量1.79x
2026-05-07 22:05:53,759 [INFO] ✓ 002453.SZ 通过筛选 T-2=10.00%涨停 T-1低价守住涨停价 T日未涨停 T-1放量3.66x
2026-05-07 22:05:53,996 [INFO] ✓ 605123.SH 通过筛选 T-2=10.00%涨停 T-1低价守住涨停价 T日未涨停 T-1放量1.56x
2026-05-07 22:05:55,024 [INFO] ✓ 002158.SZ 通过筛选 T-2=10.00%涨停 T-1低价守住涨停价 T日未涨停 T-1放量1.87x
2026-05-07 22:05:55,072 [INFO] ==================================================
2026-05-07 22:05:55,072 [INFO] 筛选结果：共 22 支股票符合条件
2026-05-07 22:05:55,074 [INFO] 结果已保存到: /tmp/stock_notifications/redhover_result.txt
2026-05-07 22:05:55,386 [INFO] ✓ 002149.SZ 通过筛选 T-2=9.99%涨停 T-1低价守住涨停价 T日未涨停 T-1放量0.89x
2026-05-07 22:05:57,019 [INFO] ✓ 600246.SH 通过筛选 T-2=10.05%涨停 T-1低价守住涨停价 T日未涨停 T-1放量1.25x
2026-05-07 22:05:57,688 [INFO] ✓ 688699.SH 通过筛选 T-2=20.00%涨停 T-1低价守住涨停价 T日未涨停 T-1放量2.81x
2026-05-07 22:05:57,972 [INFO] ✓ 002989.SZ 通过筛选 T-2=10.02%涨停 T-1低价守住涨停价 T日未涨停 T-1放量1.17x
2026-05-07 22:05:58,371 [INFO] ✓ 603726.SH 通过筛选 T-2=10.00%涨停 T-1低价守住涨停价 T日未涨停 T-1放量1.79x
2026-05-07 22:06:00,019 [INFO] ✓ 002158.SZ 通过筛选 T-2=10.00%涨停 T-1低价守住涨停价 T日未涨停 T-1放量1.87x
2026-05-07 22:06:00,054 [INFO] ==================================================
2026-05-07 22:06:00,054 [INFO] 筛选结果：共 22 支股票符合条件
2026-05-07 22:06:00,055 [INFO] 结果已保存到: /tmp/stock_notifications/redhover_result.txt
2026-05-07 22:24:12,211 [INFO] 共找到 5513 支股票数据
2026-05-07 22:24:13,541 [INFO] ✓ 000783.SZ 通过筛选 T-2=10.06%涨停 T-1低价守住涨停价 T日未涨停 T-1放量0.93x
2026-05-07 22:24:15,264 [INFO] ✓ 688256.SH 通过筛选 T-2=20.00%涨停 T-1低价守住涨停价 T日未涨停 T-1放量1.11x
2026-05-07 22:24:16,255 [INFO] ✓ 603937.SH 通过筛选 T-2=10.03%涨停 T-1低价守住涨停价 T日未涨停 T-1放量0.43x
2026-05-07 22:24:18,535 [INFO] ✓ 000553.SZ 通过筛选 T-2=10.00%涨停 T-1低价守住涨停价 T日未涨停 T-1放量4.49x
2026-05-07 22:24:22,911 [INFO] ✓ 002785.SZ 通过筛选 T-2=10.00%涨停 T-1低价守住涨停价 T日未涨停 T-1放量0.88x
2026-05-07 22:24:24,912 [INFO] ✓ 600379.SH 通过筛选 T-2=10.03%涨停 T-1低价守住涨停价 T日未涨停 T-1放量0.61x
2026-05-07 22:24:25,009 [INFO] ✓ 001316.SZ 通过筛选 T-2=10.00%涨停 T-1低价守住涨停价 T日未涨停 T-1放量1.71x
2026-05-07 22:24:26,286 [INFO] ✓ 688400.SH 通过筛选 T-2=20.01%涨停 T-1低价守住涨停价 T日未涨停 T-1放量1.02x
2026-05-07 22:24:27,073 [INFO] ✓ 002640.SZ 通过筛选 T-2=9.94%涨停 T-1低价守住涨停价 T日未涨停 T-1放量2.52x
2026-05-07 22:24:27,311 [INFO] ✓ 603030.SH 通过筛选 T-2=9.96%涨停 T-1低价守住涨停价 T日未涨停 T-1放量3.11x
2026-05-07 22:24:28,747 [INFO] ✓ 603131.SH 通过筛选 T-2=10.01%涨停 T-1低价守住涨停价 T日未涨停 T-1放量2.69x
2026-05-07 22:24:35,592 [INFO] ✓ 603399.SH 通过筛选 T-2=9.98%涨停 T-1低价守住涨停价 T日未涨停 T-1放量0.88x
2026-05-07 22:24:42,224 [INFO] ✓ 920125.BJ 通过筛选 T-2=29.99%涨停 T-1低价守住涨停价 T日未涨停 T-1放量1.01x
2026-05-07 22:24:56,291 [INFO] ✓ 301599.SZ 通过筛选 T-2=348.60%涨停 T-1低价守住涨停价 T日未涨停 T-1放量0.86x
2026-05-07 22:24:59,709 [INFO] ✓ 002453.SZ 通过筛选 T-2=10.00%涨停 T-1低价守住涨停价 T日未涨停 T-1放量3.66x
2026-05-07 22:25:00,273 [INFO] ✓ 605123.SH 通过筛选 T-2=10.00%涨停 T-1低价守住涨停价 T日未涨停 T-1放量1.56x
2026-05-07 22:25:03,510 [INFO] ✓ 002149.SZ 通过筛选 T-2=9.99%涨停 T-1低价守住涨停价 T日未涨停 T-1放量0.89x
2026-05-07 22:25:07,248 [INFO] ✓ 600246.SH 通过筛选 T-2=10.05%涨停 T-1低价守住涨停价 T日未涨停 T-1放量1.25x
2026-05-07 22:25:08,167 [INFO] ✓ 688699.SH 通过筛选 T-2=20.00%涨停 T-1低价守住涨停价 T日未涨停 T-1放量2.81x
2026-05-07 22:25:08,745 [INFO] ✓ 002989.SZ 通过筛选 T-2=10.02%涨停 T-1低价守住涨停价 T日未涨停 T-1放量1.17x
2026-05-07 22:25:09,725 [INFO] ✓ 603726.SH 通过筛选 T-2=10.00%涨停 T-1低价守住涨停价 T日未涨停 T-1放量1.79x
2026-05-07 22:25:13,187 [INFO] ✓ 002158.SZ 通过筛选 T-2=10.00%涨停 T-1低价守住涨停价 T日未涨停 T-1放量1.87x
2026-05-07 22:25:13,255 [INFO] ==================================================
2026-05-07 22:25:13,255 [INFO] 筛选结果：共 22 支股票符合条件
2026-05-07 22:25:13,273 [INFO] 结果已保存到: /tmp/stock_notifications/redhover_result.txt
2026-05-07 23:24:17,459 [INFO] 共找到 5513 支股票数据
2026-05-07 23:24:17,960 [INFO] ✓ 000783.SZ 通过筛选 T-2=10.06%涨停 T-1低价守住涨停价 T日未涨停 T-1放量0.93x
2026-05-07 23:24:18,631 [INFO] ✓ 688256.SH 通过筛选 T-2=20.00%涨停 T-1低价守住涨停价 T日未涨停 T-1放量1.11x
2026-05-07 23:24:18,989 [INFO] ✓ 603937.SH 通过筛选 T-2=10.03%涨停 T-1低价守住涨停价 T日未涨停 T-1放量0.43x
2026-05-07 23:24:19,822 [INFO] ✓ 000553.SZ 通过筛选 T-2=10.00%涨停 T-1低价守住涨停价 T日未涨停 T-1放量4.49x
2026-05-07 23:24:21,483 [INFO] ✓ 002785.SZ 通过筛选 T-2=10.00%涨停 T-1低价守住涨停价 T日未涨停 T-1放量0.88x
2026-05-07 23:24:22,244 [INFO] ✓ 600379.SH 通过筛选 T-2=10.03%涨停 T-1低价守住涨停价 T日未涨停 T-1放量0.61x
2026-05-07 23:24:22,287 [INFO] ✓ 001316.SZ 通过筛选 T-2=10.00%涨停 T-1低价守住涨停价 T日未涨停 T-1放量1.71x
2026-05-07 23:24:22,795 [INFO] ✓ 688400.SH 通过筛选 T-2=20.01%涨停 T-1低价守住涨停价 T日未涨停 T-1放量1.02x
2026-05-07 23:24:23,197 [INFO] ✓ 002640.SZ 通过筛选 T-2=9.94%涨停 T-1低价守住涨停价 T日未涨停 T-1放量2.52x
2026-05-07 23:24:23,305 [INFO] ✓ 603030.SH 通过筛选 T-2=9.96%涨停 T-1低价守住涨停价 T日未涨停 T-1放量3.11x
2026-05-07 23:24:23,838 [INFO] ✓ 603131.SH 通过筛选 T-2=10.01%涨停 T-1低价守住涨停价 T日未涨停 T-1放量2.69x
2026-05-07 23:24:26,117 [INFO] ✓ 603399.SH 通过筛选 T-2=9.98%涨停 T-1低价守住涨停价 T日未涨停 T-1放量0.88x
2026-05-07 23:24:27,506 [INFO] ✓ 920125.BJ 通过筛选 T-2=29.99%涨停 T-1低价守住涨停价 T日未涨停 T-1放量1.01x
2026-05-07 23:24:31,108 [INFO] ✓ 301599.SZ 通过筛选 T-2=348.60%涨停 T-1低价守住涨停价 T日未涨停 T-1放量0.86x
2026-05-07 23:24:32,460 [INFO] ✓ 002453.SZ 通过筛选 T-2=10.00%涨停 T-1低价守住涨停价 T日未涨停 T-1放量3.66x
2026-05-07 23:24:32,671 [INFO] ✓ 605123.SH 通过筛选 T-2=10.00%涨停 T-1低价守住涨停价 T日未涨停 T-1放量1.56x
2026-05-07 23:24:33,888 [INFO] ✓ 002149.SZ 通过筛选 T-2=9.99%涨停 T-1低价守住涨停价 T日未涨停 T-1放量0.89x
2026-05-07 23:24:35,447 [INFO] ✓ 600246.SH 通过筛选 T-2=10.05%涨停 T-1低价守住涨停价 T日未涨停 T-1放量1.25x
2026-05-07 23:24:35,944 [INFO] ✓ 688699.SH 通过筛选 T-2=20.00%涨停 T-1低价守住涨停价 T日未涨停 T-1放量2.81x
2026-05-07 23:24:36,174 [INFO] ✓ 002989.SZ 通过筛选 T-2=10.02%涨停 T-1低价守住涨停价 T日未涨停 T-1放量1.17x
2026-05-07 23:24:36,534 [INFO] ✓ 603726.SH 通过筛选 T-2=10.00%涨停 T-1低价守住涨停价 T日未涨停 T-1放量1.79x
2026-05-07 23:24:37,916 [INFO] ✓ 002158.SZ 通过筛选 T-2=10.00%涨停 T-1低价守住涨停价 T日未涨停 T-1放量1.87x
2026-05-07 23:24:37,947 [INFO] ==================================================
2026-05-07 23:24:37,948 [INFO] 筛选结果：共 22 支股票符合条件
2026-05-07 23:24:37,951 [INFO] 结果已保存到: /tmp/stock_notifications/redhover_result.txt
2026-05-07 23:46:47,876 [INFO] 共找到 5513 支股票数据
2026-05-07 23:46:48,262 [INFO] ✓ 000783.SZ 通过筛选 T-2=10.06%涨停 T-1低价守住涨停价 T日未涨停 T-1放量0.93x
2026-05-07 23:46:48,785 [INFO] ✓ 688256.SH 通过筛选 T-2=20.00%涨停 T-1低价守住涨停价 T日未涨停 T-1放量1.11x
2026-05-07 23:46:49,072 [INFO] ✓ 603937.SH 通过筛选 T-2=10.03%涨停 T-1低价守住涨停价 T日未涨停 T-1放量0.43x
2026-05-07 23:46:49,721 [INFO] ✓ 000553.SZ 通过筛选 T-2=10.00%涨停 T-1低价守住涨停价 T日未涨停 T-1放量4.49x
2026-05-07 23:46:51,055 [INFO] ✓ 002785.SZ 通过筛选 T-2=10.00%涨停 T-1低价守住涨停价 T日未涨停 T-1放量0.88x
2026-05-07 23:46:51,652 [INFO] ✓ 600379.SH 通过筛选 T-2=10.03%涨停 T-1低价守住涨停价 T日未涨停 T-1放量0.61x
2026-05-07 23:46:51,688 [INFO] ✓ 001316.SZ 通过筛选 T-2=10.00%涨停 T-1低价守住涨停价 T日未涨停 T-1放量1.71x
2026-05-07 23:46:52,082 [INFO] ✓ 688400.SH 通过筛选 T-2=20.01%涨停 T-1低价守住涨停价 T日未涨停 T-1放量1.02x
2026-05-07 23:46:52,348 [INFO] ✓ 002640.SZ 通过筛选 T-2=9.94%涨停 T-1低价守住涨停价 T日未涨停 T-1放量2.52x
2026-05-07 23:46:52,431 [INFO] ✓ 603030.SH 通过筛选 T-2=9.96%涨停 T-1低价守住涨停价 T日未涨停 T-1放量3.11x
2026-05-07 23:46:52,864 [INFO] ✓ 603131.SH 通过筛选 T-2=10.01%涨停 T-1低价守住涨停价 T日未涨停 T-1放量2.69x
2026-05-07 23:46:54,683 [INFO] ✓ 603399.SH 通过筛选 T-2=9.98%涨停 T-1低价守住涨停价 T日未涨停 T-1放量0.88x
2026-05-07 23:46:55,888 [INFO] ✓ 920125.BJ 通过筛选 T-2=29.99%涨停 T-1低价守住涨停价 T日未涨停 T-1放量1.01x
2026-05-07 23:46:58,807 [INFO] ✓ 301599.SZ 通过筛选 T-2=348.60%涨停 T-1低价守住涨停价 T日未涨停 T-1放量0.86x
2026-05-07 23:46:59,876 [INFO] ✓ 002453.SZ 通过筛选 T-2=10.00%涨停 T-1低价守住涨停价 T日未涨停 T-1放量3.66x
2026-05-07 23:47:00,038 [INFO] ✓ 605123.SH 通过筛选 T-2=10.00%涨停 T-1低价守住涨停价 T日未涨停 T-1放量1.56x
2026-05-07 23:47:00,993 [INFO] ✓ 002149.SZ 通过筛选 T-2=9.99%涨停 T-1低价守住涨停价 T日未涨停 T-1放量0.89x
2026-05-07 23:47:02,228 [INFO] ✓ 600246.SH 通过筛选 T-2=10.05%涨停 T-1低价守住涨停价 T日未涨停 T-1放量1.25x
2026-05-07 23:47:02,621 [INFO] ✓ 688699.SH 通过筛选 T-2=20.00%涨停 T-1低价守住涨停价 T日未涨停 T-1放量2.81x
2026-05-07 23:47:02,797 [INFO] ✓ 002989.SZ 通过筛选 T-2=10.02%涨停 T-1低价守住涨停价 T日未涨停 T-1放量1.17x
2026-05-07 23:47:03,076 [INFO] ✓ 603726.SH 通过筛选 T-2=10.00%涨停 T-1低价守住涨停价 T日未涨停 T-1放量1.79x
2026-05-07 23:47:04,145 [INFO] ✓ 002158.SZ 通过筛选 T-2=10.00%涨停 T-1低价守住涨停价 T日未涨停 T-1放量1.87x
2026-05-07 23:47:04,172 [INFO] ==================================================
2026-05-07 23:47:04,172 [INFO] 筛选结果：共 22 支股票符合条件
2026-05-07 23:47:04,176 [INFO] 结果已保存到: /tmp/stock_notifications/redhover_result.txt
2026-05-08 19:21:51,634 [INFO] 共找到 5513 支股票数据
2026-05-08 19:21:52,190 [INFO] ✓ 601778.SH 通过筛选 T-2=10.00%涨停 T-1低价守住涨停价 T日未涨停 T-1放量1.26x
2026-05-08 19:21:52,507 [INFO] ✓ 603256.SH 通过筛选 T-2=10.00%涨停 T-1低价守住涨停价 T日未涨停 T-1放量1.69x
2026-05-08 19:21:53,184 [INFO] ✓ 002787.SZ 通过筛选 T-2=10.00%涨停 T-1低价守住涨停价 T日未涨停 T-1放量1.99x
2026-05-08 19:21:53,440 [INFO] ✓ 000889.SZ 通过筛选 T-2=9.95%涨停 T-1低价守住涨停价 T日未涨停 T-1放量0.42x
2026-05-08 19:21:53,449 [INFO] ✓ 002903.SZ 通过筛选 T-2=10.01%涨停 T-1低价守住涨停价 T日未涨停 T-1放量2.46x
2026-05-08 19:21:54,090 [INFO] ✓ 000818.SZ 通过筛选 T-2=9.99%涨停 T-1低价守住涨停价 T日未涨停 T-1放量1.07x
2026-05-08 19:21:54,137 [INFO] ✓ 600673.SH 通过筛选 T-2=10.00%涨停 T-1低价守住涨停价 T日未涨停 T-1放量1.61x
2026-05-08 19:21:56,148 [INFO] ✓ 002272.SZ 通过筛选 T-2=10.00%涨停 T-1低价守住涨停价 T日未涨停 T-1放量1.67x
2026-05-08 19:21:56,204 [INFO] ✓ 603063.SH 通过筛选 T-2=10.00%涨停 T-1低价守住涨停价 T日未涨停 T-1放量1.11x
2026-05-08 19:21:56,708 [INFO] ✓ 001309.SZ 通过筛选 T-2=10.00%涨停 T-1低价守住涨停价 T日未涨停 T-1放量3.21x
2026-05-08 19:21:58,109 [INFO] ✓ 603158.SH 通过筛选 T-2=10.03%涨停 T-1低价守住涨停价 T日未涨停 T-1放量0.42x
2026-05-08 19:21:59,050 [INFO] ✓ 603001.SH 通过筛选 T-2=9.96%涨停 T-1低价守住涨停价 T日未涨停 T-1放量1.58x
2026-05-08 19:21:59,420 [INFO] ✓ 000815.SZ 通过筛选 T-2=9.99%涨停 T-1低价守住涨停价 T日未涨停 T-1放量2.71x
2026-05-08 19:22:01,900 [INFO] ✓ 000060.SZ 通过筛选 T-2=10.07%涨停 T-1低价守住涨停价 T日未涨停 T-1放量2.68x
2026-05-08 19:22:02,370 [INFO] ✓ 600396.SH 通过筛选 T-2=9.98%涨停 T-1低价守住涨停价 T日未涨停 T-1放量0.52x
2026-05-08 19:22:02,417 [INFO] ✓ 603269.SH 通过筛选 T-2=9.99%涨停 T-1低价守住涨停价 T日未涨停 T-1放量2.02x
2026-05-08 19:22:05,477 [INFO] ✓ 600301.SH 通过筛选 T-2=9.99%涨停 T-1低价守住涨停价 T日未涨停 T-1放量1.49x
2026-05-08 19:22:05,528 [INFO] ✓ 688069.SH 通过筛选 T-2=20.00%涨停 T-1低价守住涨停价 T日未涨停 T-1放量11.87x
2026-05-08 19:22:06,357 [INFO] ✓ 000066.SZ 通过筛选 T-2=9.99%涨停 T-1低价守住涨停价 T日未涨停 T-1放量13.11x
2026-05-08 19:22:07,171 [INFO] ✓ 002149.SZ 通过筛选 T-2=10.00%涨停 T-1低价守住涨停价 T日未涨停 T-1放量1.67x
2026-05-08 19:22:08,427 [INFO] ✓ 002217.SZ 通过筛选 T-2=10.03%涨停 T-1低价守住涨停价 T日未涨停 T-1放量1.49x
2026-05-08 19:22:08,988 [INFO] ✓ 002015.SZ 通过筛选 T-2=10.03%涨停 T-1低价守住涨停价 T日未涨停 T-1放量1.49x
2026-05-08 19:22:09,068 [INFO] ✓ 603936.SH 通过筛选 T-2=10.00%涨停 T-1低价守住涨停价 T日未涨停 T-1放量8.96x
2026-05-08 19:22:09,199 [INFO] ✓ 000802.SZ 通过筛选 T-2=9.98%涨停 T-1低价守住涨停价 T日未涨停 T-1放量1.09x
2026-05-08 19:22:09,238 [INFO] ✓ 300042.SZ 通过筛选 T-2=19.99%涨停 T-1低价守住涨停价 T日未涨停 T-1放量1.54x
2026-05-08 19:22:09,922 [INFO] ✓ 601016.SH 通过筛选 T-2=10.09%涨停 T-1低价守住涨停价 T日未涨停 T-1放量1.64x
2026-05-08 19:22:09,930 [INFO] ✓ 603248.SH 通过筛选 T-2=10.00%涨停 T-1低价守住涨停价 T日未涨停 T-1放量2.03x
2026-05-08 19:22:10,353 [INFO] ✓ 600719.SH 通过筛选 T-2=10.06%涨停 T-1低价守住涨停价 T日未涨停 T-1放量1.22x
2026-05-08 19:22:10,437 [INFO] ==================================================
2026-05-08 19:22:10,437 [INFO] 筛选结果：共 28 支股票符合条件
2026-05-08 19:22:10,442 [INFO] 结果已保存到: /tmp/stock_notifications/redhover_result.txt
2026-05-08 21:27:35,400 [INFO] 共找到 5513 支股票数据
2026-05-08 21:27:35,938 [INFO] ✓ 601778.SH 通过筛选 T-2=10.00%涨停 T-1低价守住涨停价 T日未涨停 T-1放量1.26x
2026-05-08 21:27:36,278 [INFO] ✓ 603256.SH 通过筛选 T-2=10.00%涨停 T-1低价守住涨停价 T日未涨停 T-1放量1.69x
2026-05-08 21:27:37,007 [INFO] ✓ 002787.SZ 通过筛选 T-2=10.00%涨停 T-1低价守住涨停价 T日未涨停 T-1放量1.99x
2026-05-08 21:27:37,284 [INFO] ✓ 000889.SZ 通过筛选 T-2=9.95%涨停 T-1低价守住涨停价 T日未涨停 T-1放量0.42x
2026-05-08 21:27:37,294 [INFO] ✓ 002903.SZ 通过筛选 T-2=10.01%涨停 T-1低价守住涨停价 T日未涨停 T-1放量2.46x
2026-05-08 21:27:38,055 [INFO] ✓ 000818.SZ 通过筛选 T-2=9.99%涨停 T-1低价守住涨停价 T日未涨停 T-1放量1.07x
2026-05-08 21:27:38,108 [INFO] ✓ 600673.SH 通过筛选 T-2=10.00%涨停 T-1低价守住涨停价 T日未涨停 T-1放量1.61x
2026-05-08 21:27:39,987 [INFO] ✓ 002272.SZ 通过筛选 T-2=10.00%涨停 T-1低价守住涨停价 T日未涨停 T-1放量1.67x
2026-05-08 21:27:40,026 [INFO] ✓ 603063.SH 通过筛选 T-2=10.00%涨停 T-1低价守住涨停价 T日未涨停 T-1放量1.11x
2026-05-08 21:27:40,507 [INFO] ✓ 001309.SZ 通过筛选 T-2=10.00%涨停 T-1低价守住涨停价 T日未涨停 T-1放量3.21x
2026-05-08 21:27:41,674 [INFO] ✓ 603158.SH 通过筛选 T-2=10.03%涨停 T-1低价守住涨停价 T日未涨停 T-1放量0.42x
2026-05-08 21:27:42,374 [INFO] ✓ 603001.SH 通过筛选 T-2=9.96%涨停 T-1低价守住涨停价 T日未涨停 T-1放量1.58x
2026-05-08 21:27:42,632 [INFO] ✓ 000815.SZ 通过筛选 T-2=9.99%涨停 T-1低价守住涨停价 T日未涨停 T-1放量2.71x
2026-05-08 21:27:44,252 [INFO] ✓ 000060.SZ 通过筛选 T-2=10.07%涨停 T-1低价守住涨停价 T日未涨停 T-1放量2.68x
2026-05-08 21:27:44,601 [INFO] ✓ 600396.SH 通过筛选 T-2=9.98%涨停 T-1低价守住涨停价 T日未涨停 T-1放量0.52x
2026-05-08 21:27:44,654 [INFO] ✓ 603269.SH 通过筛选 T-2=9.99%涨停 T-1低价守住涨停价 T日未涨停 T-1放量2.02x
2026-05-08 21:27:48,173 [INFO] ✓ 600301.SH 通过筛选 T-2=9.99%涨停 T-1低价守住涨停价 T日未涨停 T-1放量1.49x
2026-05-08 21:27:48,257 [INFO] ✓ 688069.SH 通过筛选 T-2=20.00%涨停 T-1低价守住涨停价 T日未涨停 T-1放量11.87x
2026-05-08 21:27:49,166 [INFO] ✓ 000066.SZ 通过筛选 T-2=9.99%涨停 T-1低价守住涨停价 T日未涨停 T-1放量13.11x
2026-05-08 21:27:50,070 [INFO] ✓ 002149.SZ 通过筛选 T-2=10.00%涨停 T-1低价守住涨停价 T日未涨停 T-1放量1.67x
2026-05-08 21:27:51,447 [INFO] ✓ 002217.SZ 通过筛选 T-2=10.03%涨停 T-1低价守住涨停价 T日未涨停 T-1放量1.49x
2026-05-08 21:27:52,078 [INFO] ✓ 002015.SZ 通过筛选 T-2=10.03%涨停 T-1低价守住涨停价 T日未涨停 T-1放量1.49x
2026-05-08 21:27:52,168 [INFO] ✓ 603936.SH 通过筛选 T-2=10.00%涨停 T-1低价守住涨停价 T日未涨停 T-1放量8.96x
2026-05-08 21:27:52,318 [INFO] ✓ 000802.SZ 通过筛选 T-2=9.98%涨停 T-1低价守住涨停价 T日未涨停 T-1放量1.09x
2026-05-08 21:27:52,364 [INFO] ✓ 300042.SZ 通过筛选 T-2=19.99%涨停 T-1低价守住涨停价 T日未涨停 T-1放量1.54x
2026-05-08 21:27:53,197 [INFO] ✓ 601016.SH 通过筛选 T-2=10.09%涨停 T-1低价守住涨停价 T日未涨停 T-1放量1.64x
2026-05-08 21:27:53,206 [INFO] ✓ 603248.SH 通过筛选 T-2=10.00%涨停 T-1低价守住涨停价 T日未涨停 T-1放量2.03x
2026-05-08 21:27:53,691 [INFO] ✓ 600719.SH 通过筛选 T-2=10.06%涨停 T-1低价守住涨停价 T日未涨停 T-1放量1.22x
2026-05-08 21:27:53,785 [INFO] ==================================================
2026-05-08 21:27:53,785 [INFO] 筛选结果：共 28 支股票符合条件
2026-05-08 21:27:53,788 [INFO] 结果已保存到: /tmp/stock_notifications/redhover_result.txt
2026-05-08 21:34:20,939 [INFO] 共找到 5513 支股票数据
2026-05-08 21:34:21,541 [INFO] ✓ 601778.SH 通过筛选 T-2=10.00%涨停 T-1低价守住涨停价 T日未涨停 T-1放量1.26x
2026-05-08 21:34:21,942 [INFO] ✓ 603256.SH 通过筛选 T-2=10.00%涨停 T-1低价守住涨停价 T日未涨停 T-1放量1.69x
2026-05-08 21:34:22,788 [INFO] ✓ 002787.SZ 通过筛选 T-2=10.00%涨停 T-1低价守住涨停价 T日未涨停 T-1放量1.99x
2026-05-08 21:34:23,110 [INFO] ✓ 000889.SZ 通过筛选 T-2=9.95%涨停 T-1低价守住涨停价 T日未涨停 T-1放量0.42x
2026-05-08 21:34:23,121 [INFO] ✓ 002903.SZ 通过筛选 T-2=10.01%涨停 T-1低价守住涨停价 T日未涨停 T-1放量2.46x
2026-05-08 21:34:23,951 [INFO] ✓ 000818.SZ 通过筛选 T-2=9.99%涨停 T-1低价守住涨停价 T日未涨停 T-1放量1.07x
2026-05-08 21:34:24,008 [INFO] ✓ 600673.SH 通过筛选 T-2=10.00%涨停 T-1低价守住涨停价 T日未涨停 T-1放量1.61x
2026-05-08 21:34:26,143 [INFO] ✓ 002272.SZ 通过筛选 T-2=10.00%涨停 T-1低价守住涨停价 T日未涨停 T-1放量1.67x
2026-05-08 21:34:26,185 [INFO] ✓ 603063.SH 通过筛选 T-2=10.00%涨停 T-1低价守住涨停价 T日未涨停 T-1放量1.11x
2026-05-08 21:34:26,758 [INFO] ✓ 001309.SZ 通过筛选 T-2=10.00%涨停 T-1低价守住涨停价 T日未涨停 T-1放量3.21x
2026-05-08 21:34:28,061 [INFO] ✓ 603158.SH 通过筛选 T-2=10.03%涨停 T-1低价守住涨停价 T日未涨停 T-1放量0.42x
2026-05-08 21:34:28,882 [INFO] ✓ 603001.SH 通过筛选 T-2=9.96%涨停 T-1低价守住涨停价 T日未涨停 T-1放量1.58x
2026-05-08 21:34:29,192 [INFO] ✓ 000815.SZ 通过筛选 T-2=9.99%涨停 T-1低价守住涨停价 T日未涨停 T-1放量2.71x
2026-05-08 21:34:31,080 [INFO] ✓ 000060.SZ 通过筛选 T-2=10.07%涨停 T-1低价守住涨停价 T日未涨停 T-1放量2.68x
2026-05-08 21:34:31,476 [INFO] ✓ 600396.SH 通过筛选 T-2=9.98%涨停 T-1低价守住涨停价 T日未涨停 T-1放量0.52x
2026-05-08 21:34:31,536 [INFO] ✓ 603269.SH 通过筛选 T-2=9.99%涨停 T-1低价守住涨停价 T日未涨停 T-1放量2.02x
2026-05-08 21:34:35,538 [INFO] ✓ 600301.SH 通过筛选 T-2=9.99%涨停 T-1低价守住涨停价 T日未涨停 T-1放量1.49x
2026-05-08 21:34:35,604 [INFO] ✓ 688069.SH 通过筛选 T-2=20.00%涨停 T-1低价守住涨停价 T日未涨停 T-1放量11.87x
2026-05-08 21:34:36,639 [INFO] ✓ 000066.SZ 通过筛选 T-2=9.99%涨停 T-1低价守住涨停价 T日未涨停 T-1放量13.11x
2026-05-08 21:34:37,648 [INFO] ✓ 002149.SZ 通过筛选 T-2=10.00%涨停 T-1低价守住涨停价 T日未涨停 T-1放量1.67x
2026-05-08 21:34:39,235 [INFO] ✓ 002217.SZ 通过筛选 T-2=10.03%涨停 T-1低价守住涨停价 T日未涨停 T-1放量1.49x
2026-05-08 21:34:39,970 [INFO] ✓ 002015.SZ 通过筛选 T-2=10.03%涨停 T-1低价守住涨停价 T日未涨停 T-1放量1.49x
2026-05-08 21:34:40,090 [INFO] ✓ 603936.SH 通过筛选 T-2=10.00%涨停 T-1低价守住涨停价 T日未涨停 T-1放量8.96x
2026-05-08 21:34:40,263 [INFO] ✓ 000802.SZ 通过筛选 T-2=9.98%涨停 T-1低价守住涨停价 T日未涨停 T-1放量1.09x
2026-05-08 21:34:40,316 [INFO] ✓ 300042.SZ 通过筛选 T-2=19.99%涨停 T-1低价守住涨停价 T日未涨停 T-1放量1.54x
2026-05-08 21:34:41,185 [INFO] ✓ 601016.SH 通过筛选 T-2=10.09%涨停 T-1低价守住涨停价 T日未涨停 T-1放量1.64x
2026-05-08 21:34:41,195 [INFO] ✓ 603248.SH 通过筛选 T-2=10.00%涨停 T-1低价守住涨停价 T日未涨停 T-1放量2.03x
2026-05-08 21:34:41,736 [INFO] ✓ 600719.SH 通过筛选 T-2=10.06%涨停 T-1低价守住涨停价 T日未涨停 T-1放量1.22x
2026-05-08 21:34:41,846 [INFO] ==================================================
2026-05-08 21:34:41,846 [INFO] 筛选结果：共 28 支股票符合条件
2026-05-08 21:34:41,847 [INFO] 结果已保存到: /tmp/stock_notifications/redhover_result.txt
2026-05-08 21:37:59,413 [INFO] 共找到 5513 支股票数据
2026-05-08 21:37:59,943 [INFO] ✓ 601778.SH 通过筛选 T-2=10.00%涨停 T-1低价守住涨停价 T日未涨停 T-1放量1.26x
2026-05-08 21:38:00,281 [INFO] ✓ 603256.SH 通过筛选 T-2=10.00%涨停 T-1低价守住涨停价 T日未涨停 T-1放量1.69x
2026-05-08 21:38:01,009 [INFO] ✓ 002787.SZ 通过筛选 T-2=10.00%涨停 T-1低价守住涨停价 T日未涨停 T-1放量1.99x
2026-05-08 21:38:01,300 [INFO] ✓ 000889.SZ 通过筛选 T-2=9.95%涨停 T-1低价守住涨停价 T日未涨停 T-1放量0.42x
2026-05-08 21:38:01,311 [INFO] ✓ 002903.SZ 通过筛选 T-2=10.01%涨停 T-1低价守住涨停价 T日未涨停 T-1放量2.46x
2026-05-08 21:38:02,094 [INFO] ✓ 000818.SZ 通过筛选 T-2=9.99%涨停 T-1低价守住涨停价 T日未涨停 T-1放量1.07x
2026-05-08 21:38:02,149 [INFO] ✓ 600673.SH 通过筛选 T-2=10.00%涨停 T-1低价守住涨停价 T日未涨停 T-1放量1.61x
2026-05-08 21:38:04,025 [INFO] ✓ 002272.SZ 通过筛选 T-2=10.00%涨停 T-1低价守住涨停价 T日未涨停 T-1放量1.67x
2026-05-08 21:38:04,063 [INFO] ✓ 603063.SH 通过筛选 T-2=10.00%涨停 T-1低价守住涨停价 T日未涨停 T-1放量1.11x
2026-05-08 21:38:04,556 [INFO] ✓ 001309.SZ 通过筛选 T-2=10.00%涨停 T-1低价守住涨停价 T日未涨停 T-1放量3.21x
2026-05-08 21:38:05,719 [INFO] ✓ 603158.SH 通过筛选 T-2=10.03%涨停 T-1低价守住涨停价 T日未涨停 T-1放量0.42x
2026-05-08 21:38:06,427 [INFO] ✓ 603001.SH 通过筛选 T-2=9.96%涨停 T-1低价守住涨停价 T日未涨停 T-1放量1.58x
2026-05-08 21:38:06,685 [INFO] ✓ 000815.SZ 通过筛选 T-2=9.99%涨停 T-1低价守住涨停价 T日未涨停 T-1放量2.71x
2026-05-08 21:38:08,399 [INFO] ✓ 000060.SZ 通过筛选 T-2=10.07%涨停 T-1低价守住涨停价 T日未涨停 T-1放量2.68x
2026-05-08 21:38:08,758 [INFO] ✓ 600396.SH 通过筛选 T-2=9.98%涨停 T-1低价守住涨停价 T日未涨停 T-1放量0.52x
2026-05-08 21:38:08,809 [INFO] ✓ 603269.SH 通过筛选 T-2=9.99%涨停 T-1低价守住涨停价 T日未涨停 T-1放量2.02x
2026-05-08 21:38:12,131 [INFO] ✓ 600301.SH 通过筛选 T-2=9.99%涨停 T-1低价守住涨停价 T日未涨停 T-1放量1.49x
2026-05-08 21:38:12,192 [INFO] ✓ 688069.SH 通过筛选 T-2=20.00%涨停 T-1低价守住涨停价 T日未涨停 T-1放量11.87x
2026-05-08 21:38:13,118 [INFO] ✓ 000066.SZ 通过筛选 T-2=9.99%涨停 T-1低价守住涨停价 T日未涨停 T-1放量13.11x
2026-05-08 21:38:13,979 [INFO] ✓ 002149.SZ 通过筛选 T-2=10.00%涨停 T-1低价守住涨停价 T日未涨停 T-1放量1.67x
2026-05-08 21:38:15,305 [INFO] ✓ 002217.SZ 通过筛选 T-2=10.03%涨停 T-1低价守住涨停价 T日未涨停 T-1放量1.49x
2026-05-08 21:38:15,889 [INFO] ✓ 002015.SZ 通过筛选 T-2=10.03%涨停 T-1低价守住涨停价 T日未涨停 T-1放量1.49x
2026-05-08 21:38:15,977 [INFO] ✓ 603936.SH 通过筛选 T-2=10.00%涨停 T-1低价守住涨停价 T日未涨停 T-1放量8.96x
2026-05-08 21:38:16,117 [INFO] ✓ 000802.SZ 通过筛选 T-2=9.98%涨停 T-1低价守住涨停价 T日未涨停 T-1放量1.09x
2026-05-08 21:38:16,161 [INFO] ✓ 300042.SZ 通过筛选 T-2=19.99%涨停 T-1低价守住涨停价 T日未涨停 T-1放量1.54x
2026-05-08 21:38:16,903 [INFO] ✓ 601016.SH 通过筛选 T-2=10.09%涨停 T-1低价守住涨停价 T日未涨停 T-1放量1.64x
2026-05-08 21:38:16,912 [INFO] ✓ 603248.SH 通过筛选 T-2=10.00%涨停 T-1低价守住涨停价 T日未涨停 T-1放量2.03x
2026-05-08 21:38:17,373 [INFO] ✓ 600719.SH 通过筛选 T-2=10.06%涨停 T-1低价守住涨停价 T日未涨停 T-1放量1.22x
2026-05-08 21:38:17,469 [INFO] ==================================================
2026-05-08 21:38:17,469 [INFO] 筛选结果：共 28 支股票符合条件
2026-05-08 21:38:17,471 [INFO] 结果已保存到: /tmp/stock_notifications/redhover_result.txt
2026-05-08 22:19:56,769 [INFO] 共找到 5513 支股票数据
2026-05-08 22:19:57,340 [INFO] ✓ 601778.SH 通过筛选 T-2=10.00%涨停 T-1低价守住涨停价 T日未涨停 T-1放量1.26x
2026-05-08 22:19:57,708 [INFO] ✓ 603256.SH 通过筛选 T-2=10.00%涨停 T-1低价守住涨停价 T日未涨停 T-1放量1.69x
2026-05-08 22:19:58,469 [INFO] ✓ 002787.SZ 通过筛选 T-2=10.00%涨停 T-1低价守住涨停价 T日未涨停 T-1放量1.99x
2026-05-08 22:19:58,773 [INFO] ✓ 000889.SZ 通过筛选 T-2=9.95%涨停 T-1低价守住涨停价 T日未涨停 T-1放量0.42x
2026-05-08 22:19:58,783 [INFO] ✓ 002903.SZ 通过筛选 T-2=10.01%涨停 T-1低价守住涨停价 T日未涨停 T-1放量2.46x
2026-05-08 22:19:59,544 [INFO] ✓ 000818.SZ 通过筛选 T-2=9.99%涨停 T-1低价守住涨停价 T日未涨停 T-1放量1.07x
2026-05-08 22:19:59,606 [INFO] ✓ 600673.SH 通过筛选 T-2=10.00%涨停 T-1低价守住涨停价 T日未涨停 T-1放量1.61x
2026-05-08 22:20:01,651 [INFO] ✓ 002272.SZ 通过筛选 T-2=10.00%涨停 T-1低价守住涨停价 T日未涨停 T-1放量1.67x
2026-05-08 22:20:01,691 [INFO] ✓ 603063.SH 通过筛选 T-2=10.00%涨停 T-1低价守住涨停价 T日未涨停 T-1放量1.11x
2026-05-08 22:20:02,224 [INFO] ✓ 001309.SZ 通过筛选 T-2=10.00%涨停 T-1低价守住涨停价 T日未涨停 T-1放量3.21x
2026-05-08 22:20:03,547 [INFO] ✓ 603158.SH 通过筛选 T-2=10.03%涨停 T-1低价守住涨停价 T日未涨停 T-1放量0.42x
2026-05-08 22:20:04,295 [INFO] ✓ 603001.SH 通过筛选 T-2=9.96%涨停 T-1低价守住涨停价 T日未涨停 T-1放量1.58x
2026-05-08 22:20:04,558 [INFO] ✓ 000815.SZ 通过筛选 T-2=9.99%涨停 T-1低价守住涨停价 T日未涨停 T-1放量2.71x
2026-05-08 22:20:06,257 [INFO] ✓ 000060.SZ 通过筛选 T-2=10.07%涨停 T-1低价守住涨停价 T日未涨停 T-1放量2.68x
2026-05-08 22:20:06,651 [INFO] ✓ 600396.SH 通过筛选 T-2=9.98%涨停 T-1低价守住涨停价 T日未涨停 T-1放量0.52x
2026-05-08 22:20:06,711 [INFO] ✓ 603269.SH 通过筛选 T-2=9.99%涨停 T-1低价守住涨停价 T日未涨停 T-1放量2.02x
2026-05-08 22:20:10,739 [INFO] ✓ 600301.SH 通过筛选 T-2=9.99%涨停 T-1低价守住涨停价 T日未涨停 T-1放量1.49x
2026-05-08 22:20:10,802 [INFO] ✓ 688069.SH 通过筛选 T-2=20.00%涨停 T-1低价守住涨停价 T日未涨停 T-1放量11.87x
2026-05-08 22:20:11,851 [INFO] ✓ 000066.SZ 通过筛选 T-2=9.99%涨停 T-1低价守住涨停价 T日未涨停 T-1放量13.11x
2026-05-08 22:20:12,884 [INFO] ✓ 002149.SZ 通过筛选 T-2=10.00%涨停 T-1低价守住涨停价 T日未涨停 T-1放量1.67x
2026-05-08 22:20:14,462 [INFO] ✓ 002217.SZ 通过筛选 T-2=10.03%涨停 T-1低价守住涨停价 T日未涨停 T-1放量1.49x
2026-05-08 22:20:15,162 [INFO] ✓ 002015.SZ 通过筛选 T-2=10.03%涨停 T-1低价守住涨停价 T日未涨停 T-1放量1.49x
2026-05-08 22:20:15,265 [INFO] ✓ 603936.SH 通过筛选 T-2=10.00%涨停 T-1低价守住涨停价 T日未涨停 T-1放量8.96x
2026-05-08 22:20:15,445 [INFO] ✓ 000802.SZ 通过筛选 T-2=9.98%涨停 T-1低价守住涨停价 T日未涨停 T-1放量1.09x
2026-05-08 22:20:15,511 [INFO] ✓ 300042.SZ 通过筛选 T-2=19.99%涨停 T-1低价守住涨停价 T日未涨停 T-1放量1.54x
2026-05-08 22:20:16,372 [INFO] ✓ 601016.SH 通过筛选 T-2=10.09%涨停 T-1低价守住涨停价 T日未涨停 T-1放量1.64x
2026-05-08 22:20:16,383 [INFO] ✓ 603248.SH 通过筛选 T-2=10.00%涨停 T-1低价守住涨停价 T日未涨停 T-1放量2.03x
2026-05-08 22:20:16,941 [INFO] ✓ 600719.SH 通过筛选 T-2=10.06%涨停 T-1低价守住涨停价 T日未涨停 T-1放量1.22x
2026-05-08 22:20:17,051 [INFO] ==================================================
2026-05-08 22:20:17,051 [INFO] 筛选结果：共 28 支股票符合条件
2026-05-08 22:20:17,055 [INFO] 结果已保存到: /tmp/stock_notifications/redhover_result.txt
2026-05-09 11:30:21,339 [INFO] 共找到 5513 支股票数据
2026-05-09 11:30:21,958 [INFO] ✓ 601778.SH 通过筛选 T-2=10.00%涨停 T-1低价守住涨停价 T日未涨停 T-1放量1.26x
2026-05-09 11:30:22,371 [INFO] ✓ 603256.SH 通过筛选 T-2=10.00%涨停 T-1低价守住涨停价 T日未涨停 T-1放量1.69x
2026-05-09 11:30:23,178 [INFO] ✓ 002787.SZ 通过筛选 T-2=10.00%涨停 T-1低价守住涨停价 T日未涨停 T-1放量1.99x
2026-05-09 11:30:23,495 [INFO] ✓ 000889.SZ 通过筛选 T-2=9.95%涨停 T-1低价守住涨停价 T日未涨停 T-1放量0.42x
2026-05-09 11:30:23,506 [INFO] ✓ 002903.SZ 通过筛选 T-2=10.01%涨停 T-1低价守住涨停价 T日未涨停 T-1放量2.46x
2026-05-09 11:30:24,327 [INFO] ✓ 000818.SZ 通过筛选 T-2=9.99%涨停 T-1低价守住涨停价 T日未涨停 T-1放量1.07x
2026-05-09 11:30:24,384 [INFO] ✓ 600673.SH 通过筛选 T-2=10.00%涨停 T-1低价守住涨停价 T日未涨停 T-1放量1.61x
2026-05-09 11:30:26,457 [INFO] ✓ 002272.SZ 通过筛选 T-2=10.00%涨停 T-1低价守住涨停价 T日未涨停 T-1放量1.67x
2026-05-09 11:30:26,499 [INFO] ✓ 603063.SH 通过筛选 T-2=10.00%涨停 T-1低价守住涨停价 T日未涨停 T-1放量1.11x
2026-05-09 11:30:27,048 [INFO] ✓ 001309.SZ 通过筛选 T-2=10.00%涨停 T-1低价守住涨停价 T日未涨停 T-1放量3.21x
2026-05-09 11:30:28,342 [INFO] ✓ 603158.SH 通过筛选 T-2=10.03%涨停 T-1低价守住涨停价 T日未涨停 T-1放量0.42x
2026-05-09 11:30:29,124 [INFO] ✓ 603001.SH 通过筛选 T-2=9.96%涨停 T-1低价守住涨停价 T日未涨停 T-1放量1.58x
2026-05-09 11:30:29,403 [INFO] ✓ 000815.SZ 通过筛选 T-2=9.99%涨停 T-1低价守住涨停价 T日未涨停 T-1放量2.71x
2026-05-09 11:30:31,207 [INFO] ✓ 000060.SZ 通过筛选 T-2=10.07%涨停 T-1低价守住涨停价 T日未涨停 T-1放量2.68x
2026-05-09 11:30:31,606 [INFO] ✓ 600396.SH 通过筛选 T-2=9.98%涨停 T-1低价守住涨停价 T日未涨停 T-1放量0.52x
2026-05-09 11:30:31,666 [INFO] ✓ 603269.SH 通过筛选 T-2=9.99%涨停 T-1低价守住涨停价 T日未涨停 T-1放量2.02x
2026-05-09 11:30:35,454 [INFO] ✓ 600301.SH 通过筛选 T-2=9.99%涨停 T-1低价守住涨停价 T日未涨停 T-1放量1.49x
2026-05-09 11:30:35,516 [INFO] ✓ 688069.SH 通过筛选 T-2=20.00%涨停 T-1低价守住涨停价 T日未涨停 T-1放量11.87x
2026-05-09 11:30:36,549 [INFO] ✓ 000066.SZ 通过筛选 T-2=9.99%涨停 T-1低价守住涨停价 T日未涨停 T-1放量13.11x
2026-05-09 11:30:37,538 [INFO] ✓ 002149.SZ 通过筛选 T-2=10.00%涨停 T-1低价守住涨停价 T日未涨停 T-1放量1.67x
2026-05-09 11:30:39,111 [INFO] ✓ 002217.SZ 通过筛选 T-2=10.03%涨停 T-1低价守住涨停价 T日未涨停 T-1放量1.49x
2026-05-09 11:30:39,833 [INFO] ✓ 002015.SZ 通过筛选 T-2=10.03%涨停 T-1低价守住涨停价 T日未涨停 T-1放量1.49x
2026-05-09 11:30:39,937 [INFO] ✓ 603936.SH 通过筛选 T-2=10.00%涨停 T-1低价守住涨停价 T日未涨停 T-1放量8.96x
2026-05-09 11:30:40,106 [INFO] ✓ 000802.SZ 通过筛选 T-2=9.98%涨停 T-1低价守住涨停价 T日未涨停 T-1放量1.09x
2026-05-09 11:30:40,160 [INFO] ✓ 300042.SZ 通过筛选 T-2=19.99%涨停 T-1低价守住涨停价 T日未涨停 T-1放量1.54x
2026-05-09 11:30:41,056 [INFO] ✓ 601016.SH 通过筛选 T-2=10.09%涨停 T-1低价守住涨停价 T日未涨停 T-1放量1.64x
2026-05-09 11:30:41,066 [INFO] ✓ 603248.SH 通过筛选 T-2=10.00%涨停 T-1低价守住涨停价 T日未涨停 T-1放量2.03x
2026-05-09 11:30:41,589 [INFO] ✓ 600719.SH 通过筛选 T-2=10.06%涨停 T-1低价守住涨停价 T日未涨停 T-1放量1.22x
2026-05-09 11:30:41,705 [INFO] ==================================================
2026-05-09 11:30:41,706 [INFO] 筛选结果：共 28 支股票符合条件
2026-05-09 11:30:41,709 [INFO] 结果已保存到: /tmp/stock_notifications/redhover_result.txt
2026-05-09 11:35:00,827 [INFO] 共找到 5513 支股票数据
2026-05-09 11:35:01,708 [INFO] ✓ 601778.SH 通过筛选 T-2=10.00%涨停 T-1低价守住涨停价 T日未涨停 T-1放量1.26x
2026-05-09 11:35:02,180 [INFO] ✓ 603256.SH 通过筛选 T-2=10.00%涨停 T-1低价守住涨停价 T日未涨停 T-1放量1.69x
2026-05-09 11:35:03,395 [INFO] ✓ 002787.SZ 通过筛选 T-2=10.00%涨停 T-1低价守住涨停价 T日未涨停 T-1放量1.99x
2026-05-09 11:35:03,781 [INFO] ✓ 000889.SZ 通过筛选 T-2=9.95%涨停 T-1低价守住涨停价 T日未涨停 T-1放量0.42x
2026-05-09 11:35:03,796 [INFO] ✓ 002903.SZ 通过筛选 T-2=10.01%涨停 T-1低价守住涨停价 T日未涨停 T-1放量2.46x
2026-05-09 11:35:04,838 [INFO] ✓ 000818.SZ 通过筛选 T-2=9.99%涨停 T-1低价守住涨停价 T日未涨停 T-1放量1.07x
2026-05-09 11:35:04,908 [INFO] ✓ 600673.SH 通过筛选 T-2=10.00%涨停 T-1低价守住涨停价 T日未涨停 T-1放量1.61x
2026-05-09 11:35:07,716 [INFO] ✓ 002272.SZ 通过筛选 T-2=10.00%涨停 T-1低价守住涨停价 T日未涨停 T-1放量1.67x
2026-05-09 11:35:07,755 [INFO] ✓ 603063.SH 通过筛选 T-2=10.00%涨停 T-1低价守住涨停价 T日未涨停 T-1放量1.11x
2026-05-09 11:35:08,251 [INFO] ✓ 001309.SZ 通过筛选 T-2=10.00%涨停 T-1低价守住涨停价 T日未涨停 T-1放量3.21x
2026-05-09 11:35:09,473 [INFO] ✓ 603158.SH 通过筛选 T-2=10.03%涨停 T-1低价守住涨停价 T日未涨停 T-1放量0.42x
2026-05-09 11:35:10,185 [INFO] ✓ 603001.SH 通过筛选 T-2=9.96%涨停 T-1低价守住涨停价 T日未涨停 T-1放量1.58x
2026-05-09 11:35:10,437 [INFO] ✓ 000815.SZ 通过筛选 T-2=9.99%涨停 T-1低价守住涨停价 T日未涨停 T-1放量2.71x
2026-05-09 11:35:12,082 [INFO] ✓ 000060.SZ 通过筛选 T-2=10.07%涨停 T-1低价守住涨停价 T日未涨停 T-1放量2.68x
2026-05-09 11:35:12,440 [INFO] ✓ 600396.SH 通过筛选 T-2=9.98%涨停 T-1低价守住涨停价 T日未涨停 T-1放量0.52x
2026-05-09 11:35:12,493 [INFO] ✓ 603269.SH 通过筛选 T-2=9.99%涨停 T-1低价守住涨停价 T日未涨停 T-1放量2.02x
2026-05-09 11:35:16,178 [INFO] ✓ 600301.SH 通过筛选 T-2=9.99%涨停 T-1低价守住涨停价 T日未涨停 T-1放量1.49x
2026-05-09 11:35:16,238 [INFO] ✓ 688069.SH 通过筛选 T-2=20.00%涨停 T-1低价守住涨停价 T日未涨停 T-1放量11.87x
2026-05-09 11:35:17,224 [INFO] ✓ 000066.SZ 通过筛选 T-2=9.99%涨停 T-1低价守住涨停价 T日未涨停 T-1放量13.11x
2026-05-09 11:35:18,252 [INFO] ✓ 002149.SZ 通过筛选 T-2=10.00%涨停 T-1低价守住涨停价 T日未涨停 T-1放量1.67x
2026-05-09 11:35:19,770 [INFO] ✓ 002217.SZ 通过筛选 T-2=10.03%涨停 T-1低价守住涨停价 T日未涨停 T-1放量1.49x
2026-05-09 11:35:20,438 [INFO] ✓ 002015.SZ 通过筛选 T-2=10.03%涨停 T-1低价守住涨停价 T日未涨停 T-1放量1.49x
2026-05-09 11:35:20,535 [INFO] ✓ 603936.SH 通过筛选 T-2=10.00%涨停 T-1低价守住涨停价 T日未涨停 T-1放量8.96x
2026-05-09 11:35:20,702 [INFO] ✓ 000802.SZ 通过筛选 T-2=9.98%涨停 T-1低价守住涨停价 T日未涨停 T-1放量1.09x
2026-05-09 11:35:20,750 [INFO] ✓ 300042.SZ 通过筛选 T-2=19.99%涨停 T-1低价守住涨停价 T日未涨停 T-1放量1.54x
2026-05-09 11:35:21,622 [INFO] ✓ 601016.SH 通过筛选 T-2=10.09%涨停 T-1低价守住涨停价 T日未涨停 T-1放量1.64x
2026-05-09 11:35:21,634 [INFO] ✓ 603248.SH 通过筛选 T-2=10.00%涨停 T-1低价守住涨停价 T日未涨停 T-1放量2.03x
2026-05-09 11:35:22,196 [INFO] ✓ 600719.SH 通过筛选 T-2=10.06%涨停 T-1低价守住涨停价 T日未涨停 T-1放量1.22x
2026-05-09 11:35:22,296 [INFO] ==================================================
2026-05-09 11:35:22,297 [INFO] 筛选结果：共 28 支股票符合条件
2026-05-09 11:35:22,298 [INFO] 结果已保存到: /tmp/stock_notifications/redhover_result.txt
2026-05-10 09:07:18,355 [INFO] 共找到 5513 支股票数据
2026-05-10 09:07:18,842 [INFO] ✓ 601778.SH 通过筛选 T-2=10.00%涨停 T-1低价守住涨停价 T日未涨停 T-1放量1.26x
2026-05-10 09:07:19,148 [INFO] ✓ 603256.SH 通过筛选 T-2=10.00%涨停 T-1低价守住涨停价 T日未涨停 T-1放量1.69x
2026-05-10 09:07:19,812 [INFO] ✓ 002787.SZ 通过筛选 T-2=10.00%涨停 T-1低价守住涨停价 T日未涨停 T-1放量1.99x
2026-05-10 09:07:20,065 [INFO] ✓ 000889.SZ 通过筛选 T-2=9.95%涨停 T-1低价守住涨停价 T日未涨停 T-1放量0.42x
2026-05-10 09:07:20,075 [INFO] ✓ 002903.SZ 通过筛选 T-2=10.01%涨停 T-1低价守住涨停价 T日未涨停 T-1放量2.46x
2026-05-10 09:07:20,733 [INFO] ✓ 000818.SZ 通过筛选 T-2=9.99%涨停 T-1低价守住涨停价 T日未涨停 T-1放量1.07x
2026-05-10 09:07:20,783 [INFO] ✓ 600673.SH 通过筛选 T-2=10.00%涨停 T-1低价守住涨停价 T日未涨停 T-1放量1.61x
2026-05-10 09:07:22,516 [INFO] ✓ 002272.SZ 通过筛选 T-2=10.00%涨停 T-1低价守住涨停价 T日未涨停 T-1放量1.67x
2026-05-10 09:07:22,551 [INFO] ✓ 603063.SH 通过筛选 T-2=10.00%涨停 T-1低价守住涨停价 T日未涨停 T-1放量1.11x
2026-05-10 09:07:22,999 [INFO] ✓ 001309.SZ 通过筛选 T-2=10.00%涨停 T-1低价守住涨停价 T日未涨停 T-1放量3.21x
2026-05-10 09:07:24,052 [INFO] ✓ 603158.SH 通过筛选 T-2=10.03%涨停 T-1低价守住涨停价 T日未涨停 T-1放量0.42x
2026-05-10 09:07:24,695 [INFO] ✓ 603001.SH 通过筛选 T-2=9.96%涨停 T-1低价守住涨停价 T日未涨停 T-1放量1.58x
2026-05-10 09:07:24,925 [INFO] ✓ 000815.SZ 通过筛选 T-2=9.99%涨停 T-1低价守住涨停价 T日未涨停 T-1放量2.71x
2026-05-10 09:07:26,397 [INFO] ✓ 000060.SZ 通过筛选 T-2=10.07%涨停 T-1低价守住涨停价 T日未涨停 T-1放量2.68x
2026-05-10 09:07:26,714 [INFO] ✓ 600396.SH 通过筛选 T-2=9.98%涨停 T-1低价守住涨停价 T日未涨停 T-1放量0.52x
2026-05-10 09:07:26,762 [INFO] ✓ 603269.SH 通过筛选 T-2=9.99%涨停 T-1低价守住涨停价 T日未涨停 T-1放量2.02x
2026-05-10 09:07:29,953 [INFO] ✓ 600301.SH 通过筛选 T-2=9.99%涨停 T-1低价守住涨停价 T日未涨停 T-1放量1.49x
2026-05-10 09:07:30,004 [INFO] ✓ 688069.SH 通过筛选 T-2=20.00%涨停 T-1低价守住涨停价 T日未涨停 T-1放量11.87x
2026-05-10 09:07:30,846 [INFO] ✓ 000066.SZ 通过筛选 T-2=9.99%涨停 T-1低价守住涨停价 T日未涨停 T-1放量13.11x
2026-05-10 09:07:31,700 [INFO] ✓ 002149.SZ 通过筛选 T-2=10.00%涨停 T-1低价守住涨停价 T日未涨停 T-1放量1.67x
2026-05-10 09:07:32,990 [INFO] ✓ 002217.SZ 通过筛选 T-2=10.03%涨停 T-1低价守住涨停价 T日未涨停 T-1放量1.49x
2026-05-10 09:07:33,576 [INFO] ✓ 002015.SZ 通过筛选 T-2=10.03%涨停 T-1低价守住涨停价 T日未涨停 T-1放量1.49x
2026-05-10 09:07:33,664 [INFO] ✓ 603936.SH 通过筛选 T-2=10.00%涨停 T-1低价守住涨停价 T日未涨停 T-1放量8.96x
2026-05-10 09:07:33,805 [INFO] ✓ 000802.SZ 通过筛选 T-2=9.98%涨停 T-1低价守住涨停价 T日未涨停 T-1放量1.09x
2026-05-10 09:07:33,847 [INFO] ✓ 300042.SZ 通过筛选 T-2=19.99%涨停 T-1低价守住涨停价 T日未涨停 T-1放量1.54x
2026-05-10 09:07:34,614 [INFO] ✓ 601016.SH 通过筛选 T-2=10.09%涨停 T-1低价守住涨停价 T日未涨停 T-1放量1.64x
2026-05-10 09:07:34,623 [INFO] ✓ 603248.SH 通过筛选 T-2=10.00%涨停 T-1低价守住涨停价 T日未涨停 T-1放量2.03x
2026-05-10 09:07:35,085 [INFO] ✓ 600719.SH 通过筛选 T-2=10.06%涨停 T-1低价守住涨停价 T日未涨停 T-1放量1.22x
2026-05-10 09:07:35,179 [INFO] ==================================================
2026-05-10 09:07:35,179 [INFO] 筛选结果：共 28 支股票符合条件
2026-05-10 09:07:35,183 [INFO] 结果已保存到: /tmp/stock_notifications/redhover_result.txt
2026-05-10 18:08:52,376 [INFO] 共找到 5513 支股票数据
2026-05-10 18:08:53,002 [INFO] ✓ 601778.SH 通过筛选 T-2=10.00%涨停 T-1低价守住涨停价 T日未涨停 T-1放量1.26x
2026-05-10 18:08:53,482 [INFO] ✓ 603256.SH 通过筛选 T-2=10.00%涨停 T-1低价守住涨停价 T日未涨停 T-1放量1.69x
2026-05-10 18:08:54,346 [INFO] ✓ 002787.SZ 通过筛选 T-2=10.00%涨停 T-1低价守住涨停价 T日未涨停 T-1放量1.99x
2026-05-10 18:08:54,671 [INFO] ✓ 000889.SZ 通过筛选 T-2=9.95%涨停 T-1低价守住涨停价 T日未涨停 T-1放量0.42x
2026-05-10 18:08:54,682 [INFO] ✓ 002903.SZ 通过筛选 T-2=10.01%涨停 T-1低价守住涨停价 T日未涨停 T-1放量2.46x
2026-05-10 18:08:55,477 [INFO] ✓ 000818.SZ 通过筛选 T-2=9.99%涨停 T-1低价守住涨停价 T日未涨停 T-1放量1.07x
2026-05-10 18:08:55,536 [INFO] ✓ 600673.SH 通过筛选 T-2=10.00%涨停 T-1低价守住涨停价 T日未涨停 T-1放量1.61x
2026-05-10 18:08:57,566 [INFO] ✓ 002272.SZ 通过筛选 T-2=10.00%涨停 T-1低价守住涨停价 T日未涨停 T-1放量1.67x
2026-05-10 18:08:57,616 [INFO] ✓ 603063.SH 通过筛选 T-2=10.00%涨停 T-1低价守住涨停价 T日未涨停 T-1放量1.11x
2026-05-10 18:08:58,154 [INFO] ✓ 001309.SZ 通过筛选 T-2=10.00%涨停 T-1低价守住涨停价 T日未涨停 T-1放量3.21x
2026-05-10 18:08:59,398 [INFO] ✓ 603158.SH 通过筛选 T-2=10.03%涨停 T-1低价守住涨停价 T日未涨停 T-1放量0.42x
2026-05-10 18:09:00,165 [INFO] ✓ 603001.SH 通过筛选 T-2=9.96%涨停 T-1低价守住涨停价 T日未涨停 T-1放量1.58x
2026-05-10 18:09:00,444 [INFO] ✓ 000815.SZ 通过筛选 T-2=9.99%涨停 T-1低价守住涨停价 T日未涨停 T-1放量2.71x
2026-05-10 18:09:02,270 [INFO] ✓ 000060.SZ 通过筛选 T-2=10.07%涨停 T-1低价守住涨停价 T日未涨停 T-1放量2.68x
2026-05-10 18:09:02,658 [INFO] ✓ 600396.SH 通过筛选 T-2=9.98%涨停 T-1低价守住涨停价 T日未涨停 T-1放量0.52x
2026-05-10 18:09:02,715 [INFO] ✓ 603269.SH 通过筛选 T-2=9.99%涨停 T-1低价守住涨停价 T日未涨停 T-1放量2.02x
2026-05-10 18:09:06,541 [INFO] ✓ 600301.SH 通过筛选 T-2=9.99%涨停 T-1低价守住涨停价 T日未涨停 T-1放量1.49x
2026-05-10 18:09:06,604 [INFO] ✓ 688069.SH 通过筛选 T-2=20.00%涨停 T-1低价守住涨停价 T日未涨停 T-1放量11.87x
2026-05-10 18:09:07,628 [INFO] ✓ 000066.SZ 通过筛选 T-2=9.99%涨停 T-1低价守住涨停价 T日未涨停 T-1放量13.11x
2026-05-10 18:09:08,612 [INFO] ✓ 002149.SZ 通过筛选 T-2=10.00%涨停 T-1低价守住涨停价 T日未涨停 T-1放量1.67x
2026-05-10 18:09:10,103 [INFO] ✓ 002217.SZ 通过筛选 T-2=10.03%涨停 T-1低价守住涨停价 T日未涨停 T-1放量1.49x
2026-05-10 18:09:10,763 [INFO] ✓ 002015.SZ 通过筛选 T-2=10.03%涨停 T-1低价守住涨停价 T日未涨停 T-1放量1.49x
2026-05-10 18:09:10,864 [INFO] ✓ 603936.SH 通过筛选 T-2=10.00%涨停 T-1低价守住涨停价 T日未涨停 T-1放量8.96x
2026-05-10 18:09:11,025 [INFO] ✓ 000802.SZ 通过筛选 T-2=9.98%涨停 T-1低价守住涨停价 T日未涨停 T-1放量1.09x
2026-05-10 18:09:11,072 [INFO] ✓ 300042.SZ 通过筛选 T-2=19.99%涨停 T-1低价守住涨停价 T日未涨停 T-1放量1.54x
2026-05-10 18:09:11,896 [INFO] ✓ 601016.SH 通过筛选 T-2=10.09%涨停 T-1低价守住涨停价 T日未涨停 T-1放量1.64x
2026-05-10 18:09:11,907 [INFO] ✓ 603248.SH 通过筛选 T-2=10.00%涨停 T-1低价守住涨停价 T日未涨停 T-1放量2.03x
2026-05-10 18:09:12,415 [INFO] ✓ 600719.SH 通过筛选 T-2=10.06%涨停 T-1低价守住涨停价 T日未涨停 T-1放量1.22x
2026-05-10 18:09:12,519 [INFO] ==================================================
2026-05-10 18:09:12,519 [INFO] 筛选结果：共 28 支股票符合条件
2026-05-10 18:09:12,522 [INFO] 结果已保存到: /tmp/stock_notifications/redhover_result.txt
2026-05-10 20:27:26,655 [INFO] 共找到 5513 支股票数据
2026-05-10 20:27:27,239 [INFO] ✓ 601778.SH 通过筛选 T-2=10.00%涨停 T-1低价守住涨停价 T日未涨停 T-1放量1.26x
2026-05-10 20:27:27,633 [INFO] ✓ 603256.SH 通过筛选 T-2=10.00%涨停 T-1低价守住涨停价 T日未涨停 T-1放量1.69x
2026-05-10 20:27:28,456 [INFO] ✓ 002787.SZ 通过筛选 T-2=10.00%涨停 T-1低价守住涨停价 T日未涨停 T-1放量1.99x
2026-05-10 20:27:28,798 [INFO] ✓ 000889.SZ 通过筛选 T-2=9.95%涨停 T-1低价守住涨停价 T日未涨停 T-1放量0.42x
2026-05-10 20:27:28,809 [INFO] ✓ 002903.SZ 通过筛选 T-2=10.01%涨停 T-1低价守住涨停价 T日未涨停 T-1放量2.46x
2026-05-10 20:27:29,647 [INFO] ✓ 000818.SZ 通过筛选 T-2=9.99%涨停 T-1低价守住涨停价 T日未涨停 T-1放量1.07x
2026-05-10 20:27:29,705 [INFO] ✓ 600673.SH 通过筛选 T-2=10.00%涨停 T-1低价守住涨停价 T日未涨停 T-1放量1.61x
2026-05-10 20:27:31,820 [INFO] ✓ 002272.SZ 通过筛选 T-2=10.00%涨停 T-1低价守住涨停价 T日未涨停 T-1放量1.67x
2026-05-10 20:27:31,863 [INFO] ✓ 603063.SH 通过筛选 T-2=10.00%涨停 T-1低价守住涨停价 T日未涨停 T-1放量1.11x
2026-05-10 20:27:32,408 [INFO] ✓ 001309.SZ 通过筛选 T-2=10.00%涨停 T-1低价守住涨停价 T日未涨停 T-1放量3.21x
2026-05-10 20:27:33,689 [INFO] ✓ 603158.SH 通过筛选 T-2=10.03%涨停 T-1低价守住涨停价 T日未涨停 T-1放量0.42x
2026-05-10 20:27:34,484 [INFO] ✓ 603001.SH 通过筛选 T-2=9.96%涨停 T-1低价守住涨停价 T日未涨停 T-1放量1.58x
2026-05-10 20:27:34,783 [INFO] ✓ 000815.SZ 通过筛选 T-2=9.99%涨停 T-1低价守住涨停价 T日未涨停 T-1放量2.71x
2026-05-10 20:27:36,631 [INFO] ✓ 000060.SZ 通过筛选 T-2=10.07%涨停 T-1低价守住涨停价 T日未涨停 T-1放量2.68x
2026-05-10 20:27:37,014 [INFO] ✓ 600396.SH 通过筛选 T-2=9.98%涨停 T-1低价守住涨停价 T日未涨停 T-1放量0.52x
2026-05-10 20:27:37,070 [INFO] ✓ 603269.SH 通过筛选 T-2=9.99%涨停 T-1低价守住涨停价 T日未涨停 T-1放量2.02x
2026-05-10 20:27:40,892 [INFO] ✓ 600301.SH 通过筛选 T-2=9.99%涨停 T-1低价守住涨停价 T日未涨停 T-1放量1.49x
2026-05-10 20:27:40,954 [INFO] ✓ 688069.SH 通过筛选 T-2=20.00%涨停 T-1低价守住涨停价 T日未涨停 T-1放量11.87x
2026-05-10 20:27:42,033 [INFO] ✓ 000066.SZ 通过筛选 T-2=9.99%涨停 T-1低价守住涨停价 T日未涨停 T-1放量13.11x
2026-05-10 20:27:43,024 [INFO] ✓ 002149.SZ 通过筛选 T-2=10.00%涨停 T-1低价守住涨停价 T日未涨停 T-1放量1.67x
2026-05-10 20:27:44,544 [INFO] ✓ 002217.SZ 通过筛选 T-2=10.03%涨停 T-1低价守住涨停价 T日未涨停 T-1放量1.49x
2026-05-10 20:27:45,244 [INFO] ✓ 002015.SZ 通过筛选 T-2=10.03%涨停 T-1低价守住涨停价 T日未涨停 T-1放量1.49x
2026-05-10 20:27:45,344 [INFO] ✓ 603936.SH 通过筛选 T-2=10.00%涨停 T-1低价守住涨停价 T日未涨停 T-1放量8.96x
2026-05-10 20:27:45,504 [INFO] ✓ 000802.SZ 通过筛选 T-2=9.98%涨停 T-1低价守住涨停价 T日未涨停 T-1放量1.09x
2026-05-10 20:27:45,558 [INFO] ✓ 300042.SZ 通过筛选 T-2=19.99%涨停 T-1低价守住涨停价 T日未涨停 T-1放量1.54x
2026-05-10 20:27:46,439 [INFO] ✓ 601016.SH 通过筛选 T-2=10.09%涨停 T-1低价守住涨停价 T日未涨停 T-1放量1.64x
2026-05-10 20:27:46,450 [INFO] ✓ 603248.SH 通过筛选 T-2=10.00%涨停 T-1低价守住涨停价 T日未涨停 T-1放量2.03x
2026-05-10 20:27:46,983 [INFO] ✓ 600719.SH 通过筛选 T-2=10.06%涨停 T-1低价守住涨停价 T日未涨停 T-1放量1.22x
2026-05-10 20:27:47,088 [INFO] ==================================================
2026-05-10 20:27:47,088 [INFO] 筛选结果：共 28 支股票符合条件
2026-05-10 20:27:47,091 [INFO] 结果已保存到: /tmp/stock_notifications/redhover_result.txt
