2026-05-03 16:53:52,910 [INFO] 未指定 --date，使用最近日期 2026-04-30
2026-05-03 16:54:46,163 [INFO] 
2026-05-03 16:54:46,163 [INFO] ============== 选股结果 [补票战法] ==============
2026-05-03 16:54:46,163 [INFO] 交易日: 2026-04-30
2026-05-03 16:54:46,163 [INFO] 符合条件股票数: 1
2026-05-03 16:54:46,163 [INFO] 301373.SZ
2026-05-03 16:55:07,079 [INFO] 
2026-05-03 16:55:07,079 [INFO] ============== 选股结果 [TePu战法] ==============
2026-05-03 16:55:07,080 [INFO] 交易日: 2026-04-30
2026-05-03 16:55:07,080 [INFO] 符合条件股票数: 4
2026-05-03 16:55:07,080 [INFO] 605098.SH, 300292.SZ, 000430.SZ, 300088.SZ
2026-05-03 16:55:31,895 [INFO] 
2026-05-03 16:55:31,896 [INFO] ============== 选股结果 [填坑战法] ==============
2026-05-03 16:55:31,896 [INFO] 交易日: 2026-04-30
2026-05-03 16:55:31,896 [INFO] 符合条件股票数: 16
2026-05-03 16:55:31,896 [INFO] 300522.SZ, 002802.SZ, 002824.SZ, 300058.SZ, 301079.SZ, 603950.SH, 920493.BJ, 600103.SH, 300913.SZ, 002023.SZ, 688282.SH, 600855.SH, 002107.SZ, 920171.BJ, 920225.BJ, 920438.BJ
2026-05-03 21:06:05,391 [INFO] 未指定 --date，使用最近日期 2026-04-30
2026-05-03 21:06:55,677 [INFO] 
2026-05-03 21:06:55,677 [INFO] ============== 选股结果 [补票战法] ==============
2026-05-03 21:06:55,677 [INFO] 交易日: 2026-04-30
2026-05-03 21:06:55,677 [INFO] 符合条件股票数: 1
2026-05-03 21:06:55,677 [INFO] 301373.SZ
2026-05-03 21:07:15,929 [INFO] 
2026-05-03 21:07:15,929 [INFO] ============== 选股结果 [TePu战法] ==============
2026-05-03 21:07:15,929 [INFO] 交易日: 2026-04-30
2026-05-03 21:07:15,930 [INFO] 符合条件股票数: 4
2026-05-03 21:07:15,930 [INFO] 605098.SH, 300292.SZ, 000430.SZ, 300088.SZ
2026-05-03 21:07:39,269 [INFO] 
2026-05-03 21:07:39,270 [INFO] ============== 选股结果 [填坑战法] ==============
2026-05-03 21:07:39,270 [INFO] 交易日: 2026-04-30
2026-05-03 21:07:39,270 [INFO] 符合条件股票数: 16
2026-05-03 21:07:39,270 [INFO] 300522.SZ, 002802.SZ, 002824.SZ, 300058.SZ, 301079.SZ, 603950.SH, 920493.BJ, 600103.SH, 300913.SZ, 002023.SZ, 688282.SH, 600855.SH, 002107.SZ, 920171.BJ, 920225.BJ, 920438.BJ
2026-05-03 23:30:42,548 [INFO] 未指定 --date，使用最近日期 2026-04-30
2026-05-03 23:31:35,933 [INFO] 
2026-05-03 23:31:35,933 [INFO] ============== 选股结果 [补票战法] ==============
2026-05-03 23:31:35,933 [INFO] 交易日: 2026-04-30
2026-05-03 23:31:35,933 [INFO] 符合条件股票数: 1
2026-05-03 23:31:35,933 [INFO] 301373.SZ
2026-05-03 23:32:01,328 [INFO] 
2026-05-03 23:32:01,329 [INFO] ============== 选股结果 [TePu战法] ==============
2026-05-03 23:32:01,329 [INFO] 交易日: 2026-04-30
2026-05-03 23:32:01,329 [INFO] 符合条件股票数: 4
2026-05-03 23:32:01,329 [INFO] 605098.SH, 300292.SZ, 000430.SZ, 300088.SZ
2026-05-03 23:32:25,705 [INFO] 
2026-05-03 23:32:25,705 [INFO] ============== 选股结果 [填坑战法] ==============
2026-05-03 23:32:25,705 [INFO] 交易日: 2026-04-30
2026-05-03 23:32:25,705 [INFO] 符合条件股票数: 16
2026-05-03 23:32:25,705 [INFO] 300522.SZ, 002802.SZ, 002824.SZ, 300058.SZ, 301079.SZ, 603950.SH, 920493.BJ, 600103.SH, 300913.SZ, 002023.SZ, 688282.SH, 600855.SH, 002107.SZ, 920171.BJ, 920225.BJ, 920438.BJ
2026-05-03 23:33:47,943 [INFO] 未指定 --date，使用最近日期 2026-04-30
2026-05-03 23:34:43,367 [INFO] 
2026-05-03 23:34:43,368 [INFO] ============== 选股结果 [补票战法] ==============
2026-05-03 23:34:43,368 [INFO] 交易日: 2026-04-30
2026-05-03 23:34:43,368 [INFO] 符合条件股票数: 1
2026-05-03 23:34:43,368 [INFO] 301373.SZ
2026-05-03 23:35:04,970 [INFO] 
2026-05-03 23:35:04,970 [INFO] ============== 选股结果 [TePu战法] ==============
2026-05-03 23:35:04,970 [INFO] 交易日: 2026-04-30
2026-05-03 23:35:04,970 [INFO] 符合条件股票数: 4
2026-05-03 23:35:04,970 [INFO] 605098.SH, 300292.SZ, 000430.SZ, 300088.SZ
2026-05-03 23:35:30,184 [INFO] 
2026-05-03 23:35:30,184 [INFO] ============== 选股结果 [填坑战法] ==============
2026-05-03 23:35:30,184 [INFO] 交易日: 2026-04-30
2026-05-03 23:35:30,184 [INFO] 符合条件股票数: 16
2026-05-03 23:35:30,184 [INFO] 300522.SZ, 002802.SZ, 002824.SZ, 300058.SZ, 301079.SZ, 603950.SH, 920493.BJ, 600103.SH, 300913.SZ, 002023.SZ, 688282.SH, 600855.SH, 002107.SZ, 920171.BJ, 920225.BJ, 920438.BJ
2026-05-04 09:19:14,260 [INFO] 未指定 --date，使用最近日期 2026-04-30
2026-05-04 09:20:05,615 [INFO] 
2026-05-04 09:20:05,615 [INFO] ============== 选股结果 [补票战法] ==============
2026-05-04 09:20:05,615 [INFO] 交易日: 2026-04-30
2026-05-04 09:20:05,615 [INFO] 符合条件股票数: 1
2026-05-04 09:20:05,615 [INFO] 301373.SZ
2026-05-04 09:20:25,969 [INFO] 
2026-05-04 09:20:25,969 [INFO] ============== 选股结果 [TePu战法] ==============
2026-05-04 09:20:25,970 [INFO] 交易日: 2026-04-30
2026-05-04 09:20:25,970 [INFO] 符合条件股票数: 4
2026-05-04 09:20:25,970 [INFO] 605098.SH, 300292.SZ, 000430.SZ, 300088.SZ
2026-05-04 09:20:50,185 [INFO] 
2026-05-04 09:20:50,185 [INFO] ============== 选股结果 [填坑战法] ==============
2026-05-04 09:20:50,185 [INFO] 交易日: 2026-04-30
2026-05-04 09:20:50,185 [INFO] 符合条件股票数: 16
2026-05-04 09:20:50,185 [INFO] 300522.SZ, 002802.SZ, 002824.SZ, 300058.SZ, 301079.SZ, 603950.SH, 920493.BJ, 600103.SH, 300913.SZ, 002023.SZ, 688282.SH, 600855.SH, 002107.SZ, 920171.BJ, 920225.BJ, 920438.BJ
2026-05-04 17:09:24,836 [INFO] 未指定 --date，使用最近日期 2026-04-30
2026-05-04 17:10:20,876 [INFO] 
2026-05-04 17:10:20,877 [INFO] ============== 选股结果 [补票战法] ==============
2026-05-04 17:10:20,877 [INFO] 交易日: 2026-04-30
2026-05-04 17:10:20,877 [INFO] 符合条件股票数: 1
2026-05-04 17:10:20,877 [INFO] 301373.SZ
2026-05-04 17:10:42,336 [INFO] 
2026-05-04 17:10:42,336 [INFO] ============== 选股结果 [TePu战法] ==============
2026-05-04 17:10:42,336 [INFO] 交易日: 2026-04-30
2026-05-04 17:10:42,336 [INFO] 符合条件股票数: 4
2026-05-04 17:10:42,336 [INFO] 605098.SH, 300292.SZ, 000430.SZ, 300088.SZ
2026-05-04 17:11:06,587 [INFO] 
2026-05-04 17:11:06,588 [INFO] ============== 选股结果 [填坑战法] ==============
2026-05-04 17:11:06,588 [INFO] 交易日: 2026-04-30
2026-05-04 17:11:06,588 [INFO] 符合条件股票数: 16
2026-05-04 17:11:06,588 [INFO] 300522.SZ, 002802.SZ, 002824.SZ, 300058.SZ, 301079.SZ, 603950.SH, 920493.BJ, 600103.SH, 300913.SZ, 002023.SZ, 688282.SH, 600855.SH, 002107.SZ, 920171.BJ, 920225.BJ, 920438.BJ
2026-05-04 18:00:20,265 [INFO] 未指定 --date，使用最近日期 2026-04-30
2026-05-04 18:01:14,522 [INFO] 
2026-05-04 18:01:14,523 [INFO] ============== 选股结果 [补票战法] ==============
2026-05-04 18:01:14,524 [INFO] 交易日: 2026-04-30
2026-05-04 18:01:14,524 [INFO] 符合条件股票数: 1
2026-05-04 18:01:14,524 [INFO] 301373.SZ
2026-05-04 18:01:36,960 [INFO] 
2026-05-04 18:01:36,960 [INFO] ============== 选股结果 [TePu战法] ==============
2026-05-04 18:01:36,962 [INFO] 交易日: 2026-04-30
2026-05-04 18:01:36,962 [INFO] 符合条件股票数: 4
2026-05-04 18:01:36,962 [INFO] 605098.SH, 300292.SZ, 000430.SZ, 300088.SZ
2026-05-04 18:02:02,794 [INFO] 
2026-05-04 18:02:02,794 [INFO] ============== 选股结果 [填坑战法] ==============
2026-05-04 18:02:02,794 [INFO] 交易日: 2026-04-30
2026-05-04 18:02:02,794 [INFO] 符合条件股票数: 16
2026-05-04 18:02:02,794 [INFO] 300522.SZ, 002802.SZ, 002824.SZ, 300058.SZ, 301079.SZ, 603950.SH, 920493.BJ, 600103.SH, 300913.SZ, 002023.SZ, 688282.SH, 600855.SH, 002107.SZ, 920171.BJ, 920225.BJ, 920438.BJ
2026-05-04 20:08:35,035 [INFO] 未指定 --date，使用最近日期 2026-04-30
2026-05-04 20:09:27,295 [INFO] 
2026-05-04 20:09:27,295 [INFO] ============== 选股结果 [补票战法] ==============
2026-05-04 20:09:27,296 [INFO] 交易日: 2026-04-30
2026-05-04 20:09:27,296 [INFO] 符合条件股票数: 1
2026-05-04 20:09:27,296 [INFO] 301373.SZ
2026-05-04 20:09:48,582 [INFO] 
2026-05-04 20:09:48,582 [INFO] ============== 选股结果 [TePu战法] ==============
2026-05-04 20:09:48,582 [INFO] 交易日: 2026-04-30
2026-05-04 20:09:48,582 [INFO] 符合条件股票数: 4
2026-05-04 20:09:48,582 [INFO] 605098.SH, 300292.SZ, 000430.SZ, 300088.SZ
2026-05-04 20:10:17,177 [INFO] 
2026-05-04 20:10:17,177 [INFO] ============== 选股结果 [填坑战法] ==============
2026-05-04 20:10:17,177 [INFO] 交易日: 2026-04-30
2026-05-04 20:10:17,177 [INFO] 符合条件股票数: 16
2026-05-04 20:10:17,177 [INFO] 300522.SZ, 002802.SZ, 002824.SZ, 300058.SZ, 301079.SZ, 603950.SH, 920493.BJ, 600103.SH, 300913.SZ, 002023.SZ, 688282.SH, 600855.SH, 002107.SZ, 920171.BJ, 920225.BJ, 920438.BJ
2026-05-04 20:11:01,671 [INFO] 未指定 --date，使用最近日期 2026-04-30
2026-05-04 20:11:56,060 [INFO] 
2026-05-04 20:11:56,060 [INFO] ============== 选股结果 [补票战法] ==============
2026-05-04 20:11:56,061 [INFO] 交易日: 2026-04-30
2026-05-04 20:11:56,061 [INFO] 符合条件股票数: 1
2026-05-04 20:11:56,061 [INFO] 301373.SZ
2026-05-04 20:12:18,721 [INFO] 
2026-05-04 20:12:18,721 [INFO] ============== 选股结果 [TePu战法] ==============
2026-05-04 20:12:18,721 [INFO] 交易日: 2026-04-30
2026-05-04 20:12:18,721 [INFO] 符合条件股票数: 4
2026-05-04 20:12:18,721 [INFO] 605098.SH, 300292.SZ, 000430.SZ, 300088.SZ
2026-05-04 20:12:46,435 [INFO] 
2026-05-04 20:12:46,435 [INFO] ============== 选股结果 [填坑战法] ==============
2026-05-04 20:12:46,435 [INFO] 交易日: 2026-04-30
2026-05-04 20:12:46,435 [INFO] 符合条件股票数: 16
2026-05-04 20:12:46,435 [INFO] 300522.SZ, 002802.SZ, 002824.SZ, 300058.SZ, 301079.SZ, 603950.SH, 920493.BJ, 600103.SH, 300913.SZ, 002023.SZ, 688282.SH, 600855.SH, 002107.SZ, 920171.BJ, 920225.BJ, 920438.BJ
2026-05-04 20:30:20,971 [INFO] 未指定 --date，使用最近日期 2026-04-30
2026-05-04 20:31:11,079 [INFO] 
2026-05-04 20:31:11,079 [INFO] ============== 选股结果 [补票战法] ==============
2026-05-04 20:31:11,079 [INFO] 交易日: 2026-04-30
2026-05-04 20:31:11,079 [INFO] 符合条件股票数: 1
2026-05-04 20:31:11,079 [INFO] 301373.SZ
2026-05-04 20:31:31,733 [INFO] 
2026-05-04 20:31:31,734 [INFO] ============== 选股结果 [TePu战法] ==============
2026-05-04 20:31:31,734 [INFO] 交易日: 2026-04-30
2026-05-04 20:31:31,734 [INFO] 符合条件股票数: 4
2026-05-04 20:31:31,734 [INFO] 605098.SH, 300292.SZ, 000430.SZ, 300088.SZ
2026-05-04 20:31:55,124 [INFO] 
2026-05-04 20:31:55,124 [INFO] ============== 选股结果 [填坑战法] ==============
2026-05-04 20:31:55,124 [INFO] 交易日: 2026-04-30
2026-05-04 20:31:55,124 [INFO] 符合条件股票数: 16
2026-05-04 20:31:55,124 [INFO] 300522.SZ, 002802.SZ, 002824.SZ, 300058.SZ, 301079.SZ, 603950.SH, 920493.BJ, 600103.SH, 300913.SZ, 002023.SZ, 688282.SH, 600855.SH, 002107.SZ, 920171.BJ, 920225.BJ, 920438.BJ
2026-05-05 19:50:03,873 [INFO] 未指定 --date，使用最近日期 2026-04-30
2026-05-05 19:50:56,272 [INFO] 
2026-05-05 19:50:56,272 [INFO] ============== 选股结果 [补票战法] ==============
2026-05-05 19:50:56,272 [INFO] 交易日: 2026-04-30
2026-05-05 19:50:56,272 [INFO] 符合条件股票数: 1
2026-05-05 19:50:56,273 [INFO] 301373.SZ
2026-05-05 19:51:17,287 [INFO] 
2026-05-05 19:51:17,287 [INFO] ============== 选股结果 [TePu战法] ==============
2026-05-05 19:51:17,287 [INFO] 交易日: 2026-04-30
2026-05-05 19:51:17,287 [INFO] 符合条件股票数: 4
2026-05-05 19:51:17,287 [INFO] 605098.SH, 300292.SZ, 000430.SZ, 300088.SZ
2026-05-05 19:51:41,942 [INFO] 
2026-05-05 19:51:41,943 [INFO] ============== 选股结果 [填坑战法] ==============
2026-05-05 19:51:41,943 [INFO] 交易日: 2026-04-30
2026-05-05 19:51:41,943 [INFO] 符合条件股票数: 16
2026-05-05 19:51:41,943 [INFO] 300522.SZ, 002802.SZ, 002824.SZ, 300058.SZ, 301079.SZ, 603950.SH, 920493.BJ, 600103.SH, 300913.SZ, 002023.SZ, 688282.SH, 600855.SH, 002107.SZ, 920171.BJ, 920225.BJ, 920438.BJ
2026-05-05 21:35:15,425 [INFO] 未指定 --date，使用最近日期 2026-04-30
2026-05-05 21:36:08,521 [INFO] 
2026-05-05 21:36:08,521 [INFO] ============== 选股结果 [补票战法] ==============
2026-05-05 21:36:08,521 [INFO] 交易日: 2026-04-30
2026-05-05 21:36:08,521 [INFO] 符合条件股票数: 1
2026-05-05 21:36:08,522 [INFO] 301373.SZ
2026-05-05 21:36:28,985 [INFO] 
2026-05-05 21:36:28,985 [INFO] ============== 选股结果 [TePu战法] ==============
2026-05-05 21:36:28,985 [INFO] 交易日: 2026-04-30
2026-05-05 21:36:28,985 [INFO] 符合条件股票数: 4
2026-05-05 21:36:28,985 [INFO] 605098.SH, 300292.SZ, 000430.SZ, 300088.SZ
2026-05-05 21:36:53,731 [INFO] 
2026-05-05 21:36:53,731 [INFO] ============== 选股结果 [填坑战法] ==============
2026-05-05 21:36:53,731 [INFO] 交易日: 2026-04-30
2026-05-05 21:36:53,731 [INFO] 符合条件股票数: 16
2026-05-05 21:36:53,731 [INFO] 300522.SZ, 002802.SZ, 002824.SZ, 300058.SZ, 301079.SZ, 603950.SH, 920493.BJ, 600103.SH, 300913.SZ, 002023.SZ, 688282.SH, 600855.SH, 002107.SZ, 920171.BJ, 920225.BJ, 920438.BJ
2026-05-05 21:39:42,477 [INFO] 未指定 --date，使用最近日期 2026-04-30
2026-05-05 21:40:34,359 [INFO] 
2026-05-05 21:40:34,359 [INFO] ============== 选股结果 [补票战法] ==============
2026-05-05 21:40:34,360 [INFO] 交易日: 2026-04-30
2026-05-05 21:40:34,360 [INFO] 符合条件股票数: 1
2026-05-05 21:40:34,360 [INFO] 301373.SZ
2026-05-05 21:40:57,129 [INFO] 
2026-05-05 21:40:57,129 [INFO] ============== 选股结果 [TePu战法] ==============
2026-05-05 21:40:57,130 [INFO] 交易日: 2026-04-30
2026-05-05 21:40:57,130 [INFO] 符合条件股票数: 4
2026-05-05 21:40:57,130 [INFO] 605098.SH, 300292.SZ, 000430.SZ, 300088.SZ
2026-05-05 21:41:22,491 [INFO] 
2026-05-05 21:41:22,492 [INFO] ============== 选股结果 [填坑战法] ==============
2026-05-05 21:41:22,492 [INFO] 交易日: 2026-04-30
2026-05-05 21:41:22,492 [INFO] 符合条件股票数: 16
2026-05-05 21:41:22,492 [INFO] 300522.SZ, 002802.SZ, 002824.SZ, 300058.SZ, 301079.SZ, 603950.SH, 920493.BJ, 600103.SH, 300913.SZ, 002023.SZ, 688282.SH, 600855.SH, 002107.SZ, 920171.BJ, 920225.BJ, 920438.BJ
2026-05-05 21:47:48,937 [INFO] 未指定 --date，使用最近日期 2026-04-30
2026-05-05 21:48:44,263 [INFO] 
2026-05-05 21:48:44,263 [INFO] ============== 选股结果 [补票战法] ==============
2026-05-05 21:48:44,263 [INFO] 交易日: 2026-04-30
2026-05-05 21:48:44,263 [INFO] 符合条件股票数: 1
2026-05-05 21:48:44,263 [INFO] 301373.SZ
2026-05-05 21:49:04,789 [INFO] 
2026-05-05 21:49:04,789 [INFO] ============== 选股结果 [TePu战法] ==============
2026-05-05 21:49:04,789 [INFO] 交易日: 2026-04-30
2026-05-05 21:49:04,789 [INFO] 符合条件股票数: 4
2026-05-05 21:49:04,789 [INFO] 605098.SH, 300292.SZ, 000430.SZ, 300088.SZ
2026-05-05 21:49:29,232 [INFO] 
2026-05-05 21:49:29,233 [INFO] ============== 选股结果 [填坑战法] ==============
2026-05-05 21:49:29,233 [INFO] 交易日: 2026-04-30
2026-05-05 21:49:29,233 [INFO] 符合条件股票数: 16
2026-05-05 21:49:29,233 [INFO] 300522.SZ, 002802.SZ, 002824.SZ, 300058.SZ, 301079.SZ, 603950.SH, 920493.BJ, 600103.SH, 300913.SZ, 002023.SZ, 688282.SH, 600855.SH, 002107.SZ, 920171.BJ, 920225.BJ, 920438.BJ
2026-05-05 21:56:05,499 [INFO] 未指定 --date，使用最近日期 2026-04-30
2026-05-05 21:57:04,849 [INFO] 
2026-05-05 21:57:04,867 [INFO] ============== 选股结果 [补票战法] ==============
2026-05-05 21:57:04,880 [INFO] 交易日: 2026-04-30
2026-05-05 21:57:04,881 [INFO] 符合条件股票数: 1
2026-05-05 21:57:04,883 [INFO] 301373.SZ
2026-05-05 21:57:25,838 [INFO] 
2026-05-05 21:57:25,839 [INFO] ============== 选股结果 [TePu战法] ==============
2026-05-05 21:57:25,839 [INFO] 交易日: 2026-04-30
2026-05-05 21:57:25,839 [INFO] 符合条件股票数: 4
2026-05-05 21:57:25,839 [INFO] 605098.SH, 300292.SZ, 000430.SZ, 300088.SZ
2026-05-05 21:57:50,743 [INFO] 
2026-05-05 21:57:50,743 [INFO] ============== 选股结果 [填坑战法] ==============
2026-05-05 21:57:50,743 [INFO] 交易日: 2026-04-30
2026-05-05 21:57:50,743 [INFO] 符合条件股票数: 16
2026-05-05 21:57:50,743 [INFO] 300522.SZ, 002802.SZ, 002824.SZ, 300058.SZ, 301079.SZ, 603950.SH, 920493.BJ, 600103.SH, 300913.SZ, 002023.SZ, 688282.SH, 600855.SH, 002107.SZ, 920171.BJ, 920225.BJ, 920438.BJ
2026-05-05 21:59:23,186 [INFO] 未指定 --date，使用最近日期 2026-04-30
2026-05-05 22:00:14,831 [INFO] 
2026-05-05 22:00:14,831 [INFO] ============== 选股结果 [补票战法] ==============
2026-05-05 22:00:14,831 [INFO] 交易日: 2026-04-30
2026-05-05 22:00:14,831 [INFO] 符合条件股票数: 1
2026-05-05 22:00:14,831 [INFO] 301373.SZ
2026-05-05 22:00:36,327 [INFO] 
2026-05-05 22:00:36,327 [INFO] ============== 选股结果 [TePu战法] ==============
2026-05-05 22:00:36,327 [INFO] 交易日: 2026-04-30
2026-05-05 22:00:36,327 [INFO] 符合条件股票数: 4
2026-05-05 22:00:36,328 [INFO] 605098.SH, 300292.SZ, 000430.SZ, 300088.SZ
2026-05-05 22:01:00,236 [INFO] 
2026-05-05 22:01:00,237 [INFO] ============== 选股结果 [填坑战法] ==============
2026-05-05 22:01:00,237 [INFO] 交易日: 2026-04-30
2026-05-05 22:01:00,237 [INFO] 符合条件股票数: 16
2026-05-05 22:01:00,237 [INFO] 300522.SZ, 002802.SZ, 002824.SZ, 300058.SZ, 301079.SZ, 603950.SH, 920493.BJ, 600103.SH, 300913.SZ, 002023.SZ, 688282.SH, 600855.SH, 002107.SZ, 920171.BJ, 920225.BJ, 920438.BJ
2026-05-05 22:06:21,504 [INFO] 未指定 --date，使用最近日期 2026-04-30
2026-05-05 22:07:25,637 [INFO] 
2026-05-05 22:07:25,642 [INFO] ============== 选股结果 [补票战法] ==============
2026-05-05 22:07:25,643 [INFO] 交易日: 2026-04-30
2026-05-05 22:07:25,643 [INFO] 符合条件股票数: 1
2026-05-05 22:07:25,643 [INFO] 301373.SZ
2026-05-05 22:07:46,417 [INFO] 
2026-05-05 22:07:46,417 [INFO] ============== 选股结果 [TePu战法] ==============
2026-05-05 22:07:46,417 [INFO] 交易日: 2026-04-30
2026-05-05 22:07:46,417 [INFO] 符合条件股票数: 4
2026-05-05 22:07:46,417 [INFO] 605098.SH, 300292.SZ, 000430.SZ, 300088.SZ
2026-05-05 22:08:11,318 [INFO] 
2026-05-05 22:08:11,319 [INFO] ============== 选股结果 [填坑战法] ==============
2026-05-05 22:08:11,319 [INFO] 交易日: 2026-04-30
2026-05-05 22:08:11,319 [INFO] 符合条件股票数: 16
2026-05-05 22:08:11,319 [INFO] 300522.SZ, 002802.SZ, 002824.SZ, 300058.SZ, 301079.SZ, 603950.SH, 920493.BJ, 600103.SH, 300913.SZ, 002023.SZ, 688282.SH, 600855.SH, 002107.SZ, 920171.BJ, 920225.BJ, 920438.BJ
2026-05-06 20:19:18,369 [INFO] 未指定 --date，使用最近日期 2026-05-06
2026-05-06 20:20:16,350 [INFO] 
2026-05-06 20:20:16,352 [INFO] ============== 选股结果 [补票战法] ==============
2026-05-06 20:20:16,352 [INFO] 交易日: 2026-05-06
2026-05-06 20:20:16,352 [INFO] 符合条件股票数: 3
2026-05-06 20:20:16,352 [INFO] 000565.SZ, 000809.SZ, 300853.SZ
2026-05-06 20:20:40,176 [INFO] 
2026-05-06 20:20:40,176 [INFO] ============== 选股结果 [TePu战法] ==============
2026-05-06 20:20:40,176 [INFO] 交易日: 2026-05-06
2026-05-06 20:20:40,176 [INFO] 符合条件股票数: 3
2026-05-06 20:20:40,176 [INFO] 605098.SH, 000430.SZ, 300012.SZ
2026-05-06 20:21:10,059 [INFO] 
2026-05-06 20:21:10,060 [INFO] ============== 选股结果 [填坑战法] ==============
2026-05-06 20:21:10,060 [INFO] 交易日: 2026-05-06
2026-05-06 20:21:10,060 [INFO] 符合条件股票数: 10
2026-05-06 20:21:10,060 [INFO] 920821.BJ, 300522.SZ, 002802.SZ, 002824.SZ, 002107.SZ, 002454.SZ, 920225.BJ, 301077.SZ, 603220.SH, 301068.SZ
2026-05-06 23:31:43,709 [INFO] 未指定 --date，使用最近日期 2026-05-06
2026-05-06 23:32:37,856 [INFO] 
2026-05-06 23:32:37,858 [INFO] ============== 选股结果 [补票战法] ==============
2026-05-06 23:32:37,858 [INFO] 交易日: 2026-05-06
2026-05-06 23:32:37,858 [INFO] 符合条件股票数: 3
2026-05-06 23:32:37,858 [INFO] 000565.SZ, 000809.SZ, 300853.SZ
2026-05-06 23:32:58,407 [INFO] 
2026-05-06 23:32:58,407 [INFO] ============== 选股结果 [TePu战法] ==============
2026-05-06 23:32:58,407 [INFO] 交易日: 2026-05-06
2026-05-06 23:32:58,407 [INFO] 符合条件股票数: 3
2026-05-06 23:32:58,407 [INFO] 605098.SH, 000430.SZ, 300012.SZ
2026-05-06 23:33:23,099 [INFO] 
2026-05-06 23:33:23,099 [INFO] ============== 选股结果 [填坑战法] ==============
2026-05-06 23:33:23,099 [INFO] 交易日: 2026-05-06
2026-05-06 23:33:23,099 [INFO] 符合条件股票数: 10
2026-05-06 23:33:23,099 [INFO] 920821.BJ, 300522.SZ, 002802.SZ, 002824.SZ, 002107.SZ, 002454.SZ, 920225.BJ, 301077.SZ, 603220.SH, 301068.SZ
2026-05-07 18:57:37,465 [INFO] 未指定 --date，使用最近日期 2026-05-07
2026-05-07 18:58:27,817 [INFO] 
2026-05-07 18:58:27,817 [INFO] ============== 选股结果 [补票战法] ==============
2026-05-07 18:58:27,818 [INFO] 交易日: 2026-05-07
2026-05-07 18:58:27,818 [INFO] 符合条件股票数: 2
2026-05-07 18:58:27,818 [INFO] 601777.SH, 002867.SZ
2026-05-07 18:58:48,120 [INFO] 
2026-05-07 18:58:48,120 [INFO] ============== 选股结果 [TePu战法] ==============
2026-05-07 18:58:48,120 [INFO] 交易日: 2026-05-07
2026-05-07 18:58:48,120 [INFO] 符合条件股票数: 1
2026-05-07 18:58:48,120 [INFO] 605098.SH
2026-05-07 18:59:11,343 [INFO] 
2026-05-07 18:59:11,343 [INFO] ============== 选股结果 [填坑战法] ==============
2026-05-07 18:59:11,343 [INFO] 交易日: 2026-05-07
2026-05-07 18:59:11,343 [INFO] 符合条件股票数: 4
2026-05-07 18:59:11,343 [INFO] 688511.SH, 601677.SH, 603655.SH, 002454.SZ
2026-05-07 21:04:43,077 [INFO] 未指定 --date，使用最近日期 2026-05-07
2026-05-07 21:04:58,588 [INFO] 
2026-05-07 21:04:58,591 [INFO] ============== 选股结果 [补票战法] ==============
2026-05-07 21:04:58,592 [INFO] 交易日: 2026-05-07
2026-05-07 21:04:58,592 [INFO] 符合条件股票数: 0
2026-05-07 21:04:58,593 [INFO] 无符合条件股票
2026-05-07 21:05:21,475 [INFO] 
2026-05-07 21:05:21,475 [INFO] ============== 选股结果 [TePu战法] ==============
2026-05-07 21:05:21,475 [INFO] 交易日: 2026-05-07
2026-05-07 21:05:21,475 [INFO] 符合条件股票数: 0
2026-05-07 21:05:21,475 [INFO] 无符合条件股票
2026-05-07 21:05:50,584 [INFO] 
2026-05-07 21:05:50,585 [INFO] ============== 选股结果 [填坑战法] ==============
2026-05-07 21:05:50,585 [INFO] 交易日: 2026-05-07
2026-05-07 21:05:50,586 [INFO] 符合条件股票数: 0
2026-05-07 21:05:50,586 [INFO] 无符合条件股票
2026-05-07 21:06:19,089 [INFO] 
2026-05-07 21:06:19,094 [INFO] ============== 选股结果 [大波浪战法] ==============
2026-05-07 21:06:19,094 [INFO] 交易日: 2026-05-07
2026-05-07 21:06:19,094 [INFO] 符合条件股票数: 0
2026-05-07 21:06:19,094 [INFO] 无符合条件股票
2026-05-07 21:17:22,833 [INFO] 未指定 --date，使用最近日期 2026-05-07
2026-05-07 21:17:42,182 [INFO] 
2026-05-07 21:17:42,182 [INFO] ============== 选股结果 [补票战法] ==============
2026-05-07 21:17:42,182 [INFO] 交易日: 2026-05-07
2026-05-07 21:17:42,182 [INFO] 符合条件股票数: 2
2026-05-07 21:17:42,183 [INFO] 601777.SH, 002867.SZ
2026-05-07 21:18:05,190 [INFO] 
2026-05-07 21:18:05,191 [INFO] ============== 选股结果 [TePu战法] ==============
2026-05-07 21:18:05,191 [INFO] 交易日: 2026-05-07
2026-05-07 21:18:05,191 [INFO] 符合条件股票数: 0
2026-05-07 21:18:05,191 [INFO] 无符合条件股票
2026-05-07 21:18:29,879 [INFO] 
2026-05-07 21:18:29,879 [INFO] ============== 选股结果 [填坑战法] ==============
2026-05-07 21:18:29,879 [INFO] 交易日: 2026-05-07
2026-05-07 21:18:29,879 [INFO] 符合条件股票数: 0
2026-05-07 21:18:29,879 [INFO] 无符合条件股票
2026-05-07 21:18:51,040 [INFO] 
2026-05-07 21:18:51,040 [INFO] ============== 选股结果 [大波浪战法] ==============
2026-05-07 21:18:51,040 [INFO] 交易日: 2026-05-07
2026-05-07 21:18:51,040 [INFO] 符合条件股票数: 0
2026-05-07 21:18:51,040 [INFO] 无符合条件股票

==================== 选股结果 [补票战法] ====================
交易日: 2026-05-07
符合条件股票数: 0
无符合条件股票


==================== 选股结果 [TePu战法] ====================
交易日: 2026-05-07
符合条件股票数: 1
股票代码: 605098.SH
  605098.SH


==================== 选股结果 [填坑战法] ====================
交易日: 2026-05-07
符合条件股票数: 1
股票代码: 688511.SH
  688511.SH


==================== 选股结果 [大波浪战法] ====================
交易日: 2026-05-07
符合条件股票数: 0
无符合条件股票


==================== 选股结果 [补票战法] ====================
交易日: 2026-05-07
符合条件股票数: 0
无符合条件股票


==================== 选股结果 [补票战法] ====================
交易日: 2026-05-07
符合条件股票数: 2
股票代码: 002867.SZ, 601777.SH
  002867.SZ
  601777.SH


==================== 选股结果 [补票战法] ====================
交易日: 2026-05-07
符合条件股票数: 2
股票代码: 002867.SZ, 601777.SH
  002867.SZ
  601777.SH


==================== 选股结果 [TePu战法] ====================
交易日: 2026-05-07
符合条件股票数: 1
股票代码: 605098.SH
  605098.SH


==================== 选股结果 [填坑战法] ====================
交易日: 2026-05-07
符合条件股票数: 4
股票代码: 002454.SZ, 601677.SH, 603655.SH, 688511.SH
  002454.SZ
  601677.SH
  603655.SH
  688511.SH


==================== 选股结果 [大波浪战法] ====================
交易日: 2026-05-07
符合条件股票数: 0
无符合条件股票


==================== 选股结果 [补票战法] ====================
交易日: 2026-05-07
符合条件股票数: 2
股票代码: 002867.SZ, 601777.SH
  002867.SZ
  601777.SH


==================== 选股结果 [补票战法] ====================
交易日: 2026-05-07
符合条件股票数: 2
股票代码: 002867.SZ, 601777.SH
  002867.SZ
  601777.SH


==================== 选股结果 [TePu战法] ====================
交易日: 2026-05-07
符合条件股票数: 1
股票代码: 605098.SH
  605098.SH


==================== 选股结果 [填坑战法] ====================
交易日: 2026-05-07
符合条件股票数: 4
股票代码: 002454.SZ, 601677.SH, 603655.SH, 688511.SH
  002454.SZ
  601677.SH
  603655.SH
  688511.SH


==================== 选股结果 [大波浪战法] ====================
交易日: 2026-05-07
符合条件股票数: 0
无符合条件股票


==================== 选股结果 [补票战法] ====================
交易日: 2026-05-07
符合条件股票数: 2
股票代码: 002867.SZ, 601777.SH
  002867.SZ
  601777.SH


==================== 选股结果 [TePu战法] ====================
交易日: 2026-05-07
符合条件股票数: 1
股票代码: 605098.SH
  605098.SH


==================== 选股结果 [填坑战法] ====================
交易日: 2026-05-07
符合条件股票数: 1
股票代码: 688511.SH
  688511.SH


==================== 选股结果 [大波浪战法] ====================
交易日: 2026-05-07
符合条件股票数: 0
无符合条件股票


==================== 选股结果 [填坑战法] ====================
交易日: 2026-05-07
符合条件股票数: 4
股票代码: 002454.SZ, 601677.SH, 603655.SH, 688511.SH
  002454.SZ
  601677.SH
  603655.SH
  688511.SH


==================== 选股结果 [补票战法] ====================
交易日: 2026-05-06
符合条件股票数: 3
股票代码: 000565.SZ, 000809.SZ, 300853.SZ
  000565.SZ
  000809.SZ
  300853.SZ


==================== 选股结果 [TePu战法] ====================
交易日: 2026-05-06
符合条件股票数: 3
股票代码: 000430.SZ, 300012.SZ, 605098.SH
  000430.SZ
  300012.SZ
  605098.SH


==================== 选股结果 [填坑战法] ====================
交易日: 2026-05-06
符合条件股票数: 10
股票代码: 002107.SZ, 002454.SZ, 002802.SZ, 002824.SZ, 300522.SZ, 301068.SZ, 301077.SZ, 603220.SH, 920225.BJ, 920821.BJ
  002107.SZ
  002454.SZ
  002802.SZ
  002824.SZ
  300522.SZ
  301068.SZ
  301077.SZ
  603220.SH
  920225.BJ
  920821.BJ


==================== 选股结果 [大波浪战法] ====================
交易日: 2026-05-06
符合条件股票数: 0
无符合条件股票


==================== 选股结果 [补票战法] ====================
交易日: 2026-05-07
符合条件股票数: 2
股票代码: 002867.SZ, 601777.SH
  002867.SZ
  601777.SH


==================== 选股结果 [TePu战法] ====================
交易日: 2026-05-07
符合条件股票数: 1
股票代码: 605098.SH
  605098.SH


==================== 选股结果 [填坑战法] ====================
交易日: 2026-05-07
符合条件股票数: 4
股票代码: 002454.SZ, 601677.SH, 603655.SH, 688511.SH
  002454.SZ
  601677.SH
  603655.SH
  688511.SH


==================== 选股结果 [大波浪战法] ====================
交易日: 2026-05-07
符合条件股票数: 0
无符合条件股票


==================== 选股结果 [补票战法] ====================
交易日: 2026-05-07
符合条件股票数: 2
股票代码: 002867.SZ, 601777.SH
  002867.SZ
  601777.SH


==================== 选股结果 [TePu战法] ====================
交易日: 2026-05-07
符合条件股票数: 1
股票代码: 605098.SH
  605098.SH


==================== 选股结果 [填坑战法] ====================
交易日: 2026-05-07
符合条件股票数: 4
股票代码: 002454.SZ, 601677.SH, 603655.SH, 688511.SH
  002454.SZ
  601677.SH
  603655.SH
  688511.SH


==================== 选股结果 [补票战法] ====================
交易日: 2026-05-07
符合条件股票数: 2
股票代码: 002867.SZ, 601777.SH
  002867.SZ
  601777.SH


==================== 选股结果 [TePu战法] ====================
交易日: 2026-05-07
符合条件股票数: 1
股票代码: 605098.SH
  605098.SH


==================== 选股结果 [大波浪战法] ====================
交易日: 2026-05-07
符合条件股票数: 0
无符合条件股票


==================== 选股结果 [填坑战法] ====================
交易日: 2026-05-07
符合条件股票数: 4
股票代码: 002454.SZ, 601677.SH, 603655.SH, 688511.SH
  002454.SZ
  601677.SH
  603655.SH
  688511.SH


==================== 选股结果 [大波浪战法] ====================
交易日: 2026-05-07
符合条件股票数: 0
无符合条件股票


==================== 选股结果 [补票战法] ====================
交易日: 2026-05-07
符合条件股票数: 2
股票代码: 002867.SZ, 601777.SH
  002867.SZ
  601777.SH


==================== 选股结果 [补票战法] ====================
交易日: 2026-05-07
符合条件股票数: 2
股票代码: 002867.SZ, 601777.SH
  002867.SZ
  601777.SH


==================== 选股结果 [大波浪战法] ====================
交易日: 2026-05-07
符合条件股票数: 0
无符合条件股票


==================== 选股结果 [大波浪战法] ====================
交易日: 2026-05-07
符合条件股票数: 0
无符合条件股票


==================== 选股结果 [大波浪战法] ====================
交易日: 2026-05-07
符合条件股票数: 0
无符合条件股票


==================== 选股结果 [大波浪战法] ====================
交易日: 2026-05-07
符合条件股票数: 1
股票代码: 301373.SZ
  301373.SZ


==================== 选股结果 [补票战法] ====================
交易日: 2026-05-07
符合条件股票数: 0
无符合条件股票


==================== 选股结果 [TePu战法] ====================
交易日: 2026-05-07
符合条件股票数: 0
无符合条件股票


==================== 选股结果 [填坑战法] ====================
交易日: 2026-05-07
符合条件股票数: 0
无符合条件股票


==================== 选股结果 [大波浪战法] ====================
交易日: 2026-05-07
符合条件股票数: 1
股票代码: 301373.SZ
  301373.SZ


==================== 选股结果 [大波浪战法] ====================
交易日: 2026-05-07
符合条件股票数: 20
股票代码: 000990.SZ, 002560.SZ, 002980.SZ, 003036.SZ, 300209.SZ, 301222.SZ, 301373.SZ, 600152.SH, 600433.SH, 600773.SH, 601778.SH, 603165.SH, 603538.SH, 603659.SH, 603738.SH, 605222.SH, 688069.SH, 688268.SH, 688485.SH, 688628.SH
  000990.SZ
  002560.SZ
  002980.SZ
  003036.SZ
  300209.SZ
  301222.SZ
  301373.SZ
  600152.SH
  600433.SH
  600773.SH
  601778.SH
  603165.SH
  603538.SH
  603659.SH
  603738.SH
  605222.SH
  688069.SH
  688268.SH
  688485.SH
  688628.SH


==================== 选股结果 [补票战法] ====================
交易日: 2026-05-07
符合条件股票数: 2
股票代码: 002867.SZ, 601777.SH
  002867.SZ
  601777.SH


==================== 选股结果 [TePu战法] ====================
交易日: 2026-05-07
符合条件股票数: 1
股票代码: 605098.SH
  605098.SH


==================== 选股结果 [填坑战法] ====================
交易日: 2026-05-07
符合条件股票数: 4
股票代码: 002454.SZ, 601677.SH, 603655.SH, 688511.SH
  002454.SZ
  601677.SH
  603655.SH
  688511.SH


==================== 选股结果 [大波浪战法] ====================
交易日: 2026-05-07
符合条件股票数: 20
股票代码: 000990.SZ, 002560.SZ, 002980.SZ, 003036.SZ, 300209.SZ, 301222.SZ, 301373.SZ, 600152.SH, 600433.SH, 600773.SH, 601778.SH, 603165.SH, 603538.SH, 603659.SH, 603738.SH, 605222.SH, 688069.SH, 688268.SH, 688485.SH, 688628.SH
  000990.SZ
  002560.SZ
  002980.SZ
  003036.SZ
  300209.SZ
  301222.SZ
  301373.SZ
  600152.SH
  600433.SH
  600773.SH
  601778.SH
  603165.SH
  603538.SH
  603659.SH
  603738.SH
  605222.SH
  688069.SH
  688268.SH
  688485.SH
  688628.SH


==================== 选股结果 [大波浪战法] ====================
交易日: 2025-07-04
符合条件股票数: 0
无符合条件股票


==================== 选股结果 [大波浪战法] ====================
交易日: 2025-07-04
符合条件股票数: 0
无符合条件股票


==================== 选股结果 [大波浪战法] ====================
交易日: 2026-05-07
符合条件股票数: 85
股票代码: 000155.SZ, 000967.SZ, 000990.SZ, 002135.SZ, 002281.SZ, 002384.SZ, 002428.SZ, 002491.SZ, 002560.SZ, 002620.SZ, 002638.SZ, 002733.SZ, 002831.SZ, 002859.SZ, 002866.SZ, 002903.SZ, 002980.SZ, 003036.SZ, 300054.SZ, 300137.SZ, 300209.SZ, 300693.SZ, 300868.SZ, 300936.SZ, 300970.SZ, 300975.SZ, 301003.SZ, 301070.SZ, 301081.SZ, 301128.SZ, 301150.SZ, 301157.SZ, 301186.SZ, 301197.SZ, 301216.SZ, 301222.SZ, 301362.SZ, 301373.SZ, 600110.SH, 600152.SH, 600176.SH, 600233.SH, 600236.SH, 600433.SH, 600773.SH, 600777.SH, 600791.SH, 601778.SH, 603002.SH, 603115.SH, 603139.SH, 603158.SH, 603165.SH, 603220.SH, 603507.SH, 603538.SH, 603659.SH, 603687.SH, 603701.SH, 603738.SH, 603803.SH, 603897.SH, 605006.SH, 605058.SH, 605117.SH, 605222.SH, 605366.SH, 688025.SH, 688069.SH, 688170.SH, 688268.SH, 688307.SH, 688309.SH, 688312.SH, 688337.SH, 688372.SH, 688450.SH, 688485.SH, 688530.SH, 688628.SH, 688629.SH, 688667.SH, 688693.SH, 688700.SH, 688702.SH
  000155.SZ
  000967.SZ
  000990.SZ
  002135.SZ
  002281.SZ
  002384.SZ
  002428.SZ
  002491.SZ
  002560.SZ
  002620.SZ
  002638.SZ
  002733.SZ
  002831.SZ
  002859.SZ
  002866.SZ
  002903.SZ
  002980.SZ
  003036.SZ
  300054.SZ
  300137.SZ
  300209.SZ
  300693.SZ
  300868.SZ
  300936.SZ
  300970.SZ
  300975.SZ
  301003.SZ
  301070.SZ
  301081.SZ
  301128.SZ
  301150.SZ
  301157.SZ
  301186.SZ
  301197.SZ
  301216.SZ
  301222.SZ
  301362.SZ
  301373.SZ
  600110.SH
  600152.SH
  600176.SH
  600233.SH
  600236.SH
  600433.SH
  600773.SH
  600777.SH
  600791.SH
  601778.SH
  603002.SH
  603115.SH
  603139.SH
  603158.SH
  603165.SH
  603220.SH
  603507.SH
  603538.SH
  603659.SH
  603687.SH
  603701.SH
  603738.SH
  603803.SH
  603897.SH
  605006.SH
  605058.SH
  605117.SH
  605222.SH
  605366.SH
  688025.SH
  688069.SH
  688170.SH
  688268.SH
  688307.SH
  688309.SH
  688312.SH
  688337.SH
  688372.SH
  688450.SH
  688485.SH
  688530.SH
  688628.SH
  688629.SH
  688667.SH
  688693.SH
  688700.SH
  688702.SH


==================== 选股结果 [大波浪战法] ====================
交易日: 2026-05-07
符合条件股票数: 21
股票代码: 000155.SZ, 000967.SZ, 002281.SZ, 002384.SZ, 002428.SZ, 002491.SZ, 002859.SZ, 300054.SZ, 600176.SH, 600233.SH, 600236.SH, 600773.SH, 600777.SH, 601778.SH, 603659.SH, 605117.SH, 688025.SH, 688268.SH, 688372.SH, 688629.SH, 688702.SH
  000155.SZ
  000967.SZ
  002281.SZ
  002384.SZ
  002428.SZ
  002491.SZ
  002859.SZ
  300054.SZ
  600176.SH
  600233.SH
  600236.SH
  600773.SH
  600777.SH
  601778.SH
  603659.SH
  605117.SH
  688025.SH
  688268.SH
  688372.SH
  688629.SH
  688702.SH


==================== 选股结果 [补票战法] ====================
交易日: 2026-05-07
符合条件股票数: 2
股票代码: 002867.SZ, 601777.SH
  002867.SZ
  601777.SH


==================== 选股结果 [TePu战法] ====================
交易日: 2026-05-07
符合条件股票数: 1
股票代码: 605098.SH
  605098.SH


==================== 选股结果 [填坑战法] ====================
交易日: 2026-05-07
符合条件股票数: 4
股票代码: 002454.SZ, 601677.SH, 603655.SH, 688511.SH
  002454.SZ
  601677.SH
  603655.SH
  688511.SH


============================================ 选股结果 [补票战法] ====================
交易日: 2026-05-08
符合条件股票数: 5
股票代码: 000955.SZ, 001209.SZ, 001231.SZ, 002381.SZ, 600319.SH
  000955.SZ
  001209.SZ
  001231.SZ
  002381.SZ
  600319.SH


==================== 选股结果 [TePu战法] ====================
交易日: 2026-05-08
符合条件股票数: 2
股票代码: 601997.SH, 605098.SH
  601997.SH
  605098.SH


==================== 选股结果 [填坑战法] ====================
交易日: 2026-05-08
符合条件股票数: 5
股票代码: 002454.SZ, 300858.SZ, 301667.SZ, 601677.SH, 603655.SH
  002454.SZ
  300858.SZ
  301667.SZ
  601677.SH
  603655.SH


==================== 选股结果 [大波浪战法] ====================
交易日: 2026-05-08
符合条件股票数: 22
股票代码: 000155.SZ, 000967.SZ, 002281.SZ, 002384.SZ, 002491.SZ, 002831.SZ, 300054.SZ, 300857.SZ, 600176.SH, 600233.SH, 600236.SH, 600522.SH, 600773.SH, 600777.SH, 601778.SH, 603659.SH, 603688.SH, 605117.SH, 688025.SH, 688525.SH, 688629.SH, 688702.SH
  000155.SZ
  000967.SZ
  002281.SZ
  002384.SZ
  002491.SZ
  002831.SZ
  300054.SZ
  300857.SZ
  600176.SH
  600233.SH
  600236.SH
  600522.SH
  600773.SH
  600777.SH
  601778.SH
  603659.SH
  603688.SH
  605117.SH
  688025.SH
  688525.SH
  688629.SH
  688702.SH


========================== 选股结果 [大波浪战法] ====================
交易日: 2026-05-08
符合条件股票数: 22
股票代码: 000155.SZ, 000967.SZ, 002281.SZ, 002384.SZ, 002491.SZ, 002831.SZ, 300054.SZ, 300857.SZ, 600176.SH, 600233.SH, 600236.SH, 600522.SH, 600773.SH, 600777.SH, 601778.SH, 603659.SH, 603688.SH, 605117.SH, 688025.SH, 688525.SH, 688629.SH, 688702.SH
  000155.SZ
  000967.SZ
  002281.SZ
  002384.SZ
  002491.SZ
  002831.SZ
  300054.SZ
  300857.SZ
  600176.SH
  600233.SH
  600236.SH
  600522.SH
  600773.SH
  600777.SH
  601778.SH
  603659.SH
  603688.SH
  605117.SH
  688025.SH
  688525.SH
  688629.SH
  688702.SH


==================== 选股结果 [补票战法] ====================
交易日: 2026-05-08
符合条件股票数: 5
股票代码: 000955.SZ, 001209.SZ, 001231.SZ, 002381.SZ, 600319.SH
  000955.SZ
  001209.SZ
  001231.SZ
  002381.SZ
  600319.SH


==================== 选股结果 [TePu战法] ====================
交易日: 2026-05-08
符合条件股票数: 2
股票代码: 601997.SH, 605098.SH
  601997.SH
  605098.SH


==================== 选股结果 [填坑战法] ====================
交易日: 2026-05-08
符合条件股票数: 5
股票代码: 002454.SZ, 300858.SZ, 301667.SZ, 601677.SH, 603655.SH
  002454.SZ
  300858.SZ
  301667.SZ
  601677.SH
  603655.SH


==================== 选股结果 [大波浪战法] ====================
交易日: 2026-05-08
符合条件股票数: 22
股票代码: 000155.SZ, 000967.SZ, 002281.SZ, 002384.SZ, 002491.SZ, 002831.SZ, 300054.SZ, 300857.SZ, 600176.SH, 600233.SH, 600236.SH, 600522.SH, 600773.SH, 600777.SH, 601778.SH, 603659.SH, 603688.SH, 605117.SH, 688025.SH, 688525.SH, 688629.SH, 688702.SH
  000155.SZ
  000967.SZ
  002281.SZ
  002384.SZ
  002491.SZ
  002831.SZ
  300054.SZ
  300857.SZ
  600176.SH
  600233.SH
  600236.SH
  600522.SH
  600773.SH
  600777.SH
  601778.SH
  603659.SH
  603688.SH
  605117.SH
  688025.SH
  688525.SH
  688629.SH
  688702.SH


==================
==================== 选股结果 [补票战法] ====================
交易日: 2026-05-08
符合条件股票数: 5
股票代码: 000955.SZ, 001209.SZ, 001231.SZ, 002381.SZ, 600319.SH
  000955.SZ
  001209.SZ
  001231.SZ
  002381.SZ
  600319.SH


==================== 选股结果 [TePu战法] ====================
交易日: 2026-05-08
符合条件股票数: 2
股票代码: 601997.SH, 605098.SH
  601997.SH
  605098.SH


==================== 选股结果 [填坑战法] ====================
交易日: 2026-05-08
符合条件股票数: 5
股票代码: 002454.SZ, 300858.SZ, 301667.SZ, 601677.SH, 603655.SH
  002454.SZ
  300858.SZ
  301667.SZ
  601677.SH
  603655.SH


==================== 选股结果 [大波浪战法] ====================
交易日: 2026-05-08
符合条件股票数: 22
股票代码: 000155.SZ, 000967.SZ, 002281.SZ, 002384.SZ, 002491.SZ, 002831.SZ, 300054.SZ, 300857.SZ, 600176.SH, 600233.SH, 600236.SH, 600522.SH, 600773.SH, 600777.SH, 601778.SH, 603659.SH, 603688.SH, 605117.SH, 688025.SH, 688525.SH, 688629.SH, 688702.SH
  000155.SZ
  000967.SZ
  002281.SZ
  002384.SZ
  002491.SZ
  002831.SZ
  300054.SZ
  300857.SZ
  600176.SH
  600233.SH
  600236.SH
  600522.SH
  600773.SH
  600777.SH
  601778.SH
  603659.SH
  603688.SH
  605117.SH
  688025.SH
  688525.SH
  688629.SH
  688702.SH


==================== 选股结果 [补票战法] ====================
交易日: 2026-05-08
符合条件股票数: 5
股票代码: 000955.SZ, 001209.SZ, 001231.SZ, 002381.SZ, 600319.SH
  000955.SZ
  001209.SZ
  001231.SZ
  002381.SZ
  600319.SH


==================== 选股结果 [TePu战法] ====================
交易日: 2026-05-08
符合条件股票数: 2
股票代码: 601997.SH, 605098.SH
  601997.SH
  605098.SH


==================== 选股结果 [填坑战法] ====================
交易日: 2026-05-08
符合条件股票数: 5
股票代码: 002454.SZ, 300858.SZ, 301667.SZ, 601677.SH, 603655.SH
  002454.SZ
  300858.SZ
  301667.SZ
  601677.SH
  603655.SH


==================== 选股结果 [大波浪战法] ====================
交易日: 2026-05-08
符合条件股票数: 22
股票代码: 000155.SZ, 000967.SZ, 002281.SZ, 002384.SZ, 002491.SZ, 002831.SZ, 300054.SZ, 300857.SZ, 600176.SH, 600233.SH, 600236.SH, 600522.SH, 600773.SH, 600777.SH, 601778.SH, 603659.SH, 603688.SH, 605117.SH, 688025.SH, 688525.SH, 688629.SH, 688702.SH
  000155.SZ
  000967.SZ
  002281.SZ
  002384.SZ
  002491.SZ
  002831.SZ
  300054.SZ
  300857.SZ
  600176.SH
  600233.SH
  600236.SH
  600522.SH
  600773.SH
  600777.SH
  601778.SH
  603659.SH
  603688.SH
  605117.SH
  688025.SH
  688525.SH
  688629.SH
  688702.SH


==================== 选股结果 [补票战法] ====================
交易日: 2026-05-08
符合条件股票数: 5
股票代码: 000955.SZ, 001209.SZ, 001231.SZ, 002381.SZ, 600319.SH
  000955.SZ
  001209.SZ
  001231.SZ
  002381.SZ
  600319.SH


==================== 选股结果 [TePu战法] ====================
交易日: 2026-05-08
符合条件股票数: 2
股票代码: 601997.SH, 605098.SH
  601997.SH
  605098.SH


==================== 选股结果 [填坑战法] ====================
交易日: 2026-05-08
符合条件股票数: 5
股票代码: 002454.SZ, 300858.SZ, 301667.SZ, 601677.SH, 603655.SH
  002454.SZ
  300858.SZ
  301667.SZ
  601677.SH
  603655.SH


==================== 选股结果 [大波浪战法] ====================
交易日: 2026-05-08
符合条件股票数: 22
股票代码: 000155.SZ, 000967.SZ, 002281.SZ, 002384.SZ, 002491.SZ, 002831.SZ, 300054.SZ, 300857.SZ, 600176.SH, 600233.SH, 600236.SH, 600522.SH, 600773.SH, 600777.SH, 601778.SH, 603659.SH, 603688.SH, 605117.SH, 688025.SH, 688525.SH, 688629.SH, 688702.SH
  000155.SZ
  000967.SZ
  002281.SZ
  002384.SZ
  002491.SZ
  002831.SZ
  300054.SZ
  300857.SZ
  600176.SH
  600233.SH
  600236.SH
  600522.SH
  600773.SH
  600777.SH
  601778.SH
  603659.SH
  603688.SH
  605117.SH
  688025.SH
  688525.SH
  688629.SH
  688702.SH


==================== 选股结果 [补票战法] ====================
交易日: 2026-05-08
符合条件股票数: 5
股票代码: 000955.SZ, 001209.SZ, 001231.SZ, 002381.SZ, 600319.SH
  000955.SZ
  001209.SZ
  001231.SZ
  002381.SZ
  600319.SH


==================== 选股结果 [TePu战法] ====================
交易日: 2026-05-08
符合条件股票数: 2
股票代码: 601997.SH, 605098.SH
  601997.SH
  605098.SH


==================== 选股结果 [填坑战法] ====================
交易日: 2026-05-08
符合条件股票数: 5
股票代码: 002454.SZ, 300858.SZ, 301667.SZ, 601677.SH, 603655.SH
  002454.SZ
  300858.SZ
  301667.SZ
  601677.SH
  603655.SH


==================== 选股结果 [大波浪战法] ====================
交易日: 2026-05-08
符合条件股票数: 22
股票代码: 000155.SZ, 000967.SZ, 002281.SZ, 002384.SZ, 002491.SZ, 002831.SZ, 300054.SZ, 300857.SZ, 600176.SH, 600233.SH, 600236.SH, 600522.SH, 600773.SH, 600777.SH, 601778.SH, 603659.SH, 603688.SH, 605117.SH, 688025.SH, 688525.SH, 688629.SH, 688702.SH
  000155.SZ
  000967.SZ
  002281.SZ
  002384.SZ
  002491.SZ
  002831.SZ
  300054.SZ
  300857.SZ
  600176.SH
  600233.SH
  600236.SH
  600522.SH
  600773.SH
  600777.SH
  601778.SH
  603659.SH
  603688.SH
  605117.SH
  688025.SH
  688525.SH
  688629.SH
  688702.SH


==================== 选股结果 [补票战法] ====================
交易日: 2026-05-08
符合条件股票数: 5
股票代码: 000955.SZ, 001209.SZ, 001231.SZ, 002381.SZ, 600319.SH
  000955.SZ
  001209.SZ
  001231.SZ
  002381.SZ
  600319.SH


==================== 选股结果 [TePu战法] ====================
交易日: 2026-05-08
符合条件股票数: 2
股票代码: 601997.SH, 605098.SH
  601997.SH
  605098.SH


==================== 选股结果 [填坑战法] ====================
交易日: 2026-05-08
符合条件股票数: 5
股票代码: 002454.SZ, 300858.SZ, 301667.SZ, 601677.SH, 603655.SH
  002454.SZ
  300858.SZ
  301667.SZ
  601677.SH
  603655.SH


==================== 选股结果 [大波浪战法] ====================
交易日: 2026-05-08
符合条件股票数: 22
股票代码: 000155.SZ, 000967.SZ, 002281.SZ, 002384.SZ, 002491.SZ, 002831.SZ, 300054.SZ, 300857.SZ, 600176.SH, 600233.SH, 600236.SH, 600522.SH, 600773.SH, 600777.SH, 601778.SH, 603659.SH, 603688.SH, 605117.SH, 688025.SH, 688525.SH, 688629.SH, 688702.SH
  000155.SZ
  000967.SZ
  002281.SZ
  002384.SZ
  002491.SZ
  002831.SZ
  300054.SZ
  300857.SZ
  600176.SH
  600233.SH
  600236.SH
  600522.SH
  600773.SH
  600777.SH
  601778.SH
  603659.SH
  603688.SH
  605117.SH
  688025.SH
  688525.SH
  688629.SH
  688702.SH


==================== 选股结果 [补票战法] ====================
交易日: 2026-05-08
符合条件股票数: 5
股票代码: 000955.SZ, 001209.SZ, 001231.SZ, 002381.SZ, 600319.SH
  000955.SZ
  001209.SZ
  001231.SZ
  002381.SZ
  600319.SH


==================== 选股结果 [补票战法] ====================
交易日: 2026-05-08
符合条件股票数: 5
股票代码: 000955.SZ, 001209.SZ, 001231.SZ, 002381.SZ, 600319.SH
  000955.SZ
  001209.SZ
  001231.SZ
  002381.SZ
  600319.SH


==================== 选股结果 [TePu战法] ====================
交易日: 2026-05-08
符合条件股票数: 2
股票代码: 601997.SH, 605098.SH
  601997.SH
  605098.SH


==================== 选股结果 [填坑战法] ====================
交易日: 2026-05-08
符合条件股票数: 5
股票代码: 002454.SZ, 300858.SZ, 301667.SZ, 601677.SH, 603655.SH
  002454.SZ
  300858.SZ
  301667.SZ
  601677.SH
  603655.SH


==================== 选股结果 [大波浪战法] ====================
交易日: 2026-05-08
符合条件股票数: 22
股票代码: 000155.SZ, 000967.SZ, 002281.SZ, 002384.SZ, 002491.SZ, 002831.SZ, 300054.SZ, 300857.SZ, 600176.SH, 600233.SH, 600236.SH, 600522.SH, 600773.SH, 600777.SH, 601778.SH, 603659.SH, 603688.SH, 605117.SH, 688025.SH, 688525.SH, 688629.SH, 688702.SH
  000155.SZ
  000967.SZ
  002281.SZ
  002384.SZ
  002491.SZ
  002831.SZ
  300054.SZ
  300857.SZ
  600176.SH
  600233.SH
  600236.SH
  600522.SH
  600773.SH
  600777.SH
  601778.SH
  603659.SH
  603688.SH
  605117.SH
  688025.SH
  688525.SH
  688629.SH
  688702.SH

